Log file open, 09/12/17 11:34:56
LogWindows: LoadLibraryWithSearchPaths failed for file aqProf.dll. GetLastError=0
LogWindows: LoadLibraryWithSearchPaths failed for file VtuneApi.dll. GetLastError=0
LogWindows: LoadLibraryWithSearchPaths failed for file VtuneApi32e.dll. GetLastError=0
LogInit: Display: Running engine for game: CombatGame
LogPlatformFile: Not using cached read wrapper
LogInit: Display: RandInit(-2059295328) SRandInit(-2059295328).
LogTaskGraph: Started task graph with 5 named threads and 14 total threads with 3 sets of task threads.
LogStats: Stats thread started at 0.171415
LogD3D11RHI: Aftermath initialized
LogPluginManager: Mounting plugin Paper2D
LogPluginManager: Mounting plugin LightPropagationVolume
LogPluginManager: Mounting plugin CodeLiteSourceCodeAccess
LogPluginManager: Mounting plugin GitSourceControl
LogPluginManager: Mounting plugin KDevelopSourceCodeAccess
LogPluginManager: Mounting plugin NullSourceCodeAccess
LogPluginManager: Mounting plugin PerforceSourceControl
LogPluginManager: Mounting plugin SubversionSourceControl
LogPluginManager: Mounting plugin UObjectPlugin
LogPluginManager: Mounting plugin VisualStudioSourceCodeAccess
LogPluginManager: Mounting plugin XCodeSourceCodeAccess
LogPluginManager: Mounting plugin AssetManagerEditor
LogPluginManager: Mounting plugin AudioCapture
LogPluginManager: Mounting plugin FacialAnimation
LogPluginManager: Mounting plugin GameplayTagsEditor
LogPluginManager: Mounting plugin MobileLauncherProfileWizard
LogPluginManager: Mounting plugin PluginBrowser
LogPluginManager: Mounting plugin SpeedTreeImporter
LogPluginManager: Mounting plugin AlembicImporter
LogPluginManager: Mounting plugin CharacterAI
LogPluginManager: Mounting plugin HTML5Networking
LogPluginManager: Mounting plugin AndroidMedia
LogPluginManager: Mounting plugin AvfMedia
LogPluginManager: Mounting plugin MediaPlayerEditor
LogPluginManager: Mounting plugin WmfMedia
LogPluginManager: Mounting plugin TcpMessaging
LogPluginManager: Mounting plugin UdpMessaging
LogPluginManager: Mounting plugin LevelSequenceEditor
LogPluginManager: Mounting plugin MatineeToLevelSequence
LogPluginManager: Mounting plugin OnlineSubsystemGooglePlay
LogPluginManager: Mounting plugin OnlineSubsystemIOS
LogPluginManager: Mounting plugin OnlineSubsystem
LogPluginManager: Mounting plugin OnlineSubsystemNull
LogPluginManager: Mounting plugin OnlineSubsystemUtils
LogPluginManager: Mounting plugin AndroidDeviceProfileSelector
LogPluginManager: Mounting plugin AndroidMoviePlayer
LogPluginManager: Mounting plugin AndroidPermission
LogPluginManager: Mounting plugin AppleMoviePlayer
LogPluginManager: Mounting plugin ArchVisCharacter
LogPluginManager: Mounting plugin CableComponent
LogPluginManager: Mounting plugin CustomMeshComponent
LogPluginManager: Mounting plugin ExampleDeviceProfileSelector
LogPluginManager: Mounting plugin GoogleCloudMessaging
LogPluginManager: Mounting plugin ImmediatePhysics
LogPluginManager: Mounting plugin IOSDeviceProfileSelector
LogPluginManager: Mounting plugin LinuxDeviceProfileSelector
LogPluginManager: Mounting plugin LocationServicesBPLibrary
LogPluginManager: Mounting plugin MobilePatchingUtils
LogPluginManager: Mounting plugin OculusVR
LogPluginManager: Mounting plugin PhysXVehicles
LogPluginManager: Mounting plugin ProceduralMeshComponent
LogPluginManager: Mounting plugin RuntimePhysXCooking
LogPluginManager: Mounting plugin SteamVR
LogPluginManager: Mounting plugin WindowsMoviePlayer
LogInit: Using libcurl 7.47.1
LogInit:  - built for x86_64-pc-win32
LogInit:  - supports SSL with OpenSSL/1.0.2g
LogInit:  - supports HTTP deflate (compression) using libz 1.2.8
LogInit:  - other features:
LogInit:      CURL_VERSION_SSL
LogInit:      CURL_VERSION_LIBZ
LogInit:      CURL_VERSION_IPV6
LogInit:      CURL_VERSION_ASYNCHDNS
LogInit:      CURL_VERSION_LARGEFILE
LogInit:      CURL_VERSION_IDN
LogInit:  CurlRequestOptions (configurable via config and command line):
LogInit:  - bVerifyPeer = false  - Libcurl will NOT verify peer certificate
LogInit:  - bUseHttpProxy = true  - Libcurl will use HTTP proxy
LogInit:  - HttpProxyAddress = '127.0.0.1:61187'
LogInit:  - bDontReuseConnections = false  - Libcurl will reuse connections
LogInit:  - CertBundlePath = nullptr  - Libcurl will use whatever was configured at build time.
LogInit: Build: ++UE4+Release-4.17-CL-3586342
LogInit: Engine Version: 4.17.1-3586342+++UE4+Release-4.17
LogInit: Compatible Engine Version: 4.17.0-3573198+++UE4+Release-4.17
LogInit: Net CL: 3573198
LogDevObjectVersion: Number of dev versions registered: 16
LogDevObjectVersion:   Dev-Blueprints (B0D832E4-1F89-4F0D-ACCF-7EB736FD4AA2): 10
LogDevObjectVersion:   Dev-Build (E1C64328-A22C-4D53-A36C-8E866417BD8C): 0
LogDevObjectVersion:   Dev-Core (375EC13C-06E4-48FB-B500-84F0262A717E): 2
LogDevObjectVersion:   Dev-Editor (E4B068ED-F494-42E9-A231-DA0B2E46BB41): 20
LogDevObjectVersion:   Dev-Framework (CFFC743F-43B0-4480-9391-14DF171D2073): 28
LogDevObjectVersion:   Dev-Mobile (B02B49B5-BB20-44E9-A304-32B752E40360): 0
LogDevObjectVersion:   Dev-Networking (A4E4105C-59A1-49B5-A7C5-40C4547EDFEE): 0
LogDevObjectVersion:   Dev-Online (39C831C9-5AE6-47DC-9A44-9C173E1C8E7C): 0
LogDevObjectVersion:   Dev-Physics (78F01B33-EBEA-4F98-B9B4-84EACCB95AA2): 0
LogDevObjectVersion:   Dev-Platform (6631380F-2D4D-43E0-8009-CF276956A95A): 0
LogDevObjectVersion:   Dev-Rendering (12F88B9F-8875-4AFC-A67C-D90C383ABD29): 19
LogDevObjectVersion:   Dev-Sequencer (7B5AE74C-D270-4C10-A958-57980B212A5A): 4
LogDevObjectVersion:   Dev-VR (D7296918-1DD6-4BDD-9DE2-64A83CC13884): 0
LogDevObjectVersion:   Dev-LoadTimes (C2A15278-BFE7-4AFE-6C17-90FF531DF755): 1
LogDevObjectVersion:   Private-Geometry (6EACA3D4-40EC-4CC1-B786-8BED09428FC5): 1
LogDevObjectVersion:   Dev-AnimPhys (29E575DD-E0A3-4627-9D10-D276232CDCEA): 7
LogInit: Compiled (64-bit): Aug 15 2017 02:05:26
LogInit: Compiled with Visual C++: 19.00.24215.01
LogInit: Build Configuration: Development
LogInit: Branch Name: ++UE4+Release-4.17
LogInit: Command line:  
LogInit: Base directory: E:/Ue4/UE_4.17/Engine/Binaries/Win64/
LogInit: Installed Engine Build: 1
LogInit: Presizing for max 8388607 objects, including 0 objects not considered by GC, pre-allocating 0 bytes for permanent pool.
LogInit: Object subsystem initialized
[2017.09.12-03.34.57:347][  0]LogInit: Selected Device Profile: [Windows]
[2017.09.12-03.34.57:347][  0]LogInit: Applying CVar settings loaded from the selected device profile: [Windows]
[2017.09.12-03.34.57:416][  0]LogInit: Computer: CHEN-RUI
[2017.09.12-03.34.57:416][  0]LogInit: User: Administrator
[2017.09.12-03.34.57:416][  0]LogInit: CPU Page size=4096, Cores=4
[2017.09.12-03.34.57:416][  0]LogInit: High frequency timer resolution =3.515621 MHz
[2017.09.12-03.34.57:416][  0]LogMemory: Memory total: Physical=16.0GB (16GB approx)
[2017.09.12-03.34.57:416][  0]LogMemory: Platform Memory Stats for Windows
[2017.09.12-03.34.57:416][  0]LogMemory: Process Physical Memory: 279.38 MB used, 279.38 MB peak
[2017.09.12-03.34.57:416][  0]LogMemory: Process Virtual Memory: 282.17 MB used, 282.17 MB peak
[2017.09.12-03.34.57:416][  0]LogMemory: Physical Memory: 5551.74 MB used,  10791.01 MB free, 16342.75 MB total
[2017.09.12-03.34.57:416][  0]LogMemory: Virtual Memory: 676.56 MB used,  10791.01 MB free, 134217728.00 MB total
[2017.09.12-03.34.57:814][  0]LogInit: Overriding language with editor language configuration option (en).
[2017.09.12-03.34.57:814][  0]LogInit: Overriding locale with editor locale configuration option (en).
[2017.09.12-03.34.59:353][  0]LogD3D11RHI: D3D11 adapters:
[2017.09.12-03.34.59:392][  0]LogD3D11RHI:    0. 'NVIDIA GeForce GTX 1060 6GB' (Feature Level 11_0)
[2017.09.12-03.34.59:392][  0]LogD3D11RHI:       6084/0/8171 MB DedicatedVideo/DedicatedSystem/SharedSystem, Outputs:2, VendorId:0x10de
[2017.09.12-03.34.59:394][  0]LogD3D11RHI:    1. 'Microsoft Basic Render Driver' (Feature Level 11_0)
[2017.09.12-03.34.59:394][  0]LogD3D11RHI:       0/0/8171 MB DedicatedVideo/DedicatedSystem/SharedSystem, Outputs:0, VendorId:0x1414
[2017.09.12-03.34.59:394][  0]LogD3D11RHI: Chosen D3D11 Adapter: 0
[2017.09.12-03.34.59:446][  0]LogD3D11RHI: Creating new Direct3DDevice
[2017.09.12-03.34.59:447][  0]LogD3D11RHI:     GPU DeviceId: 0x1c03 (for the marketing name, search the web for "GPU Device Id")
[2017.09.12-03.34.59:447][  0]LogWindows: EnumDisplayDevices:
[2017.09.12-03.34.59:447][  0]LogWindows:    0. 'NVIDIA GeForce GTX 1060 6GB' (P:1 D:1)
[2017.09.12-03.34.59:447][  0]LogWindows:    1. 'NVIDIA GeForce GTX 1060 6GB' (P:0 D:1)
[2017.09.12-03.34.59:447][  0]LogWindows:    2. 'NVIDIA GeForce GTX 1060 6GB' (P:0 D:0)
[2017.09.12-03.34.59:447][  0]LogWindows:    3. 'NVIDIA GeForce GTX 1060 6GB' (P:0 D:0)
[2017.09.12-03.34.59:447][  0]LogWindows: DebugString: FoundDriverCount:4 
[2017.09.12-03.34.59:447][  0]LogD3D11RHI:     Adapter Name: NVIDIA GeForce GTX 1060 6GB
[2017.09.12-03.34.59:448][  0]LogD3D11RHI:   Driver Version: 382.05 (internal:22.21.13.8205, unified:382.05)
[2017.09.12-03.34.59:448][  0]LogD3D11RHI:      Driver Date: 5-1-2017
[2017.09.12-03.34.59:448][  0]LogRHI: Texture pool is 1361 MB (70% of 1945 MB)
[2017.09.12-03.34.59:488][  0]LogD3D11RHI: Async texture creation enabled
[2017.09.12-03.34.59:591][  0]LogD3D11RHI: GPU Timing Frequency: 1000.000000 (Debug: 2 1)
[2017.09.12-03.34.59:710][  0]LogShaderCompilers: Guid format shader working directory is 29 characters bigger than the processId version (../../../../../CombatGame/Intermediate/Shaders/WorkingDirectory/1472/).
[2017.09.12-03.34.59:711][  0]LogShaderCompilers: Cleaned the shader compiler working directory 'C:/Users/Administrator/AppData/Local/Temp/UnrealShaderWorkingDir/F25A5DE743A36A33761AB4AADEE3DFDE/'.
[2017.09.12-03.34.59:711][  0]LogShaderCompilers: Display: Using Local Shader Compiler.
[2017.09.12-03.35.01:424][  0]LogTemp: Display: Loaded TP AllDesktopTargetPlatform
[2017.09.12-03.35.01:462][  0]LogTemp: Display: Loaded TP MacClientTargetPlatform
[2017.09.12-03.35.01:501][  0]LogTemp: Display: Loaded TP MacNoEditorTargetPlatform
[2017.09.12-03.35.01:538][  0]LogTemp: Display: Loaded TP MacServerTargetPlatform
[2017.09.12-03.35.01:581][  0]LogTemp: Display: Loaded TP MacTargetPlatform
[2017.09.12-03.35.01:619][  0]LogTemp: Display: Loaded TP WindowsClientTargetPlatform
[2017.09.12-03.35.01:661][  0]LogTemp: Display: Loaded TP WindowsNoEditorTargetPlatform
[2017.09.12-03.35.01:701][  0]LogTemp: Display: Loaded TP WindowsServerTargetPlatform
[2017.09.12-03.35.01:734][  0]LogTemp: Display: Loaded TP WindowsTargetPlatform
[2017.09.12-03.35.01:778][  0]LogTemp: Display: Loaded TP AndroidTargetPlatform
[2017.09.12-03.35.01:821][  0]LogTemp: Display: Loaded TP Android_ASTCTargetPlatform
[2017.09.12-03.35.01:859][  0]LogTemp: Display: Loaded TP Android_ATCTargetPlatform
[2017.09.12-03.35.01:897][  0]LogTemp: Display: Loaded TP Android_DXTTargetPlatform
[2017.09.12-03.35.01:933][  0]LogTemp: Display: Loaded TP Android_ETC1TargetPlatform
[2017.09.12-03.35.01:970][  0]LogTemp: Display: Loaded TP Android_ETC2TargetPlatform
[2017.09.12-03.35.02:047][  0]LogTemp: Display: Loaded TP Android_MultiTargetPlatform
[2017.09.12-03.35.02:047][  0]LogTemp: Display: Loaded TP Android_PVRTCTargetPlatform
[2017.09.12-03.35.02:075][  0]LogTemp: Display: Loaded TP HTML5TargetPlatform
[2017.09.12-03.35.02:179][  0]LogTemp: Display: Loaded TP IOSTargetPlatform
[2017.09.12-03.35.02:203][  0]LogTemp: Display: Loaded TP TVOSTargetPlatform
[2017.09.12-03.35.02:243][  0]LogTemp: Display: Loaded TP LinuxClientTargetPlatform
[2017.09.12-03.35.02:281][  0]LogTemp: Display: Loaded TP LinuxNoEditorTargetPlatform
[2017.09.12-03.35.02:318][  0]LogTemp: Display: Loaded TP LinuxServerTargetPlatform
[2017.09.12-03.35.02:359][  0]LogTemp: Display: Loaded TP LinuxTargetPlatform
[2017.09.12-03.35.02:359][  0]LogTargetPlatformManager: Display: Building Assets For Windows
[2017.09.12-03.35.03:042][  0]LogDerivedDataCache: Display: Max Cache Size: 512 MB
[2017.09.12-03.35.03:394][  0]LogDerivedDataCache: Loaded boot cache 0.35s 93MB C:/Users/Administrator/AppData/Local/UnrealEngine/4.17/DerivedDataCache/Boot.ddc.
[2017.09.12-03.35.03:394][  0]LogDerivedDataCache: Display: Loaded Boot cache: C:/Users/Administrator/AppData/Local/UnrealEngine/4.17/DerivedDataCache/Boot.ddc
[2017.09.12-03.35.03:394][  0]LogDerivedDataCache: FDerivedDataBackendGraph:  Pak pak cache file ../../../../../CombatGame/DerivedDataCache/DDC.ddp not found, will not use a pak cache.
[2017.09.12-03.35.03:394][  0]LogDerivedDataCache: Unable to find inner node Pak for hierarchical cache Hierarchy.
[2017.09.12-03.35.03:394][  0]LogDerivedDataCache: FDerivedDataBackendGraph:  CompressedPak pak cache file ../../../../../CombatGame/DerivedDataCache/Compressed.ddp not found, will not use a pak cache.
[2017.09.12-03.35.03:394][  0]LogDerivedDataCache: Unable to find inner node CompressedPak for hierarchical cache Hierarchy.
[2017.09.12-03.35.03:431][  0]LogDerivedDataCache: Display: Pak cache opened for reading ../../../Engine/DerivedDataCache/Compressed.ddp.
[2017.09.12-03.35.03:443][  0]LogDerivedDataCache: Using Local data cache path C:/Users/Administrator/AppData/Local/UnrealEngine/Common/DerivedDataCache: Writable
[2017.09.12-03.35.03:463][  0]LogMaterial: Verifying Global Shaders for PCD3D_SM5
[2017.09.12-03.35.03:464][  0]LogSlate: Using Freetype 2.6.0
[2017.09.12-03.35.03:504][  0]LogSlate: SlateFontCache - WITH_FREETYPE: 1, WITH_HARFBUZZ: 1
[2017.09.12-03.35.03:504][  0]LogSlate: SlateFontCache - WITH_FREETYPE: 1, WITH_HARFBUZZ: 1
[2017.09.12-03.35.07:534][  0]LogAssetRegistry: FAssetRegistry took 0.0249 seconds to start up
[2017.09.12-03.35.07:909][  0]LogInit: Selected Device Profile: [Windows]
[2017.09.12-03.35.09:232][  0]LogContentStreaming: Texture pool size is 0.00 MB
[2017.09.12-03.35.10:013][  0]LogSimplygon: Simplygon DLL not present - disabling.
[2017.09.12-03.35.10:054][  0]LogMeshReduction: Using SimplygonSwarm for distributed automatic mesh merging
[2017.09.12-03.35.10:054][  0]LogMeshReduction: Using QuadricMeshReduction for automatic static mesh reduction
[2017.09.12-03.35.10:054][  0]LogMeshReduction: No automatic skeletal mesh reduction module available
[2017.09.12-03.35.10:054][  0]LogMeshReduction: No automatic mesh merging module available
[2017.09.12-03.35.10:054][  0]LogMeshMerging: No automatic mesh merging module available
[2017.09.12-03.35.11:300][  0]LogNetVersion: CombatGame , NetCL: 3573198, EngineNetVer: 2, GameNetVer: 0 (Checksum: 2129685633)
[2017.09.12-03.35.11:899][  0]LogPackageLocalizationCache: Processed 5 localized package path(s) for 1 prioritized culture(s) in 0.040690 seconds
[2017.09.12-03.35.11:906][  0]LogUObjectArray: 35825 objects as part of root set at end of initial load.
[2017.09.12-03.35.11:906][  0]LogUObjectAllocator: 7529112 out of 0 bytes used by permanent object pool.
[2017.09.12-03.35.11:906][  0]LogUObjectArray: CloseDisregardForGC: 0/0 objects in disregard for GC pool
[2017.09.12-03.35.11:956][  0]LogInit: WinSock: version 1.1 (2.2), MaxSocks=32767, MaxUdp=65467
[2017.09.12-03.35.17:177][  0]LogTcpMessaging: Initializing TcpMessaging bridge
[2017.09.12-03.35.17:218][  0]LogUdpMessaging: Initializing bridge on interface 0.0.0.0:0 to multicast group 230.0.0.1:6666.
[2017.09.12-03.35.18:127][  0]LogMaterial: Uniform references updated for custom material expression Custom.
[2017.09.12-03.35.18:645][  0]SourceControl: Source control is disabled
[2017.09.12-03.35.18:645][  0]SourceControl: Source control is disabled
[2017.09.12-03.35.18:707][  0]SourceControl: Source control is disabled
[2017.09.12-03.35.18:772][  0]SourceControl: Source control is disabled
[2017.09.12-03.35.19:490][  0]LogAndroidPermission: UAndroidPermissionCallbackProxy::GetInstance
[2017.09.12-03.35.19:710][  0]LogOcInput: OculusInput pre-init called
[2017.09.12-03.35.20:135][  0]LogEngine: Initializing Engine...
[2017.09.12-03.35.20:794][  0]LogHMD: SteamVR initialized.  Driver: lighthouse  Display: LHR-3EF80BFA
[2017.09.12-03.35.21:213][  0]LogStats: UGameplayTagsManager::ConstructGameplayTagTree: Construct from data asset -  0.000 s
[2017.09.12-03.35.21:214][  0]LogStats: UGameplayTagsManager::ConstructGameplayTagTree: GameplayTagTreeChangedEvent.Broadcast -  0.000 s
[2017.09.12-03.35.21:430][  0]LogAIModule: Creating AISystem for world Untitled
[2017.09.12-03.35.21:483][  0]LogInit: XAudio2 using '扬声器 (Realtek High Definition Audio)' : 2 channels at 48 kHz using 32 bits per sample (channel mask 0x3)
[2017.09.12-03.35.21:504][  0]LogInit: FAudioDevice initialized.
[2017.09.12-03.35.22:038][  0]LogDerivedDataCache: Saved boot cache 0.52s 93MB C:/Users/Administrator/AppData/Local/UnrealEngine/4.17/DerivedDataCache/Boot.ddc.
[2017.09.12-03.35.22:070][  0]LogInit: Texture streaming: Enabled
[2017.09.12-03.35.22:177][  0]LogEngineSessionManager: EngineSessionManager initialized
[2017.09.12-03.35.22:508][  0]LogInit: Transaction tracking system initialized
[2017.09.12-03.35.22:875][  0]BlueprintLog: New page: Editor Load
[2017.09.12-03.35.23:878][  0]LocalizationService: Localization service is disabled
[2017.09.12-03.35.24:683][  0]LogConsoleResponse: Display: 
[2017.09.12-03.35.25:981][  0]LogFileCache: Scanning file cache for directory 'E:/CombatGame/Content/' took 0.02s
[2017.09.12-03.35.25:981][  0]LogCook: Display: Max memory allowance for cook 16384mb min free memory 0mb
[2017.09.12-03.35.25:981][  0]LogCook: Display: Mobile HDR setting 1
[2017.09.12-03.35.25:991][  0]LogGameplayTags: Display: UGameplayTagsManager::DoneAddingNativeTags. DelegateIsBound: 0
[2017.09.12-03.35.27:782][  0]SourceControl: Source control is disabled
[2017.09.12-03.35.27:786][  0]Cmd: MAP LOAD FILE="../../../../../CombatGame/Content/ThirdPersonBP/Maps/ThirdPersonExampleMap.umap" TEMPLATE=0 SHOWPROGRESS=1 FEATURELEVEL=3
[2017.09.12-03.35.27:787][  0]LightingResults: New page: Lighting Build
[2017.09.12-03.35.27:846][  0]MapCheck: New page: Map Check
[2017.09.12-03.35.27:847][  0]LightingResults: New page: Lighting Build
[2017.09.12-03.35.30:230][  0]LogAIModule: Creating AISystem for world ThirdPersonExampleMap
[2017.09.12-03.35.30:313][  0]AnimBlueprint: Warning: SLOTNODE: 'Hit' in animation instance class Combat_AnimBP_C already exists. Remove duplicates from the animation graph for this class.
[2017.09.12-03.35.30:313][  0]AnimBlueprint: Warning: SLOTNODE: 'Injured' in animation instance class Combat_AnimBP_C already exists. Remove duplicates from the animation graph for this class.
[2017.09.12-03.35.30:336][  0]AnimBlueprint: Warning: SLOTNODE: 'Hit' in animation instance class Combat_AnimBP_C already exists. Remove duplicates from the animation graph for this class.
[2017.09.12-03.35.30:336][  0]AnimBlueprint: Warning: SLOTNODE: 'Injured' in animation instance class Combat_AnimBP_C already exists. Remove duplicates from the animation graph for this class.
[2017.09.12-03.35.30:386][  0]LogEditorServer: Finished looking for orphan Actors (0.000 secs)
[2017.09.12-03.35.30:443][  0]Cmd: MAP CHECKDEP NOCLEARLOG
[2017.09.12-03.35.30:490][  0]MapCheck: Map check complete: 0 Error(s), 0 Warning(s), took 47.146ms to complete.
[2017.09.12-03.35.30:490][  0]LogFileHelpers: Loading map 'ThirdPersonExampleMap' took 2.704
[2017.09.12-03.35.30:879][  0]LogCollectionManager: Loaded 0 collections in 0.001543 seconds
[2017.09.12-03.35.30:989][  0]LogFileCache: Scanning file cache for directory 'E:/CombatGame/Saved/Collections/' took 0.01s
[2017.09.12-03.35.30:989][  0]LogFileCache: Scanning file cache for directory 'E:/CombatGame/Content/Developers/Administrator/Collections/' took 0.01s
[2017.09.12-03.35.30:989][  0]LogFileCache: Scanning file cache for directory 'E:/CombatGame/Content/Collections/' took 0.01s
[2017.09.12-03.35.30:989][  0]LogCollectionManager: Rebuilt the GUID cache for 0 collections in 0.000001 seconds
[2017.09.12-03.35.31:002][  0]LogContentBrowser: Native class hierarchy populated in 0.0117 seconds. Added 2386 classes and 500 folders.
[2017.09.12-03.35.31:055][  0]LogContentBrowser: Native class hierarchy updated for 'WidgetCarousel' in 0.0008 seconds. Added 0 classes and 0 folders.
[2017.09.12-03.35.31:541][  0]LogContentBrowser: Native class hierarchy updated for 'AddContentDialog' in 0.0006 seconds. Added 0 classes and 0 folders.
[2017.09.12-03.35.31:604][  0]LogContentBrowser: Native class hierarchy updated for 'SceneOutliner' in 0.0009 seconds. Added 1 classes and 2 folders.
[2017.09.12-03.35.32:121][  0]LogContentBrowser: Native class hierarchy updated for 'WorldBrowser' in 0.0006 seconds. Added 2 classes and 3 folders.
[2017.09.12-03.35.32:244][  0]LogContentBrowser: Native class hierarchy updated for 'HierarchicalLODOutliner' in 0.0009 seconds. Added 1 classes and 2 folders.
[2017.09.12-03.35.32:244][  0]LogLoad: (Engine Initialization) Total time: 38.58 seconds
[2017.09.12-03.35.32:244][  0]LogLoad: (Engine Initialization) Total Blueprint compile time: 0.00 seconds
[2017.09.12-03.35.32:244][  0]LogExternalProfiler: Found external profiler: VSPerf
[2017.09.12-03.35.32:244][  0]LogExternalProfiler: Using external profiler: VSPerf
[2017.09.12-03.35.32:584][  0]LogSteamVRController: Controller role for device 1 is 2 (invalid=0, left=1, right=2).
[2017.09.12-03.35.32:584][  0]LogSteamVRController: Warning: Controller device 1 is being assigned to its prefered role 'right'.
[2017.09.12-03.35.32:636][  0]LogContentStreaming: Texture pool size now 3000 MB
[2017.09.12-03.35.32:649][  0]LogSlate: Took 0.012106 seconds to synchronously load lazily loaded font '../../../Engine/Content/Slate/Fonts/Roboto-Regular.ttf' (155K)
[2017.09.12-03.35.32:652][  0]LogSlate: Took 0.001259 seconds to synchronously load lazily loaded font '../../../Engine/Content/Slate/Fonts/Roboto-Bold.ttf' (160K)
[2017.09.12-03.35.32:666][  0]LogSlate: Took 0.010157 seconds to synchronously load lazily loaded font '../../../Engine/Content/Editor/Slate/Fonts/FontAwesome.ttf' (139K)
[2017.09.12-03.35.32:944][  0]LogSlate: Took 0.001598 seconds to synchronously load lazily loaded font '../../../Engine/Content/Slate/Fonts/Roboto-Light.ttf' (159K)
[2017.09.12-03.35.33:056][  1]LogRenderer: Reallocating scene render targets to support 1168x524 Format 10 NumSamples 1 (Frame:1).
[2017.09.12-03.35.33:419][  2]LogAssetRegistry: Asset discovery search completed in 25.9065 seconds
[2017.09.12-03.35.33:421][  2]LogCollectionManager: Rebuilt the object cache for 0 collections in 0.000001 seconds (found 0 objects)
[2017.09.12-03.35.33:421][  2]LogCollectionManager: Fixed up redirectors for 0 collections in 0.000177 seconds (updated 0 objects)
[2017.09.12-03.35.33:774][  3]LogSlate: Took 0.000303 seconds to synchronously load lazily loaded font '../../../Engine/Content/Slate/Fonts/Roboto-Light.ttf' (159K)
[2017.09.12-03.35.34:291][  3]LogD3D11RHI: Timed out while waiting for GPU to catch up. (0.5 s)
[2017.09.12-03.35.43:358][ 27]LogSlate: Took 0.000121 seconds to synchronously load lazily loaded font '../../../Engine/Content/Slate/Fonts/Roboto-Light.ttf' (159K)
[2017.09.12-03.35.43:829][ 27]LogContentBrowser: Native class hierarchy updated for 'BlueprintGraph' in 0.0010 seconds. Added 113 classes and 0 folders.
[2017.09.12-03.35.44:963][ 27]LogContentBrowser: Native class hierarchy updated for 'SkeletonEditor' in 0.0005 seconds. Added 1 classes and 2 folders.
[2017.09.12-03.35.45:237][ 27]LogActorComponent: RegisterComponentWithWorld: (/Engine/Transient.World_3:PersistentLevel.Actor_0.DebugSkelMeshComponent_0) Already registered. Aborting.
[2017.09.12-03.35.45:238][ 27]AnimBlueprint: Warning: SLOTNODE: 'Hit' in animation instance class Combat_AnimBP_C already exists. Remove duplicates from the animation graph for this class.
[2017.09.12-03.35.45:239][ 27]AnimBlueprint: Warning: SLOTNODE: 'Injured' in animation instance class Combat_AnimBP_C already exists. Remove duplicates from the animation graph for this class.
[2017.09.12-03.35.45:239][ 27]LogScript: Warning: Accessed None trying to read property CallFunc_TryGetPawnOwner_ReturnValue2
	Combat_AnimBP_C /Engine/Transient.World_3:PersistentLevel.Actor_0.DebugSkelMeshComponent_0.Combat_AnimBP_C_0
	Function /Game/DynamicSwordAnimset/Combat_AnimBP.Combat_AnimBP_C:ExecuteUbergraph_Combat_AnimBP:0E09
[2017.09.12-03.35.45:239][ 27]LogScript: Warning: Accessed None trying to read property CallFunc_GetMovementComponent_ReturnValue
	Combat_AnimBP_C /Engine/Transient.World_3:PersistentLevel.Actor_0.DebugSkelMeshComponent_0.Combat_AnimBP_C_0
	Function /Game/DynamicSwordAnimset/Combat_AnimBP.Combat_AnimBP_C:ExecuteUbergraph_Combat_AnimBP:0E37
[2017.09.12-03.35.45:239][ 27]LogScript: Warning: Accessed None trying to read property CallFunc_TryGetPawnOwner_ReturnValue2
	Combat_AnimBP_C /Engine/Transient.World_3:PersistentLevel.Actor_0.DebugSkelMeshComponent_0.Combat_AnimBP_C_0
	Function /Game/DynamicSwordAnimset/Combat_AnimBP.Combat_AnimBP_C:ExecuteUbergraph_Combat_AnimBP:0E9A
[2017.09.12-03.35.45:239][ 27]LogScript: Warning: Accessed None trying to read property CallFunc_TryGetPawnOwner_ReturnValue2
	Combat_AnimBP_C /Engine/Transient.World_3:PersistentLevel.Actor_0.DebugSkelMeshComponent_0.Combat_AnimBP_C_0
	Function /Game/DynamicSwordAnimset/Combat_AnimBP.Combat_AnimBP_C:ExecuteUbergraph_Combat_AnimBP:0F70
[2017.09.12-03.35.45:239][ 27]LogScript: Warning: Accessed None trying to read property CallFunc_TryGetPawnOwner_ReturnValue2
	Combat_AnimBP_C /Engine/Transient.World_3:PersistentLevel.Actor_0.DebugSkelMeshComponent_0.Combat_AnimBP_C_0
	Function /Game/DynamicSwordAnimset/Combat_AnimBP.Combat_AnimBP_C:ExecuteUbergraph_Combat_AnimBP:10A8
[2017.09.12-03.35.45:561][ 27]LogSkeletalMesh: USkeletalMeshComponent::InitArticulated : Bodies already created (/Engine/Transient.World_3:PersistentLevel.Actor_0.DebugSkelMeshComponent_0) - call TermArticulated first.
[2017.09.12-03.35.46:080][ 27]LogContentBrowser: Native class hierarchy updated for 'Cascade' in 0.0005 seconds. Added 2 classes and 2 folders.
[2017.09.12-03.35.46:337][ 27]LogActorComponent: RegisterComponentWithWorld: (/Engine/Transient.World_6:PersistentLevel.Actor_1.DebugSkelMeshComponent_2) Already registered. Aborting.
[2017.09.12-03.35.46:383][ 27]LogSkeletalMesh: USkeletalMeshComponent::InitArticulated : Bodies already created (/Engine/Transient.World_6:PersistentLevel.Actor_1.DebugSkelMeshComponent_2) - call TermArticulated first.
[2017.09.12-03.35.46:459][ 27]AnimBlueprint: Warning: SLOTNODE: 'Hit' in animation instance class Combat_AnimBP_C already exists. Remove duplicates from the animation graph for this class.
[2017.09.12-03.35.46:459][ 27]AnimBlueprint: Warning: SLOTNODE: 'Injured' in animation instance class Combat_AnimBP_C already exists. Remove duplicates from the animation graph for this class.
[2017.09.12-03.35.46:482][ 27]AnimBlueprint: Warning: SLOTNODE: 'Hit' in animation instance class Combat_AnimBP_C already exists. Remove duplicates from the animation graph for this class.
[2017.09.12-03.35.46:482][ 27]AnimBlueprint: Warning: SLOTNODE: 'Injured' in animation instance class Combat_AnimBP_C already exists. Remove duplicates from the animation graph for this class.
[2017.09.12-03.35.46:483][ 27]LogScript: Warning: Accessed None trying to read property CallFunc_TryGetPawnOwner_ReturnValue2
	Combat_AnimBP_C /Engine/Transient.World_9:PersistentLevel.SkeletalMeshActor_1.SkeletalMeshComponent0.Combat_AnimBP_C_2
	Function /Game/DynamicSwordAnimset/Combat_AnimBP.Combat_AnimBP_C:ExecuteUbergraph_Combat_AnimBP:0E09
[2017.09.12-03.35.46:483][ 27]LogScript: Warning: Accessed None trying to read property CallFunc_GetMovementComponent_ReturnValue
	Combat_AnimBP_C /Engine/Transient.World_9:PersistentLevel.SkeletalMeshActor_1.SkeletalMeshComponent0.Combat_AnimBP_C_2
	Function /Game/DynamicSwordAnimset/Combat_AnimBP.Combat_AnimBP_C:ExecuteUbergraph_Combat_AnimBP:0E37
[2017.09.12-03.35.46:483][ 27]LogScript: Warning: Accessed None trying to read property CallFunc_TryGetPawnOwner_ReturnValue2
	Combat_AnimBP_C /Engine/Transient.World_9:PersistentLevel.SkeletalMeshActor_1.SkeletalMeshComponent0.Combat_AnimBP_C_2
	Function /Game/DynamicSwordAnimset/Combat_AnimBP.Combat_AnimBP_C:ExecuteUbergraph_Combat_AnimBP:0E9A
[2017.09.12-03.35.46:483][ 27]LogScript: Warning: Accessed None trying to read property CallFunc_TryGetPawnOwner_ReturnValue2
	Combat_AnimBP_C /Engine/Transient.World_9:PersistentLevel.SkeletalMeshActor_1.SkeletalMeshComponent0.Combat_AnimBP_C_2
	Function /Game/DynamicSwordAnimset/Combat_AnimBP.Combat_AnimBP_C:ExecuteUbergraph_Combat_AnimBP:0F70
[2017.09.12-03.35.46:483][ 27]LogScript: Warning: Accessed None trying to read property CallFunc_TryGetPawnOwner_ReturnValue2
	Combat_AnimBP_C /Engine/Transient.World_9:PersistentLevel.SkeletalMeshActor_1.SkeletalMeshComponent0.Combat_AnimBP_C_2
	Function /Game/DynamicSwordAnimset/Combat_AnimBP.Combat_AnimBP_C:ExecuteUbergraph_Combat_AnimBP:10A8
[2017.09.12-03.35.46:532][ 27]LogScript: Warning: Accessed None trying to read property CallFunc_TryGetPawnOwner_ReturnValue2
	Combat_AnimBP_C /Engine/Transient.World_3:PersistentLevel.Actor_0.DebugSkelMeshComponent_0.Combat_AnimBP_C_0
	Function /Game/DynamicSwordAnimset/Combat_AnimBP.Combat_AnimBP_C:ExecuteUbergraph_Combat_AnimBP:0E09
[2017.09.12-03.35.46:532][ 27]LogScript: Warning: Accessed None trying to read property CallFunc_GetMovementComponent_ReturnValue
	Combat_AnimBP_C /Engine/Transient.World_3:PersistentLevel.Actor_0.DebugSkelMeshComponent_0.Combat_AnimBP_C_0
	Function /Game/DynamicSwordAnimset/Combat_AnimBP.Combat_AnimBP_C:ExecuteUbergraph_Combat_AnimBP:0E37
[2017.09.12-03.35.46:532][ 27]LogScript: Warning: Accessed None trying to read property CallFunc_TryGetPawnOwner_ReturnValue2
	Combat_AnimBP_C /Engine/Transient.World_3:PersistentLevel.Actor_0.DebugSkelMeshComponent_0.Combat_AnimBP_C_0
	Function /Game/DynamicSwordAnimset/Combat_AnimBP.Combat_AnimBP_C:ExecuteUbergraph_Combat_AnimBP:0E9A
[2017.09.12-03.35.46:533][ 27]LogScript: Warning: Accessed None trying to read property CallFunc_TryGetPawnOwner_ReturnValue2
	Combat_AnimBP_C /Engine/Transient.World_3:PersistentLevel.Actor_0.DebugSkelMeshComponent_0.Combat_AnimBP_C_0
	Function /Game/DynamicSwordAnimset/Combat_AnimBP.Combat_AnimBP_C:ExecuteUbergraph_Combat_AnimBP:0F70
[2017.09.12-03.35.46:533][ 27]LogScript: Warning: Accessed None trying to read property CallFunc_TryGetPawnOwner_ReturnValue2
	Combat_AnimBP_C /Engine/Transient.World_3:PersistentLevel.Actor_0.DebugSkelMeshComponent_0.Combat_AnimBP_C_0
	Function /Game/DynamicSwordAnimset/Combat_AnimBP.Combat_AnimBP_C:ExecuteUbergraph_Combat_AnimBP:10A8
[2017.09.12-03.35.46:721][ 27]LogContentBrowser: Native class hierarchy updated for 'ClothingSystemEditorInterface' in 0.0005 seconds. Added 1 classes and 0 folders.
[2017.09.12-03.35.46:746][ 27]LogRenderer: Reallocating scene render targets to support 1168x532 Format 10 NumSamples 1 (Frame:1).
[2017.09.12-03.35.46:746][ 27]LogContentBrowser: Verbose: The majority of assets in the view are of type: AnimSequence
[2017.09.12-03.35.46:926][ 28]LogScript: Warning: Accessed None trying to read property CallFunc_TryGetPawnOwner_ReturnValue2
	Combat_AnimBP_C /Engine/Transient.World_3:PersistentLevel.Actor_0.DebugSkelMeshComponent_0.Combat_AnimBP_C_0
	Function /Game/DynamicSwordAnimset/Combat_AnimBP.Combat_AnimBP_C:ExecuteUbergraph_Combat_AnimBP:0E09
[2017.09.12-03.35.46:927][ 28]LogScript: Warning: Accessed None trying to read property CallFunc_GetMovementComponent_ReturnValue
	Combat_AnimBP_C /Engine/Transient.World_3:PersistentLevel.Actor_0.DebugSkelMeshComponent_0.Combat_AnimBP_C_0
	Function /Game/DynamicSwordAnimset/Combat_AnimBP.Combat_AnimBP_C:ExecuteUbergraph_Combat_AnimBP:0E37
[2017.09.12-03.35.46:927][ 28]LogScript: Warning: Accessed None trying to read property CallFunc_TryGetPawnOwner_ReturnValue2
	Combat_AnimBP_C /Engine/Transient.World_3:PersistentLevel.Actor_0.DebugSkelMeshComponent_0.Combat_AnimBP_C_0
	Function /Game/DynamicSwordAnimset/Combat_AnimBP.Combat_AnimBP_C:ExecuteUbergraph_Combat_AnimBP:0E9A
[2017.09.12-03.35.46:927][ 28]LogScript: Warning: Accessed None trying to read property CallFunc_TryGetPawnOwner_ReturnValue2
	Combat_AnimBP_C /Engine/Transient.World_3:PersistentLevel.Actor_0.DebugSkelMeshComponent_0.Combat_AnimBP_C_0
	Function /Game/DynamicSwordAnimset/Combat_AnimBP.Combat_AnimBP_C:ExecuteUbergraph_Combat_AnimBP:0F70
[2017.09.12-03.35.46:927][ 28]LogScript: Warning: Accessed None trying to read property CallFunc_TryGetPawnOwner_ReturnValue2
	Combat_AnimBP_C /Engine/Transient.World_3:PersistentLevel.Actor_0.DebugSkelMeshComponent_0.Combat_AnimBP_C_0
	Function /Game/DynamicSwordAnimset/Combat_AnimBP.Combat_AnimBP_C:ExecuteUbergraph_Combat_AnimBP:10A8
[2017.09.12-03.35.47:013][ 29]LogScript: Warning: Accessed None trying to read property CallFunc_TryGetPawnOwner_ReturnValue2
	Combat_AnimBP_C /Engine/Transient.World_3:PersistentLevel.Actor_0.DebugSkelMeshComponent_0.Combat_AnimBP_C_0
	Function /Game/DynamicSwordAnimset/Combat_AnimBP.Combat_AnimBP_C:ExecuteUbergraph_Combat_AnimBP:0E09
[2017.09.12-03.35.47:013][ 29]LogScript: Warning: Accessed None trying to read property CallFunc_GetMovementComponent_ReturnValue
	Combat_AnimBP_C /Engine/Transient.World_3:PersistentLevel.Actor_0.DebugSkelMeshComponent_0.Combat_AnimBP_C_0
	Function /Game/DynamicSwordAnimset/Combat_AnimBP.Combat_AnimBP_C:ExecuteUbergraph_Combat_AnimBP:0E37
[2017.09.12-03.35.48:375][116]LogSlate: Took 0.013207 seconds to synchronously load lazily loaded font '../../../Engine/Content/Editor/Slate/Fonts/Roboto-BoldCondensed.ttf' (158K)
[2017.09.12-03.35.49:100][117]LogSlate: Took 0.001140 seconds to synchronously load lazily loaded font '../../../Engine/Content/Editor/Slate/Fonts/Roboto-Italic.ttf' (157K)
[2017.09.12-03.36.31:766][198]LogContentBrowser: Verbose: The majority of assets in the view are of type: AnimSequence
[2017.09.12-04.03.18:166][942]LogCascade: Quitting Cascade. FXSystem=0x000001CB281BA3E0
[2017.09.12-04.26.56:846][ 17]BlueprintLog: New page: Compile ThirdPersonCharacter
[2017.09.12-04.26.57:280][ 17]AnimBlueprint: Warning: SLOTNODE: 'Hit' in animation instance class Combat_AnimBP_C already exists. Remove duplicates from the animation graph for this class.
[2017.09.12-04.26.57:281][ 17]AnimBlueprint: Warning: SLOTNODE: 'Injured' in animation instance class Combat_AnimBP_C already exists. Remove duplicates from the animation graph for this class.
[2017.09.12-04.26.57:283][ 17]AnimBlueprint: Warning: SLOTNODE: 'Hit' in animation instance class Combat_AnimBP_C already exists. Remove duplicates from the animation graph for this class.
[2017.09.12-04.26.57:283][ 17]AnimBlueprint: Warning: SLOTNODE: 'Injured' in animation instance class Combat_AnimBP_C already exists. Remove duplicates from the animation graph for this class.
[2017.09.12-04.26.57:285][ 17]AnimBlueprint: Warning: SLOTNODE: 'Hit' in animation instance class Combat_AnimBP_C already exists. Remove duplicates from the animation graph for this class.
[2017.09.12-04.26.57:285][ 17]AnimBlueprint: Warning: SLOTNODE: 'Injured' in animation instance class Combat_AnimBP_C already exists. Remove duplicates from the animation graph for this class.
[2017.09.12-04.26.57:285][ 17]LogScript: Warning: Accessed None trying to read property CallFunc_TryGetPawnOwner_ReturnValue2
	Combat_AnimBP_C /Engine/Transient.World_3:PersistentLevel.Actor_0.DebugSkelMeshComponent_0.Combat_AnimBP_C_1
	Function /Game/DynamicSwordAnimset/Combat_AnimBP.Combat_AnimBP_C:ExecuteUbergraph_Combat_AnimBP:0E09
[2017.09.12-04.26.57:285][ 17]LogScript: Warning: Accessed None trying to read property CallFunc_GetMovementComponent_ReturnValue
	Combat_AnimBP_C /Engine/Transient.World_3:PersistentLevel.Actor_0.DebugSkelMeshComponent_0.Combat_AnimBP_C_1
	Function /Game/DynamicSwordAnimset/Combat_AnimBP.Combat_AnimBP_C:ExecuteUbergraph_Combat_AnimBP:0E37
[2017.09.12-04.26.57:285][ 17]LogScript: Warning: Accessed None trying to read property CallFunc_TryGetPawnOwner_ReturnValue2
	Combat_AnimBP_C /Engine/Transient.World_3:PersistentLevel.Actor_0.DebugSkelMeshComponent_0.Combat_AnimBP_C_1
	Function /Game/DynamicSwordAnimset/Combat_AnimBP.Combat_AnimBP_C:ExecuteUbergraph_Combat_AnimBP:0E9A
[2017.09.12-04.26.57:285][ 17]LogScript: Warning: Accessed None trying to read property CallFunc_TryGetPawnOwner_ReturnValue2
	Combat_AnimBP_C /Engine/Transient.World_3:PersistentLevel.Actor_0.DebugSkelMeshComponent_0.Combat_AnimBP_C_1
	Function /Game/DynamicSwordAnimset/Combat_AnimBP.Combat_AnimBP_C:ExecuteUbergraph_Combat_AnimBP:0F70
[2017.09.12-04.26.57:285][ 17]LogScript: Warning: Accessed None trying to read property CallFunc_TryGetPawnOwner_ReturnValue2
	Combat_AnimBP_C /Engine/Transient.World_3:PersistentLevel.Actor_0.DebugSkelMeshComponent_0.Combat_AnimBP_C_1
	Function /Game/DynamicSwordAnimset/Combat_AnimBP.Combat_AnimBP_C:ExecuteUbergraph_Combat_AnimBP:10A8
[2017.09.12-04.26.57:287][ 17]AnimBlueprint: Warning: SLOTNODE: 'Hit' in animation instance class Combat_AnimBP_C already exists. Remove duplicates from the animation graph for this class.
[2017.09.12-04.26.57:287][ 17]AnimBlueprint: Warning: SLOTNODE: 'Injured' in animation instance class Combat_AnimBP_C already exists. Remove duplicates from the animation graph for this class.
[2017.09.12-04.26.57:288][ 17]AnimBlueprint: Warning: SLOTNODE: 'Hit' in animation instance class Combat_AnimBP_C already exists. Remove duplicates from the animation graph for this class.
[2017.09.12-04.26.57:288][ 17]AnimBlueprint: Warning: SLOTNODE: 'Injured' in animation instance class Combat_AnimBP_C already exists. Remove duplicates from the animation graph for this class.
[2017.09.12-04.26.57:288][ 17]LogScript: Warning: Accessed None trying to read property CallFunc_TryGetPawnOwner_ReturnValue2
	Combat_AnimBP_C /Engine/Transient.World_9:PersistentLevel.SkeletalMeshActor_1.SkeletalMeshComponent0.Combat_AnimBP_C_3
	Function /Game/DynamicSwordAnimset/Combat_AnimBP.Combat_AnimBP_C:ExecuteUbergraph_Combat_AnimBP:0E09
[2017.09.12-04.26.57:288][ 17]LogScript: Warning: Accessed None trying to read property CallFunc_GetMovementComponent_ReturnValue
	Combat_AnimBP_C /Engine/Transient.World_9:PersistentLevel.SkeletalMeshActor_1.SkeletalMeshComponent0.Combat_AnimBP_C_3
	Function /Game/DynamicSwordAnimset/Combat_AnimBP.Combat_AnimBP_C:ExecuteUbergraph_Combat_AnimBP:0E37
[2017.09.12-04.26.57:289][ 17]LogScript: Warning: Accessed None trying to read property CallFunc_TryGetPawnOwner_ReturnValue2
	Combat_AnimBP_C /Engine/Transient.World_9:PersistentLevel.SkeletalMeshActor_1.SkeletalMeshComponent0.Combat_AnimBP_C_3
	Function /Game/DynamicSwordAnimset/Combat_AnimBP.Combat_AnimBP_C:ExecuteUbergraph_Combat_AnimBP:0E9A
[2017.09.12-04.26.57:289][ 17]LogScript: Warning: Accessed None trying to read property CallFunc_TryGetPawnOwner_ReturnValue2
	Combat_AnimBP_C /Engine/Transient.World_9:PersistentLevel.SkeletalMeshActor_1.SkeletalMeshComponent0.Combat_AnimBP_C_3
	Function /Game/DynamicSwordAnimset/Combat_AnimBP.Combat_AnimBP_C:ExecuteUbergraph_Combat_AnimBP:0F70
[2017.09.12-04.26.57:289][ 17]LogScript: Warning: Accessed None trying to read property CallFunc_TryGetPawnOwner_ReturnValue2
	Combat_AnimBP_C /Engine/Transient.World_9:PersistentLevel.SkeletalMeshActor_1.SkeletalMeshComponent0.Combat_AnimBP_C_3
	Function /Game/DynamicSwordAnimset/Combat_AnimBP.Combat_AnimBP_C:ExecuteUbergraph_Combat_AnimBP:10A8
[2017.09.12-04.26.57:290][ 17]AnimBlueprint: Warning: SLOTNODE: 'Hit' in animation instance class Combat_AnimBP_C already exists. Remove duplicates from the animation graph for this class.
[2017.09.12-04.26.57:290][ 17]AnimBlueprint: Warning: SLOTNODE: 'Injured' in animation instance class Combat_AnimBP_C already exists. Remove duplicates from the animation graph for this class.
[2017.09.12-04.26.57:304][ 17]AnimBlueprint: Warning: SLOTNODE: 'Hit' in animation instance class Combat_AnimBP_C already exists. Remove duplicates from the animation graph for this class.
[2017.09.12-04.26.57:304][ 17]AnimBlueprint: Warning: SLOTNODE: 'Injured' in animation instance class Combat_AnimBP_C already exists. Remove duplicates from the animation graph for this class.
[2017.09.12-04.26.57:306][ 17]AnimBlueprint: Warning: SLOTNODE: 'Hit' in animation instance class Combat_AnimBP_C already exists. Remove duplicates from the animation graph for this class.
[2017.09.12-04.26.57:306][ 17]AnimBlueprint: Warning: SLOTNODE: 'Injured' in animation instance class Combat_AnimBP_C already exists. Remove duplicates from the animation graph for this class.
[2017.09.12-04.26.57:308][ 17]AnimBlueprint: Warning: SLOTNODE: 'Hit' in animation instance class Combat_AnimBP_C already exists. Remove duplicates from the animation graph for this class.
[2017.09.12-04.26.57:308][ 17]AnimBlueprint: Warning: SLOTNODE: 'Injured' in animation instance class Combat_AnimBP_C already exists. Remove duplicates from the animation graph for this class.
[2017.09.12-04.26.57:817][ 17]AnimBlueprint: Warning: SLOTNODE: 'Hit' in animation instance class Combat_AnimBP_C already exists. Remove duplicates from the animation graph for this class.
[2017.09.12-04.26.57:817][ 17]AnimBlueprint: Warning: SLOTNODE: 'Injured' in animation instance class Combat_AnimBP_C already exists. Remove duplicates from the animation graph for this class.
[2017.09.12-04.26.57:819][ 17]AnimBlueprint: Warning: SLOTNODE: 'Hit' in animation instance class Combat_AnimBP_C already exists. Remove duplicates from the animation graph for this class.
[2017.09.12-04.26.57:819][ 17]AnimBlueprint: Warning: SLOTNODE: 'Injured' in animation instance class Combat_AnimBP_C already exists. Remove duplicates from the animation graph for this class.
[2017.09.12-04.26.58:931][ 63]AnimBlueprint: Warning: SLOTNODE: 'Hit' in animation instance class Combat_AnimBP_C already exists. Remove duplicates from the animation graph for this class.
[2017.09.12-04.26.58:932][ 63]AnimBlueprint: Warning: SLOTNODE: 'Injured' in animation instance class Combat_AnimBP_C already exists. Remove duplicates from the animation graph for this class.
[2017.09.12-04.26.58:999][ 63]Cmd: OBJ SAVEPACKAGE PACKAGE="/Game/ThirdPersonBP/Blueprints/ThirdPersonCharacter" FILE="../../../../../CombatGame/Content/ThirdPersonBP/Blueprints/ThirdPersonCharacter.uasset" SILENT=true
[2017.09.12-04.26.59:375][ 63]LogSavePackage: Save=368.70ms
[2017.09.12-04.26.59:375][ 63]LogSavePackage: Moving '../../../../../CombatGame/Saved/ThirdPersonCharacter62F6BDC1494BD18F2515D69BC0A774DD.tmp' to '../../../../../CombatGame/Content/ThirdPersonBP/Blueprints/ThirdPersonCharacter.uasset'
[2017.09.12-04.26.59:385][ 63]LogSavePackage: Display: Finished SavePackage ../../../../../CombatGame/Content/ThirdPersonBP/Blueprints/ThirdPersonCharacter.uasset
[2017.09.12-04.26.59:871][116]LogTemp: Repeating last play command: Selected Viewport
[2017.09.12-04.26.59:991][116]LogBlueprintUserMessages: Early PlayInEditor Detection: Level '/Game/ThirdPersonBP/Maps/ThirdPersonExampleMap.ThirdPersonExampleMap:PersistentLevel' has LevelScriptBlueprint '/Game/ThirdPersonBP/Maps/ThirdPersonExampleMap.ThirdPersonExampleMap:PersistentLevel.ThirdPersonExampleMap' with GeneratedClass '/Game/ThirdPersonBP/Maps/ThirdPersonExampleMap.ThirdPersonExampleMap_C' with ClassGeneratedBy '/Game/ThirdPersonBP/Maps/ThirdPersonExampleMap.ThirdPersonExampleMap:PersistentLevel.ThirdPersonExampleMap'
[2017.09.12-04.27.00:001][116]LogPlayLevel: PlayLevel: No blueprints needed recompiling
[2017.09.12-04.27.00:090][116]PIE: New page: PIE session: ThirdPersonExampleMap (Sep 12, 2017, 8:27:00 PM)
[2017.09.12-04.27.00:101][116]LogPlayLevel: Creating play world package: /Game/ThirdPersonBP/Maps/UEDPIE_0_ThirdPersonExampleMap
[2017.09.12-04.27.00:156][116]LogPlayLevel: PIE: StaticDuplicateObject took: (0.054902s)
[2017.09.12-04.27.00:157][116]LogAIModule: Creating AISystem for world ThirdPersonExampleMap
[2017.09.12-04.27.00:157][116]LogPlayLevel: PIE: World Init took: (0.001364s)
[2017.09.12-04.27.00:168][116]LogPlayLevel: PIE: Created PIE world by copying editor world from /Game/ThirdPersonBP/Maps/ThirdPersonExampleMap.ThirdPersonExampleMap to /Game/ThirdPersonBP/Maps/UEDPIE_0_ThirdPersonExampleMap.ThirdPersonExampleMap (0.067226s)
[2017.09.12-04.27.00:204][116]LogInit: XAudio2 using '扬声器 (Realtek High Definition Audio)' : 2 channels at 48 kHz using 32 bits per sample (channel mask 0x3)
[2017.09.12-04.27.00:218][116]LogInit: FAudioDevice initialized.
[2017.09.12-04.27.00:343][116]LogLoad: Game class is 'ThirdPersonGameMode_C'
[2017.09.12-04.27.00:353][116]AnimBlueprint: Warning: SLOTNODE: 'Hit' in animation instance class Combat_AnimBP_C already exists. Remove duplicates from the animation graph for this class.
[2017.09.12-04.27.00:353][116]AnimBlueprint: Warning: SLOTNODE: 'Injured' in animation instance class Combat_AnimBP_C already exists. Remove duplicates from the animation graph for this class.
[2017.09.12-04.27.00:354][116]AnimBlueprint: Warning: SLOTNODE: 'Hit' in animation instance class Combat_AnimBP_C already exists. Remove duplicates from the animation graph for this class.
[2017.09.12-04.27.00:354][116]AnimBlueprint: Warning: SLOTNODE: 'Injured' in animation instance class Combat_AnimBP_C already exists. Remove duplicates from the animation graph for this class.
[2017.09.12-04.27.00:355][116]LogWorld: Bringing World /Game/ThirdPersonBP/Maps/UEDPIE_0_ThirdPersonExampleMap.ThirdPersonExampleMap up for play (max tick rate 0) at 2017.09.12-12.27.00
[2017.09.12-04.27.00:490][116]LogWorld: Bringing up level for play took: 0.145524
[2017.09.12-04.27.00:596][116]LogContentBrowser: Native class hierarchy updated for 'MovieSceneCapture' in 0.0010 seconds. Added 11 classes and 0 folders.
[2017.09.12-04.27.00:636][116]PIE: Play in editor start time for /Game/ThirdPersonBP/Maps/UEDPIE_0_ThirdPersonExampleMap -0.05
[2017.09.12-04.27.00:647][116]LogBlueprintUserMessages: Late PlayInEditor Detection: Level '/Game/ThirdPersonBP/Maps/ThirdPersonExampleMap.ThirdPersonExampleMap:PersistentLevel' has LevelScriptBlueprint '/Game/ThirdPersonBP/Maps/ThirdPersonExampleMap.ThirdPersonExampleMap:PersistentLevel.ThirdPersonExampleMap' with GeneratedClass '/Game/ThirdPersonBP/Maps/ThirdPersonExampleMap.ThirdPersonExampleMap_C' with ClassGeneratedBy '/Game/ThirdPersonBP/Maps/ThirdPersonExampleMap.ThirdPersonExampleMap:PersistentLevel.ThirdPersonExampleMap'
[2017.09.12-04.27.00:725][116]LogRenderer: Reallocating scene render targets to support 1808x1056 Format 10 NumSamples 1 (Frame:1).
[2017.09.12-04.27.02:554][255]LogBlueprintUserMessages: [EnemyCharacter_170] Hit
[2017.09.12-04.27.02:810][276]LogBlueprintUserMessages: [EnemyCharacter_170] Hit
[2017.09.12-04.27.03:570][344]LogBlueprintUserMessages: [EnemyCharacter_170] Hit
[2017.09.12-04.27.05:643][524]LogBlueprintUserMessages: [EnemyCharacter_170] Hit
[2017.09.12-04.27.05:868][544]LogBlueprintUserMessages: [EnemyCharacter_170] Hit
[2017.09.12-04.27.09:138][835]LogBlueprintUserMessages: [EnemyCharacter_170] Hit
[2017.09.12-04.27.09:403][858]LogBlueprintUserMessages: [EnemyCharacter_170] Hit
[2017.09.12-04.27.10:160][926]LogBlueprintUserMessages: [EnemyCharacter_170] Hit
[2017.09.12-04.27.12:227][111]LogBlueprintUserMessages: [EnemyCharacter_170] Hit
[2017.09.12-04.27.12:461][132]LogBlueprintUserMessages: [EnemyCharacter_170] Hit
[2017.09.12-04.27.14:913][352]LogBlueprintUserMessages: [EnemyCharacter_170] Hit
[2017.09.12-04.27.15:171][375]LogBlueprintUserMessages: [EnemyCharacter_170] Hit
[2017.09.12-04.27.17:966][626]LogBlueprintUserMessages: [EnemyCharacter_170] Hit
[2017.09.12-04.27.18:227][649]LogBlueprintUserMessages: [EnemyCharacter_170] Hit
[2017.09.12-04.27.20:206][823]LogBlueprintUserMessages: [EnemyCharacter_170] Hit
[2017.09.12-04.27.20:468][846]LogBlueprintUserMessages: [EnemyCharacter_170] Hit
[2017.09.12-04.27.21:226][915]LogBlueprintUserMessages: [EnemyCharacter_170] Hit
[2017.09.12-04.27.22:255][  7]LogBlueprintUserMessages: [EnemyCharacter_170] Hit
[2017.09.12-04.27.22:521][ 30]LogBlueprintUserMessages: [EnemyCharacter_170] Hit
[2017.09.12-04.27.23:282][ 98]LogBlueprintUserMessages: [EnemyCharacter_170] Hit
[2017.09.12-04.27.25:349][282]LogBlueprintUserMessages: [EnemyCharacter_170] Hit
[2017.09.12-04.27.25:571][302]LogBlueprintUserMessages: [EnemyCharacter_170] Hit
[2017.09.12-04.27.34:574][113]LogBlueprintUserMessages: Early EndPlayMap Detection: Level '/Game/ThirdPersonBP/Maps/ThirdPersonExampleMap.ThirdPersonExampleMap:PersistentLevel' has LevelScriptBlueprint '/Game/ThirdPersonBP/Maps/ThirdPersonExampleMap.ThirdPersonExampleMap:PersistentLevel.ThirdPersonExampleMap' with GeneratedClass '/Game/ThirdPersonBP/Maps/ThirdPersonExampleMap.ThirdPersonExampleMap_C' with ClassGeneratedBy '/Game/ThirdPersonBP/Maps/ThirdPersonExampleMap.ThirdPersonExampleMap:PersistentLevel.ThirdPersonExampleMap'
[2017.09.12-04.27.34:674][113]LogBlueprintUserMessages: Late EndPlayMap Detection: Level '/Game/ThirdPersonBP/Maps/ThirdPersonExampleMap.ThirdPersonExampleMap:PersistentLevel' has LevelScriptBlueprint '/Game/ThirdPersonBP/Maps/ThirdPersonExampleMap.ThirdPersonExampleMap:PersistentLevel.ThirdPersonExampleMap' with GeneratedClass '/Game/ThirdPersonBP/Maps/ThirdPersonExampleMap.ThirdPersonExampleMap_C' with ClassGeneratedBy '/Game/ThirdPersonBP/Maps/ThirdPersonExampleMap.ThirdPersonExampleMap:PersistentLevel.ThirdPersonExampleMap'
[2017.09.12-04.27.50:929][588]BlueprintLog: New page: Compile ThirdPersonCharacter
[2017.09.12-04.27.51:159][588]AnimBlueprint: Warning: SLOTNODE: 'Hit' in animation instance class Combat_AnimBP_C already exists. Remove duplicates from the animation graph for this class.
[2017.09.12-04.27.51:159][588]AnimBlueprint: Warning: SLOTNODE: 'Injured' in animation instance class Combat_AnimBP_C already exists. Remove duplicates from the animation graph for this class.
[2017.09.12-04.27.51:173][588]AnimBlueprint: Warning: SLOTNODE: 'Hit' in animation instance class Combat_AnimBP_C already exists. Remove duplicates from the animation graph for this class.
[2017.09.12-04.27.51:173][588]AnimBlueprint: Warning: SLOTNODE: 'Injured' in animation instance class Combat_AnimBP_C already exists. Remove duplicates from the animation graph for this class.
[2017.09.12-04.27.51:174][588]AnimBlueprint: Warning: SLOTNODE: 'Hit' in animation instance class Combat_AnimBP_C already exists. Remove duplicates from the animation graph for this class.
[2017.09.12-04.27.51:174][588]AnimBlueprint: Warning: SLOTNODE: 'Injured' in animation instance class Combat_AnimBP_C already exists. Remove duplicates from the animation graph for this class.
[2017.09.12-04.27.51:174][588]LogScript: Warning: Accessed None trying to read property CallFunc_TryGetPawnOwner_ReturnValue2
	Combat_AnimBP_C /Engine/Transient.World_3:PersistentLevel.Actor_0.DebugSkelMeshComponent_0.Combat_AnimBP_C_2
	Function /Game/DynamicSwordAnimset/Combat_AnimBP.Combat_AnimBP_C:ExecuteUbergraph_Combat_AnimBP:0E09
[2017.09.12-04.27.51:174][588]LogScript: Warning: Accessed None trying to read property CallFunc_GetMovementComponent_ReturnValue
	Combat_AnimBP_C /Engine/Transient.World_3:PersistentLevel.Actor_0.DebugSkelMeshComponent_0.Combat_AnimBP_C_2
	Function /Game/DynamicSwordAnimset/Combat_AnimBP.Combat_AnimBP_C:ExecuteUbergraph_Combat_AnimBP:0E37
[2017.09.12-04.27.51:174][588]LogScript: Warning: Accessed None trying to read property CallFunc_TryGetPawnOwner_ReturnValue2
	Combat_AnimBP_C /Engine/Transient.World_3:PersistentLevel.Actor_0.DebugSkelMeshComponent_0.Combat_AnimBP_C_2
	Function /Game/DynamicSwordAnimset/Combat_AnimBP.Combat_AnimBP_C:ExecuteUbergraph_Combat_AnimBP:0E9A
[2017.09.12-04.27.51:174][588]LogScript: Warning: Accessed None trying to read property CallFunc_TryGetPawnOwner_ReturnValue2
	Combat_AnimBP_C /Engine/Transient.World_3:PersistentLevel.Actor_0.DebugSkelMeshComponent_0.Combat_AnimBP_C_2
	Function /Game/DynamicSwordAnimset/Combat_AnimBP.Combat_AnimBP_C:ExecuteUbergraph_Combat_AnimBP:0F70
[2017.09.12-04.27.51:174][588]LogScript: Warning: Accessed None trying to read property CallFunc_TryGetPawnOwner_ReturnValue2
	Combat_AnimBP_C /Engine/Transient.World_3:PersistentLevel.Actor_0.DebugSkelMeshComponent_0.Combat_AnimBP_C_2
	Function /Game/DynamicSwordAnimset/Combat_AnimBP.Combat_AnimBP_C:ExecuteUbergraph_Combat_AnimBP:10A8
[2017.09.12-04.27.51:176][588]AnimBlueprint: Warning: SLOTNODE: 'Hit' in animation instance class Combat_AnimBP_C already exists. Remove duplicates from the animation graph for this class.
[2017.09.12-04.27.51:176][588]AnimBlueprint: Warning: SLOTNODE: 'Injured' in animation instance class Combat_AnimBP_C already exists. Remove duplicates from the animation graph for this class.
[2017.09.12-04.27.51:176][588]LogScript: Warning: Accessed None trying to read property CallFunc_TryGetPawnOwner_ReturnValue2
	Combat_AnimBP_C /Engine/Transient.World_9:PersistentLevel.SkeletalMeshActor_1.SkeletalMeshComponent0.Combat_AnimBP_C_4
	Function /Game/DynamicSwordAnimset/Combat_AnimBP.Combat_AnimBP_C:ExecuteUbergraph_Combat_AnimBP:0E09
[2017.09.12-04.27.51:176][588]LogScript: Warning: Accessed None trying to read property CallFunc_GetMovementComponent_ReturnValue
	Combat_AnimBP_C /Engine/Transient.World_9:PersistentLevel.SkeletalMeshActor_1.SkeletalMeshComponent0.Combat_AnimBP_C_4
	Function /Game/DynamicSwordAnimset/Combat_AnimBP.Combat_AnimBP_C:ExecuteUbergraph_Combat_AnimBP:0E37
[2017.09.12-04.27.51:176][588]LogScript: Warning: Accessed None trying to read property CallFunc_TryGetPawnOwner_ReturnValue2
	Combat_AnimBP_C /Engine/Transient.World_9:PersistentLevel.SkeletalMeshActor_1.SkeletalMeshComponent0.Combat_AnimBP_C_4
	Function /Game/DynamicSwordAnimset/Combat_AnimBP.Combat_AnimBP_C:ExecuteUbergraph_Combat_AnimBP:0E9A
[2017.09.12-04.27.51:176][588]LogScript: Warning: Accessed None trying to read property CallFunc_TryGetPawnOwner_ReturnValue2
	Combat_AnimBP_C /Engine/Transient.World_9:PersistentLevel.SkeletalMeshActor_1.SkeletalMeshComponent0.Combat_AnimBP_C_4
	Function /Game/DynamicSwordAnimset/Combat_AnimBP.Combat_AnimBP_C:ExecuteUbergraph_Combat_AnimBP:0F70
[2017.09.12-04.27.51:176][588]LogScript: Warning: Accessed None trying to read property CallFunc_TryGetPawnOwner_ReturnValue2
	Combat_AnimBP_C /Engine/Transient.World_9:PersistentLevel.SkeletalMeshActor_1.SkeletalMeshComponent0.Combat_AnimBP_C_4
	Function /Game/DynamicSwordAnimset/Combat_AnimBP.Combat_AnimBP_C:ExecuteUbergraph_Combat_AnimBP:10A8
[2017.09.12-04.27.51:177][588]AnimBlueprint: Warning: SLOTNODE: 'Hit' in animation instance class Combat_AnimBP_C already exists. Remove duplicates from the animation graph for this class.
[2017.09.12-04.27.51:177][588]AnimBlueprint: Warning: SLOTNODE: 'Injured' in animation instance class Combat_AnimBP_C already exists. Remove duplicates from the animation graph for this class.
[2017.09.12-04.27.51:179][588]AnimBlueprint: Warning: SLOTNODE: 'Hit' in animation instance class Combat_AnimBP_C already exists. Remove duplicates from the animation graph for this class.
[2017.09.12-04.27.51:179][588]AnimBlueprint: Warning: SLOTNODE: 'Injured' in animation instance class Combat_AnimBP_C already exists. Remove duplicates from the animation graph for this class.
[2017.09.12-04.27.51:180][588]AnimBlueprint: Warning: SLOTNODE: 'Hit' in animation instance class Combat_AnimBP_C already exists. Remove duplicates from the animation graph for this class.
[2017.09.12-04.27.51:180][588]AnimBlueprint: Warning: SLOTNODE: 'Injured' in animation instance class Combat_AnimBP_C already exists. Remove duplicates from the animation graph for this class.
[2017.09.12-04.27.51:181][588]AnimBlueprint: Warning: SLOTNODE: 'Hit' in animation instance class Combat_AnimBP_C already exists. Remove duplicates from the animation graph for this class.
[2017.09.12-04.27.51:182][588]AnimBlueprint: Warning: SLOTNODE: 'Injured' in animation instance class Combat_AnimBP_C already exists. Remove duplicates from the animation graph for this class.
[2017.09.12-04.27.51:183][588]AnimBlueprint: Warning: SLOTNODE: 'Hit' in animation instance class Combat_AnimBP_C already exists. Remove duplicates from the animation graph for this class.
[2017.09.12-04.27.51:183][588]AnimBlueprint: Warning: SLOTNODE: 'Injured' in animation instance class Combat_AnimBP_C already exists. Remove duplicates from the animation graph for this class.
[2017.09.12-04.27.51:184][588]AnimBlueprint: Warning: SLOTNODE: 'Hit' in animation instance class Combat_AnimBP_C already exists. Remove duplicates from the animation graph for this class.
[2017.09.12-04.27.51:184][588]AnimBlueprint: Warning: SLOTNODE: 'Injured' in animation instance class Combat_AnimBP_C already exists. Remove duplicates from the animation graph for this class.
[2017.09.12-04.27.51:431][588]AnimBlueprint: Warning: SLOTNODE: 'Hit' in animation instance class Combat_AnimBP_C already exists. Remove duplicates from the animation graph for this class.
[2017.09.12-04.27.51:431][588]AnimBlueprint: Warning: SLOTNODE: 'Injured' in animation instance class Combat_AnimBP_C already exists. Remove duplicates from the animation graph for this class.
[2017.09.12-04.27.51:433][588]AnimBlueprint: Warning: SLOTNODE: 'Hit' in animation instance class Combat_AnimBP_C already exists. Remove duplicates from the animation graph for this class.
[2017.09.12-04.27.51:433][588]AnimBlueprint: Warning: SLOTNODE: 'Injured' in animation instance class Combat_AnimBP_C already exists. Remove duplicates from the animation graph for this class.
[2017.09.12-04.27.51:436][588]AnimBlueprint: Warning: SLOTNODE: 'Hit' in animation instance class Combat_AnimBP_C already exists. Remove duplicates from the animation graph for this class.
[2017.09.12-04.27.51:436][588]AnimBlueprint: Warning: SLOTNODE: 'Injured' in animation instance class Combat_AnimBP_C already exists. Remove duplicates from the animation graph for this class.
[2017.09.12-04.27.52:894][703]Cmd: OBJ SAVEPACKAGE PACKAGE="/Game/ThirdPersonBP/Blueprints/ThirdPersonCharacter" FILE="../../../../../CombatGame/Content/ThirdPersonBP/Blueprints/ThirdPersonCharacter.uasset" SILENT=true
[2017.09.12-04.27.53:232][703]LogSavePackage: Save=331.14ms
[2017.09.12-04.27.53:232][703]LogSavePackage: Moving '../../../../../CombatGame/Saved/ThirdPersonCharacter262366A04D4AF4C8AB8125996DCE8F23.tmp' to '../../../../../CombatGame/Content/ThirdPersonBP/Blueprints/ThirdPersonCharacter.uasset'
[2017.09.12-04.27.53:235][703]LogSavePackage: Display: Finished SavePackage ../../../../../CombatGame/Content/ThirdPersonBP/Blueprints/ThirdPersonCharacter.uasset
[2017.09.12-04.28.30:741][311]Cmd: OBJ SAVEPACKAGE PACKAGE="/Game/ThirdPersonBP/Blueprints/ThirdPersonCharacter" FILE="../../../../../CombatGame/Content/ThirdPersonBP/Blueprints/ThirdPersonCharacter.uasset" SILENT=true
[2017.09.12-04.28.31:076][311]LogSavePackage: Save=330.54ms
[2017.09.12-04.28.31:076][311]LogSavePackage: Moving '../../../../../CombatGame/Saved/ThirdPersonCharacterBCF0DF4F402D2FF81E39B49FC51362E0.tmp' to '../../../../../CombatGame/Content/ThirdPersonBP/Blueprints/ThirdPersonCharacter.uasset'
[2017.09.12-04.28.31:077][311]LogSavePackage: Display: Finished SavePackage ../../../../../CombatGame/Content/ThirdPersonBP/Blueprints/ThirdPersonCharacter.uasset
[2017.09.12-04.29.00:724][823]LogSavePackage: Save=92.20ms
[2017.09.12-04.29.00:724][823]LogSavePackage: Moving '../../../../../CombatGame/Saved/ThirdPersonExampleMap_Auto1BE9D3C3A41C3455DBEB39D844C596421.tmp' to '../../../../../CombatGame/Saved/Autosaves/Game/ThirdPersonBP/Maps/ThirdPersonExampleMap_Auto1.umap'
[2017.09.12-04.29.00:726][823]LogSavePackage: Display: Finished SavePackage ../../../../../CombatGame/Saved/Autosaves/Game/ThirdPersonBP/Maps/ThirdPersonExampleMap_Auto1.umap
[2017.09.12-04.29.00:763][823]LogFileHelpers: Editor autosave (incl. sublevels) for '/Game/ThirdPersonBP/Maps/ThirdPersonExampleMap' took 0.235
[2017.09.12-04.29.00:763][823]LogFileHelpers: Editor autosave (incl. sublevels) for all levels took 0.235
[2017.09.12-04.56.05:898][689]LogEditorViewport: Clicking on Actor (LMB): EnemyCharacter_C (EnemyCharacter)
[2017.09.12-04.56.09:617][ 48]LogEditorViewport: Clicking on Actor (LMB): EnemyCharacter_C (EnemyCharacter)
[2017.09.12-04.56.13:846][498]LogScript: Warning: Accessed None trying to read property CallFunc_TryGetPawnOwner_ReturnValue2
	Combat_AnimBP_C /Engine/Transient.World_3:PersistentLevel.Actor_0.DebugSkelMeshComponent_0.Combat_AnimBP_C_2
	Function /Game/DynamicSwordAnimset/Combat_AnimBP.Combat_AnimBP_C:ExecuteUbergraph_Combat_AnimBP:0E09
[2017.09.12-04.56.13:846][498]LogScript: Warning: Accessed None trying to read property CallFunc_GetMovementComponent_ReturnValue
	Combat_AnimBP_C /Engine/Transient.World_3:PersistentLevel.Actor_0.DebugSkelMeshComponent_0.Combat_AnimBP_C_2
	Function /Game/DynamicSwordAnimset/Combat_AnimBP.Combat_AnimBP_C:ExecuteUbergraph_Combat_AnimBP:0E37
[2017.09.12-04.56.13:846][498]LogScript: Warning: Accessed None trying to read property CallFunc_TryGetPawnOwner_ReturnValue2
	Combat_AnimBP_C /Engine/Transient.World_3:PersistentLevel.Actor_0.DebugSkelMeshComponent_0.Combat_AnimBP_C_2
	Function /Game/DynamicSwordAnimset/Combat_AnimBP.Combat_AnimBP_C:ExecuteUbergraph_Combat_AnimBP:0E9A
[2017.09.12-04.56.13:846][498]LogScript: Warning: Accessed None trying to read property CallFunc_TryGetPawnOwner_ReturnValue2
	Combat_AnimBP_C /Engine/Transient.World_3:PersistentLevel.Actor_0.DebugSkelMeshComponent_0.Combat_AnimBP_C_2
	Function /Game/DynamicSwordAnimset/Combat_AnimBP.Combat_AnimBP_C:ExecuteUbergraph_Combat_AnimBP:0F70
[2017.09.12-04.56.13:846][498]LogScript: Warning: Accessed None trying to read property CallFunc_TryGetPawnOwner_ReturnValue2
	Combat_AnimBP_C /Engine/Transient.World_3:PersistentLevel.Actor_0.DebugSkelMeshComponent_0.Combat_AnimBP_C_2
	Function /Game/DynamicSwordAnimset/Combat_AnimBP.Combat_AnimBP_C:ExecuteUbergraph_Combat_AnimBP:10A8
[2017.09.12-04.56.13:869][499]LogScript: Warning: Accessed None trying to read property CallFunc_TryGetPawnOwner_ReturnValue2
	Combat_AnimBP_C /Engine/Transient.World_3:PersistentLevel.Actor_0.DebugSkelMeshComponent_0.Combat_AnimBP_C_2
	Function /Game/DynamicSwordAnimset/Combat_AnimBP.Combat_AnimBP_C:ExecuteUbergraph_Combat_AnimBP:0E09
[2017.09.12-04.56.13:869][499]LogScript: Warning: Accessed None trying to read property CallFunc_GetMovementComponent_ReturnValue
	Combat_AnimBP_C /Engine/Transient.World_3:PersistentLevel.Actor_0.DebugSkelMeshComponent_0.Combat_AnimBP_C_2
	Function /Game/DynamicSwordAnimset/Combat_AnimBP.Combat_AnimBP_C:ExecuteUbergraph_Combat_AnimBP:0E37
[2017.09.12-04.56.26:128][615]LogActorComponent: RegisterComponentWithWorld: (/Engine/Transient.World_13:PersistentLevel.Actor_2.DebugSkelMeshComponent_4) Already registered. Aborting.
[2017.09.12-04.56.26:162][615]LogSkeletalMesh: USkeletalMeshComponent::InitArticulated : Bodies already created (/Engine/Transient.World_13:PersistentLevel.Actor_2.DebugSkelMeshComponent_4) - call TermArticulated first.
[2017.09.12-04.56.46:692][815]LogActorComponent: RegisterComponentWithWorld: (/Engine/Transient.World_14:PersistentLevel.Actor_3.DebugSkelMeshComponent_5) Already registered. Aborting.
[2017.09.12-04.56.46:720][815]LogSkeletalMesh: USkeletalMeshComponent::InitArticulated : Bodies already created (/Engine/Transient.World_14:PersistentLevel.Actor_3.DebugSkelMeshComponent_5) - call TermArticulated first.
[2017.09.12-04.56.46:931][815]LogContentBrowser: Verbose: The majority of assets in the view are of type: AnimSequence
[2017.09.12-04.58.35:510][438]LogContentBrowser: Verbose: The majority of assets in the view are of type: None
[2017.09.12-04.58.37:307][652]LogContentBrowser: Verbose: The majority of assets in the view are of type: AnimSequence
[2017.09.12-04.58.38:550][800]LogContentBrowser: Verbose: The majority of assets in the view are of type: None
[2017.09.12-04.58.39:360][897]LogContentBrowser: Verbose: The majority of assets in the view are of type: AnimSequence
[2017.09.12-04.58.40:186][995]LogContentBrowser: Verbose: The majority of assets in the view are of type: None
[2017.09.12-04.58.40:930][ 84]LogContentBrowser: Verbose: The majority of assets in the view are of type: AnimSequence
[2017.09.12-04.59.27:326][317]Cmd: QUIT_EDITOR
[2017.09.12-04.59.28:305][317]LogWindowsTextInputMethodSystem: Display: IME system now activated using TSF (微软拼音).
[2017.09.12-04.59.28:355][317]LogExit: Preparing to exit.
[2017.09.12-04.59.29:177][317]LogDirectoryWatcher: A directory notification for 'E:/CombatGame/Content/' was aborted.
[2017.09.12-04.59.29:344][317]LogExit: Editor shut down
[2017.09.12-04.59.29:365][317]LogExit: Transaction tracking system shut down
[2017.09.12-04.59.29:630][317]LogDirectoryWatcher: A directory notification for '../../../Engine/Content/' was aborted.
[2017.09.12-04.59.29:630][317]LogDirectoryWatcher: A directory notification for '../../../../../CombatGame/Content/' was aborted.
[2017.09.12-04.59.29:630][317]LogDirectoryWatcher: A directory notification for '../../../Engine/Plugins/2D/Paper2D/Content/' was aborted.
[2017.09.12-04.59.29:630][317]LogDirectoryWatcher: A directory notification for '../../../Engine/Plugins/Runtime/Oculus/OculusVR/Content/' was aborted.
[2017.09.12-04.59.29:631][317]LogDirectoryWatcher: A directory notification for '../../../Engine/Plugins/Runtime/Steam/SteamVR/Content/' was aborted.
[2017.09.12-04.59.30:607][317]LogExit: Object subsystem successfully closed.
[2017.09.12-04.59.30:750][317]LogD3D11RHI: Shutdown
[2017.09.12-04.59.30:762][317]LogD3D11RHI: CleanupD3DDevice
[2017.09.12-04.59.30:980][317]LogD3D11RHI: ~FD3D11DynamicRHI
[2017.09.12-04.59.31:611][317]LogModuleManager: Shutting down and abandoning module SkeletalMeshEditor (552)
[2017.09.12-04.59.31:611][317]LogModuleManager: Shutting down and abandoning module MovieSceneCapture (550)
[2017.09.12-04.59.31:611][317]LogModuleManager: Shutting down and abandoning module ClothingSystemEditorInterface (548)
[2017.09.12-04.59.31:611][317]LogModuleManager: Shutting down and abandoning module AnimationEditor (546)
[2017.09.12-04.59.31:611][317]LogModuleManager: Shutting down and abandoning module DistCurveEditor (544)
[2017.09.12-04.59.31:611][317]LogModuleManager: Shutting down and abandoning module Cascade (542)
[2017.09.12-04.59.31:611][317]LogModuleManager: Shutting down and abandoning module SkeletonEditor (540)
[2017.09.12-04.59.31:622][317]LogModuleManager: Shutting down and abandoning module AnimationBlueprintEditor (538)
[2017.09.12-04.59.31:634][317]LogModuleManager: Shutting down and abandoning module BlueprintGraph (536)
[2017.09.12-04.59.31:634][317]LogModuleManager: Shutting down and abandoning module BlueprintProfiler (534)
[2017.09.12-04.59.31:657][317]LogModuleManager: Shutting down and abandoning module HierarchicalLODOutliner (532)
[2017.09.12-04.59.31:657][317]LogModuleManager: Shutting down and abandoning module WorldBrowser (530)
[2017.09.12-04.59.31:663][317]LogModuleManager: Shutting down and abandoning module SceneOutliner (528)
[2017.09.12-04.59.31:669][317]LogModuleManager: Shutting down and abandoning module AddContentDialog (526)
[2017.09.12-04.59.31:680][317]LogDirectoryWatcher: A directory notification for 'E:/Ue4/UE_4.17/FeaturePacks/' was aborted.
[2017.09.12-04.59.31:685][317]LogModuleManager: Shutting down and abandoning module WidgetCarousel (525)
[2017.09.12-04.59.31:685][317]LogModuleManager: Shutting down and abandoning module EditorWidgets (522)
[2017.09.12-04.59.31:685][317]LogModuleManager: Shutting down and abandoning module CollectionManager (520)
[2017.09.12-04.59.31:695][317]LogDirectoryWatcher: A directory notification for 'E:/CombatGame/Content/Collections/' was aborted.
[2017.09.12-04.59.31:695][317]LogDirectoryWatcher: A directory notification for 'E:/CombatGame/Content/Developers/Administrator/Collections/' was aborted.
[2017.09.12-04.59.31:695][317]LogDirectoryWatcher: A directory notification for 'E:/CombatGame/Saved/Collections/' was aborted.
[2017.09.12-04.59.31:695][317]LogModuleManager: Shutting down and abandoning module StatsViewer (518)
[2017.09.12-04.59.31:708][317]LogModuleManager: Shutting down and abandoning module FoliageEdit (516)
[2017.09.12-04.59.31:708][317]LogModuleManager: Shutting down and abandoning module LandscapeEditor (514)
[2017.09.12-04.59.31:725][317]LogModuleManager: Shutting down and abandoning module MeshPaintMode (512)
[2017.09.12-04.59.31:725][317]LogModuleManager: Shutting down and abandoning module SceneDepthPickerMode (510)
[2017.09.12-04.59.31:725][317]LogModuleManager: Shutting down and abandoning module ActorPickerMode (508)
[2017.09.12-04.59.31:725][317]LogModuleManager: Shutting down and abandoning module GeometryMode (506)
[2017.09.12-04.59.31:725][317]LogModuleManager: Shutting down and abandoning module TextureAlignMode (504)
[2017.09.12-04.59.31:725][317]LogModuleManager: Shutting down and abandoning module BspMode (502)
[2017.09.12-04.59.31:735][317]LogModuleManager: Shutting down and abandoning module PIEPreviewDeviceProfileSelector (500)
[2017.09.12-04.59.31:735][317]LogModuleManager: Shutting down and abandoning module HardwareSurvey (498)
[2017.09.12-04.59.31:735][317]LogModuleManager: Shutting down and abandoning module SequenceRecorderSections (496)
[2017.09.12-04.59.31:744][317]LogModuleManager: Shutting down and abandoning module AutomationWorker (494)
[2017.09.12-04.59.31:750][317]LogModuleManager: Shutting down and abandoning module MatineeToLevelSequence (492)
[2017.09.12-04.59.31:758][317]LogModuleManager: Shutting down and abandoning module LevelSequenceEditor (490)
[2017.09.12-04.59.31:782][317]LogModuleManager: Shutting down and abandoning module PlacementMode (489)
[2017.09.12-04.59.31:782][317]LogModuleManager: Shutting down and abandoning module WmfMediaFactory (486)
[2017.09.12-04.59.31:782][317]LogModuleManager: Shutting down and abandoning module WmfMediaEditor (484)
[2017.09.12-04.59.31:782][317]LogModuleManager: Shutting down and abandoning module AvfMediaFactory (482)
[2017.09.12-04.59.31:782][317]LogModuleManager: Shutting down and abandoning module AvfMediaEditor (480)
[2017.09.12-04.59.31:782][317]LogModuleManager: Shutting down and abandoning module AndroidMediaFactory (478)
[2017.09.12-04.59.31:782][317]LogModuleManager: Shutting down and abandoning module Media (477)
[2017.09.12-04.59.31:782][317]LogModuleManager: Shutting down and abandoning module AndroidMediaEditor (474)
[2017.09.12-04.59.31:782][317]LogModuleManager: Shutting down and abandoning module CharacterAI (472)
[2017.09.12-04.59.31:782][317]LogModuleManager: Shutting down and abandoning module AudioCapture (470)
[2017.09.12-04.59.31:782][317]LogModuleManager: Shutting down and abandoning module SequenceRecorder (469)
[2017.09.12-04.59.31:782][317]LogModuleManager: Shutting down and abandoning module SmartSnapping (466)
[2017.09.12-04.59.31:782][317]LogModuleManager: Shutting down and abandoning module SessionServices (464)
[2017.09.12-04.59.31:782][317]LogModuleManager: Shutting down and abandoning module ViewportSnapping (462)
[2017.09.12-04.59.31:783][317]LogModuleManager: Shutting down and abandoning module ViewportInteraction (460)
[2017.09.12-04.59.31:783][317]LogModuleManager: Shutting down and abandoning module ClothPainter (458)
[2017.09.12-04.59.31:806][317]LogModuleManager: Shutting down and abandoning module LogVisualizer (456)
[2017.09.12-04.59.31:823][317]LogModuleManager: Shutting down and abandoning module IntroTutorials (454)
[2017.09.12-04.59.31:838][317]LogModuleManager: Shutting down and abandoning module GameProjectGeneration (453)
[2017.09.12-04.59.31:847][317]LogModuleManager: Shutting down and abandoning module IOSPlatformEditor (450)
[2017.09.12-04.59.31:847][317]LogModuleManager: Shutting down and abandoning module HTML5PlatformEditor (448)
[2017.09.12-04.59.31:847][317]LogModuleManager: Shutting down and abandoning module AndroidPlatformEditor (446)
[2017.09.12-04.59.31:847][317]LogModuleManager: Shutting down and abandoning module AndroidDeviceDetection (445)
[2017.09.12-04.59.32:004][317]LogModuleManager: Shutting down and abandoning module WindowsPlatformEditor (442)
[2017.09.12-04.59.32:004][317]LogModuleManager: Shutting down and abandoning module IOSRuntimeSettings (440)
[2017.09.12-04.59.32:004][317]LogModuleManager: Shutting down and abandoning module AndroidRuntimeSettings (438)
[2017.09.12-04.59.32:004][317]LogModuleManager: Shutting down and abandoning module InputBindingEditor (436)
[2017.09.12-04.59.32:016][317]LogModuleManager: Shutting down and abandoning module MergeActors (434)
[2017.09.12-04.59.32:026][317]LogModuleManager: Shutting down and abandoning module SizeMap (432)
[2017.09.12-04.59.32:026][317]LogModuleManager: Shutting down and abandoning module TreeMap (430)
[2017.09.12-04.59.32:034][317]LogModuleManager: Shutting down and abandoning module ReferenceViewer (428)
[2017.09.12-04.59.32:034][317]LogModuleManager: Shutting down and abandoning module LocalizationDashboard (426)
[2017.09.12-04.59.32:046][317]LogModuleManager: Shutting down and abandoning module LocalizationService (425)
[2017.09.12-04.59.32:046][317]LogModuleManager: Shutting down and abandoning module HardwareTargeting (422)
[2017.09.12-04.59.32:046][317]LogModuleManager: Shutting down and abandoning module DeviceProfileEditor (420)
[2017.09.12-04.59.32:050][317]LogModuleManager: Shutting down and abandoning module UndoHistory (418)
[2017.09.12-04.59.32:050][317]LogModuleManager: Shutting down and abandoning module XmlParser (416)
[2017.09.12-04.59.32:054][317]LogModuleManager: Shutting down and abandoning module Blutility (414)
[2017.09.12-04.59.32:054][317]LogModuleManager: Shutting down and abandoning module ProjectSettingsViewer (412)
[2017.09.12-04.59.32:054][317]LogModuleManager: Shutting down and abandoning module ProjectTargetPlatformEditor (411)
[2017.09.12-04.59.32:055][317]LogModuleManager: Shutting down and abandoning module EditorSettingsViewer (408)
[2017.09.12-04.59.32:055][317]LogModuleManager: Shutting down and abandoning module SettingsEditor (406)
[2017.09.12-04.59.32:064][317]LogModuleManager: Shutting down and abandoning module ProjectLauncher (404)
[2017.09.12-04.59.32:075][317]LogModuleManager: Shutting down and abandoning module SessionFrontend (402)
[2017.09.12-04.59.32:080][317]LogModuleManager: Shutting down and abandoning module ProfilerClient (400)
[2017.09.12-04.59.32:085][317]LogModuleManager: Shutting down and abandoning module DeviceManager (398)
[2017.09.12-04.59.32:101][317]LogModuleManager: Shutting down and abandoning module TargetDeviceServices (397)
[2017.09.12-04.59.32:157][317]LogModuleManager: Shutting down and abandoning module AutomationController (394)
[2017.09.12-04.59.32:168][317]LogModuleManager: Shutting down and abandoning module AutomationWindow (392)
[2017.09.12-04.59.32:188][317]LogModuleManager: Shutting down and abandoning module Layers (390)
[2017.09.12-04.59.32:202][317]LogModuleManager: Shutting down and abandoning module ComponentVisualizers (388)
[2017.09.12-04.59.32:202][317]LogModuleManager: Shutting down and abandoning module DetailCustomizations (386)
[2017.09.12-04.59.32:210][317]LogModuleManager: Shutting down and abandoning module PackagesDialog (384)
[2017.09.12-04.59.32:211][317]LogModuleManager: Shutting down and abandoning module Persona (382)
[2017.09.12-04.59.32:211][317]LogModuleManager: Shutting down and abandoning module AdvancedPreviewScene (381)
[2017.09.12-04.59.32:211][317]LogModuleManager: Shutting down and abandoning module AnimGraph (379)
[2017.09.12-04.59.32:211][317]LogModuleManager: Shutting down and abandoning module Kismet (376)
[2017.09.12-04.59.32:217][317]LogModuleManager: Shutting down and abandoning module ClassViewer (374)
[2017.09.12-04.59.32:217][317]LogModuleManager: Shutting down and abandoning module Toolbox (372)
[2017.09.12-04.59.32:217][317]LogModuleManager: Shutting down and abandoning module ModuleUI (370)
[2017.09.12-04.59.32:218][317]LogModuleManager: Shutting down and abandoning module MovieSceneTools (368)
[2017.09.12-04.59.32:235][317]LogModuleManager: Shutting down and abandoning module OutputLog (366)
[2017.09.12-04.59.32:235][317]LogModuleManager: Shutting down and abandoning module GammaUI (364)
[2017.09.12-04.59.32:241][317]LogModuleManager: Shutting down and abandoning module Documentation (362)
[2017.09.12-04.59.32:241][317]LogModuleManager: Shutting down and abandoning module MovieSceneTracks (360)
[2017.09.12-04.59.32:241][317]LogModuleManager: Shutting down and abandoning module MovieScene (358)
[2017.09.12-04.59.32:241][317]LogModuleManager: Shutting down and abandoning module Niagara (356)
[2017.09.12-04.59.32:241][317]LogModuleManager: Shutting down and abandoning module NiagaraEditor (355)
[2017.09.12-04.59.32:268][317]LogModuleManager: Shutting down and abandoning module StreamingPauseRendering (352)
[2017.09.12-04.59.32:268][317]LogModuleManager: Shutting down and abandoning module LauncherPlatform (350)
[2017.09.12-04.59.32:268][317]LogModuleManager: Shutting down and abandoning module AnalyticsET (348)
[2017.09.12-04.59.32:268][317]LogModuleManager: Shutting down and abandoning module PortalServices (346)
[2017.09.12-04.59.32:268][317]LogModuleManager: Shutting down and abandoning module PortalRpc (344)
[2017.09.12-04.59.32:268][317]LogModuleManager: Shutting down and abandoning module MessagingRpc (342)
[2017.09.12-04.59.32:268][317]LogModuleManager: Shutting down and abandoning module AIModule (340)
[2017.09.12-04.59.32:268][317]LogModuleManager: Shutting down and abandoning module GameplayDebugger (339)
[2017.09.12-04.59.32:268][317]LogModuleManager: Shutting down and abandoning module AITestSuite (337)
[2017.09.12-04.59.32:275][317]LogModuleManager: Shutting down and abandoning module ProfilerService (334)
[2017.09.12-04.59.32:336][317]LogModuleManager: Shutting down and abandoning module TaskGraph (332)
[2017.09.12-04.59.32:349][317]LogModuleManager: Shutting down and abandoning module SteamVRController (330)
[2017.09.12-04.59.32:349][317]LogModuleManager: Shutting down and abandoning module ProceduralMeshComponentEditor (328)
[2017.09.12-04.59.32:349][317]LogModuleManager: Shutting down and abandoning module ProceduralMeshComponent (326)
[2017.09.12-04.59.32:349][317]LogModuleManager: Shutting down and abandoning module OculusInput (324)
[2017.09.12-04.59.32:353][317]LogModuleManager: Shutting down and abandoning module MobilePatchingUtils (322)
[2017.09.12-04.59.32:353][317]LogModuleManager: Shutting down and abandoning module CustomMeshComponent (320)
[2017.09.12-04.59.32:353][317]LogModuleManager: Shutting down and abandoning module CableComponent (318)
[2017.09.12-04.59.32:363][317]LogModuleManager: Shutting down and abandoning module ArchVisCharacter (316)
[2017.09.12-04.59.32:363][317]LogModuleManager: Shutting down and abandoning module AndroidPermission (314)
[2017.09.12-04.59.32:363][317]LogModuleManager: Shutting down and abandoning module MediaPlayerEditor (310)
[2017.09.12-04.59.32:377][317]LogModuleManager: Shutting down and abandoning module HTML5Networking (308)
[2017.09.12-04.59.32:377][317]LogModuleManager: Shutting down and abandoning module AlembicImporter (306)
[2017.09.12-04.59.32:387][317]LogModuleManager: Shutting down and abandoning module AlembicLibrary (305)
[2017.09.12-04.59.32:387][317]LogModuleManager: Shutting down and abandoning module GeometryCache (304)
[2017.09.12-04.59.32:387][317]LogModuleManager: Shutting down and abandoning module GeometryCacheEd (303)
[2017.09.12-04.59.32:387][317]LogModuleManager: Shutting down and abandoning module SpeedTreeImporter (298)
[2017.09.12-04.59.32:387][317]LogModuleManager: Shutting down and abandoning module PluginBrowser (296)
[2017.09.12-04.59.32:398][317]LogModuleManager: Shutting down and abandoning module MobileLauncherProfileWizard (294)
[2017.09.12-04.59.32:407][317]LogModuleManager: Shutting down and abandoning module VisualStudioSourceCodeAccess (292)
[2017.09.12-04.59.32:407][317]LogModuleManager: Shutting down and abandoning module DesktopPlatform (291)
[2017.09.12-04.59.32:418][317]LogModuleManager: Shutting down and abandoning module UObjectPlugin (288)
[2017.09.12-04.59.32:418][317]LogModuleManager: Shutting down and abandoning module SubversionSourceControl (286)
[2017.09.12-04.59.32:424][317]LogModuleManager: Shutting down and abandoning module PerforceSourceControl (284)
[2017.09.12-04.59.32:437][317]LogModuleManager: Shutting down and abandoning module GitSourceControl (282)
[2017.09.12-04.59.32:450][317]LogModuleManager: Shutting down and abandoning module SourceControl (281)
[2017.09.12-04.59.32:460][317]LogModuleManager: Shutting down and abandoning module LightPropagationVolumeEditor (278)
[2017.09.12-04.59.32:460][317]LogModuleManager: Shutting down and abandoning module PaperTiledImporter (276)
[2017.09.12-04.59.32:460][317]LogModuleManager: Shutting down and abandoning module PaperSpriteSheetImporter (274)
[2017.09.12-04.59.32:460][317]LogModuleManager: Shutting down and abandoning module Paper2DEditor (272)
[2017.09.12-04.59.32:466][317]LogModuleManager: Shutting down and abandoning module MeshPaint (271)
[2017.09.12-04.59.32:475][317]LogModuleManager: Shutting down and abandoning module LevelEditor (269)
[2017.09.12-04.59.32:492][317]LogModuleManager: Shutting down and abandoning module PixelInspectorModule (268)
[2017.09.12-04.59.32:506][317]LogModuleManager: Shutting down and abandoning module MainFrame (266)
[2017.09.12-04.59.32:506][317]LogModuleManager: Shutting down and abandoning module HotReload (265)
[2017.09.12-04.59.32:529][317]LogModuleManager: Shutting down and abandoning module RuntimePhysXCooking (260)
[2017.09.12-04.59.32:529][317]LogModuleManager: Shutting down and abandoning module PhysXVehiclesEditor (258)
[2017.09.12-04.59.32:529][317]LogModuleManager: Shutting down and abandoning module PhysXVehicles (256)
[2017.09.12-04.59.32:529][317]LogModuleManager: Shutting down and abandoning module OculusEditor (254)
[2017.09.12-04.59.32:529][317]LogModuleManager: Shutting down and abandoning module LocationServicesBPLibrary (252)
[2017.09.12-04.59.32:529][317]LogModuleManager: Shutting down and abandoning module ImmediatePhysicsEditor (250)
[2017.09.12-04.59.32:529][317]LogModuleManager: Shutting down and abandoning module ImmediatePhysics (248)
[2017.09.12-04.59.32:542][317]LogModuleManager: Shutting down and abandoning module UdpMessaging (246)
[2017.09.12-04.59.32:642][317]LogModuleManager: Shutting down and abandoning module TcpMessaging (244)
[2017.09.12-04.59.32:753][317]LogModuleManager: Shutting down and abandoning module GameplayTagsEditor (242)
[2017.09.12-04.59.32:776][317]LogModuleManager: Shutting down and abandoning module FacialAnimationEditor (240)
[2017.09.12-04.59.32:776][317]LogModuleManager: Shutting down and abandoning module FacialAnimation (238)
[2017.09.12-04.59.32:776][317]LogModuleManager: Shutting down and abandoning module AssetManagerEditor (236)
[2017.09.12-04.59.32:790][317]LogModuleManager: Shutting down and abandoning module GraphEditor (235)
[2017.09.12-04.59.32:790][317]LogModuleManager: Shutting down and abandoning module ContentBrowser (233)
[2017.09.12-04.59.32:792][317]LogModuleManager: Shutting down and abandoning module LightPropagationVolumeRuntime (230)
[2017.09.12-04.59.32:792][317]LogModuleManager: Shutting down and abandoning module Paper2D (228)
[2017.09.12-04.59.32:798][317]LogModuleManager: Shutting down and abandoning module WindowsMoviePlayer (226)
[2017.09.12-04.59.32:803][317]LogModuleManager: Shutting down and abandoning module WmfMedia (224)
[2017.09.12-04.59.32:808][317]LogModuleManager: Shutting down and abandoning module PacketHandler (222)
[2017.09.12-04.59.32:808][317]LogModuleManager: Shutting down and abandoning module ClothingSystemEditor (220)
[2017.09.12-04.59.32:808][317]LogModuleManager: Shutting down and abandoning module ClothingSystemRuntime (218)
[2017.09.12-04.59.32:815][317]LogModuleManager: Shutting down and abandoning module Overlay (216)
[2017.09.12-04.59.32:815][317]LogModuleManager: Shutting down and abandoning module OverlayEditor (215)
[2017.09.12-04.59.32:815][317]LogModuleManager: Shutting down and abandoning module MediaAssets (212)
[2017.09.12-04.59.32:815][317]LogModuleManager: Shutting down and abandoning module VREditor (210)
[2017.09.12-04.59.32:824][317]LogModuleManager: Shutting down and abandoning module StringTableEditor (208)
[2017.09.12-04.59.32:831][317]LogModuleManager: Shutting down and abandoning module GameplayTasksEditor (206)
[2017.09.12-04.59.32:831][317]LogModuleManager: Shutting down and abandoning module BehaviorTreeEditor (204)
[2017.09.12-04.59.32:850][317]LogModuleManager: Shutting down and abandoning module FunctionalTesting (202)
[2017.09.12-04.59.32:850][317]LogModuleManager: Shutting down and abandoning module CollisionAnalyzer (200)
[2017.09.12-04.59.32:858][317]LogModuleManager: Shutting down and abandoning module WorkspaceMenuStructure (199)
[2017.09.12-04.59.32:858][317]LogModuleManager: Shutting down and abandoning module UMG (196)
[2017.09.12-04.59.32:869][317]LogModuleManager: Shutting down and abandoning module UMGEditor (195)
[2017.09.12-04.59.32:892][317]LogModuleManager: Shutting down and abandoning module Sequencer (194)
[2017.09.12-04.59.32:906][317]LogModuleManager: Shutting down and abandoning module MessageLog (191)
[2017.09.12-04.59.32:906][317]LogModuleManager: Shutting down and abandoning module SlateReflector (186)
[2017.09.12-04.59.32:927][317]LogModuleManager: Shutting down and abandoning module Slate (184)
[2017.09.12-04.59.32:927][317]LogModuleManager: Shutting down and abandoning module EditorStyle (182)
[2017.09.12-04.59.32:929][317]LogModuleManager: Shutting down and abandoning module MRMesh (180)
[2017.09.12-04.59.32:929][317]LogModuleManager: Shutting down and abandoning module SourceCodeAccess (178)
[2017.09.12-04.59.32:929][317]LogModuleManager: Shutting down and abandoning module HeadMountedDisplay (176)
[2017.09.12-04.59.32:929][317]LogModuleManager: Shutting down and abandoning module XAudio2 (174)
[2017.09.12-04.59.32:929][317]LogModuleManager: Shutting down and abandoning module Networking (172)
[2017.09.12-04.59.32:929][317]LogModuleManager: Shutting down and abandoning module Core (168)
[2017.09.12-04.59.32:929][317]LogModuleManager: Shutting down and abandoning module KismetCompiler (164)
[2017.09.12-04.59.32:929][317]LogModuleManager: Shutting down and abandoning module LevelSequence (162)
[2017.09.12-04.59.32:929][317]LogModuleManager: Shutting down and abandoning module MeshUtilities (160)
[2017.09.12-04.59.32:936][317]LogModuleManager: Shutting down and abandoning module MeshMergeUtilities (159)
[2017.09.12-04.59.32:936][317]LogModuleManager: Shutting down and abandoning module MeshReductionInterface (158)
[2017.09.12-04.59.32:936][317]LogModuleManager: Shutting down and abandoning module SimplygonSwarm (157)
[2017.09.12-04.59.32:943][317]LogModuleManager: Shutting down and abandoning module SimplygonMeshReduction (155)
[2017.09.12-04.59.32:943][317]LogModuleManager: Shutting down and abandoning module QuadricMeshReduction (153)
[2017.09.12-04.59.32:949][317]LogModuleManager: Shutting down and abandoning module MaterialBaking (149)
[2017.09.12-04.59.32:953][317]LogModuleManager: Shutting down and abandoning module DirectoryWatcher (146)
[2017.09.12-04.59.32:959][317]LogModuleManager: Shutting down and abandoning module DerivedDataCache (144)
[2017.09.12-04.59.32:990][317]LogDerivedDataCache: Shutdown
[2017.09.12-04.59.32:999][317]LogModuleManager: Shutting down and abandoning module TargetPlatform (142)
[2017.09.12-04.59.32:999][317]LogModuleManager: Shutting down and abandoning module VulkanShaderFormat (141)
[2017.09.12-04.59.33:006][317]LogModuleManager: Shutting down and abandoning module ShaderFormatVectorVM (139)
[2017.09.12-04.59.33:010][317]LogModuleManager: Shutting down and abandoning module ShaderFormatOpenGL (137)
[2017.09.12-04.59.33:017][317]LogModuleManager: Shutting down and abandoning module ShaderFormatD3D (135)
[2017.09.12-04.59.33:023][317]LogModuleManager: Shutting down and abandoning module MetalShaderFormat (133)
[2017.09.12-04.59.33:036][317]LogModuleManager: Shutting down and abandoning module TextureFormatUncompressed (131)
[2017.09.12-04.59.33:036][317]LogModuleManager: Shutting down and abandoning module TextureFormatPVR (129)
[2017.09.12-04.59.33:036][317]LogModuleManager: Shutting down and abandoning module TextureFormatDXT (127)
[2017.09.12-04.59.33:042][317]LogModuleManager: Shutting down and abandoning module TextureFormatIntelISPCTexComp (125)
[2017.09.12-04.59.33:048][317]LogModuleManager: Shutting down and abandoning module TextureFormatASTC (123)
[2017.09.12-04.59.33:048][317]LogModuleManager: Shutting down and abandoning module ImageWrapper (122)
[2017.09.12-04.59.33:048][317]LogModuleManager: Shutting down and abandoning module TextureFormatAndroid (119)
[2017.09.12-04.59.33:048][317]LogModuleManager: Shutting down and abandoning module AudioFormatOpus (117)
[2017.09.12-04.59.33:048][317]LogModuleManager: Shutting down and abandoning module AudioFormatOgg (115)
[2017.09.12-04.59.33:048][317]LogModuleManager: Shutting down and abandoning module AudioFormatADPCM (113)
[2017.09.12-04.59.33:048][317]LogModuleManager: Shutting down and abandoning module LinuxTargetPlatform (111)
[2017.09.12-04.59.33:048][317]LogModuleManager: Shutting down and abandoning module LinuxServerTargetPlatform (109)
[2017.09.12-04.59.33:048][317]LogModuleManager: Shutting down and abandoning module LinuxNoEditorTargetPlatform (107)
[2017.09.12-04.59.33:048][317]LogModuleManager: Shutting down and abandoning module LinuxClientTargetPlatform (105)
[2017.09.12-04.59.33:048][317]LogModuleManager: Shutting down and abandoning module TVOSTargetPlatform (103)
[2017.09.12-04.59.33:048][317]LogModuleManager: Shutting down and abandoning module Messaging (101)
[2017.09.12-04.59.33:048][317]LogModuleManager: Shutting down and abandoning module IOSTargetPlatform (99)
[2017.09.12-04.59.33:048][317]LogModuleManager: Shutting down and abandoning module HTML5TargetPlatform (97)
[2017.09.12-04.59.33:048][317]LogModuleManager: Shutting down and abandoning module Android_PVRTCTargetPlatform (95)
[2017.09.12-04.59.33:048][317]LogModuleManager: Shutting down and abandoning module Android_MultiTargetPlatform (93)
[2017.09.12-04.59.33:048][317]LogModuleManager: Shutting down and abandoning module Android_ETC2TargetPlatform (91)
[2017.09.12-04.59.33:048][317]LogModuleManager: Shutting down and abandoning module Android_ETC1TargetPlatform (89)
[2017.09.12-04.59.33:048][317]LogModuleManager: Shutting down and abandoning module Android_DXTTargetPlatform (87)
[2017.09.12-04.59.33:048][317]LogModuleManager: Shutting down and abandoning module Android_ATCTargetPlatform (85)
[2017.09.12-04.59.33:048][317]LogModuleManager: Shutting down and abandoning module Android_ASTCTargetPlatform (83)
[2017.09.12-04.59.33:048][317]LogModuleManager: Shutting down and abandoning module AndroidTargetPlatform (81)
[2017.09.12-04.59.33:048][317]LogModuleManager: Shutting down and abandoning module WindowsTargetPlatform (79)
[2017.09.12-04.59.33:048][317]LogModuleManager: Shutting down and abandoning module WindowsServerTargetPlatform (77)
[2017.09.12-04.59.33:048][317]LogModuleManager: Shutting down and abandoning module WindowsNoEditorTargetPlatform (75)
[2017.09.12-04.59.33:048][317]LogModuleManager: Shutting down and abandoning module WindowsClientTargetPlatform (73)
[2017.09.12-04.59.33:048][317]LogModuleManager: Shutting down and abandoning module MacTargetPlatform (71)
[2017.09.12-04.59.33:048][317]LogModuleManager: Shutting down and abandoning module MacServerTargetPlatform (69)
[2017.09.12-04.59.33:048][317]LogModuleManager: Shutting down and abandoning module MacNoEditorTargetPlatform (67)
[2017.09.12-04.59.33:048][317]LogModuleManager: Shutting down and abandoning module MacClientTargetPlatform (65)
[2017.09.12-04.59.33:048][317]LogModuleManager: Shutting down and abandoning module AllDesktopTargetPlatform (63)
[2017.09.12-04.59.33:048][317]LogModuleManager: Shutting down and abandoning module InputCore (60)
[2017.09.12-04.59.33:048][317]LogModuleManager: Shutting down and abandoning module Settings (58)
[2017.09.12-04.59.33:049][317]LogModuleManager: Shutting down and abandoning module PhysXCooking (56)
[2017.09.12-04.59.33:049][317]LogModuleManager: Shutting down and abandoning module SteamVR (54)
[2017.09.12-04.59.33:049][317]LogModuleManager: Shutting down and abandoning module OculusHMD (52)
[2017.09.12-04.59.33:054][317]LogModuleManager: Shutting down and abandoning module ExampleDeviceProfileSelector (50)
[2017.09.12-04.59.33:054][317]LogModuleManager: Shutting down and abandoning module OnlineBlueprintSupport (48)
[2017.09.12-04.59.33:054][317]LogModuleManager: Shutting down and abandoning module OnlineSubsystem (44)
[2017.09.12-04.59.33:054][317]LogOnline: Display: Unloading online subsystem: NULL
[2017.09.12-04.59.33:078][317]LogModuleManager: Shutting down and abandoning module XMPP (43)
[2017.09.12-04.59.33:089][317]LogModuleManager: Shutting down and abandoning module HTTP (41)
[2017.09.12-04.59.33:089][317]LogHttp: Display: Http module shutting down, but needs to wait on 1 outstanding Http requests:
[2017.09.12-04.59.33:093][317]LogHttp: Display: 	verb=[POST] url=[https://datarouter.ol.epicgames.com/datarouter/api/v1/public/data?SessionID=%7B4972202D-4FA7-0F4C-560F-1D95666AB85E%7D&AppID=UEEditor.Rocket.Release&AppVersion=4.17.1-3586342%2B%2B%2BUE4%2BRelease-4.17&UserID=893b13354ca6821d545100aecee18ca8%7Ce231fa7e2a0545af83bd668649ed2b81%7Cd595b111-d967-453b-91cb-b8ad080fc7f7&AppEnvironment=datacollector-binary&UploadType=eteventstream] status=Processing
[2017.09.12-04.59.33:125][317]LogModuleManager: Shutting down and abandoning module SSL (40)
[2017.09.12-04.59.33:135][317]LogModuleManager: Shutting down and abandoning module AnimationModifiers (36)
[2017.09.12-04.59.33:140][317]LogModuleManager: Shutting down and abandoning module PropertyEditor (35)
[2017.09.12-04.59.33:140][317]LogModuleManager: Shutting down and abandoning module AudioEditor (32)
[2017.09.12-04.59.33:158][317]LogModuleManager: Shutting down and abandoning module TextureCompressor (30)
[2017.09.12-04.59.33:158][317]LogModuleManager: Shutting down and abandoning module ShaderCore (28)
[2017.09.12-04.59.33:158][317]LogModuleManager: Shutting down and abandoning module Landscape (26)
[2017.09.12-04.59.33:158][317]LogModuleManager: Shutting down and abandoning module SlateRHIRenderer (24)
[2017.09.12-04.59.33:175][317]LogModuleManager: Shutting down and abandoning module OpenGLDrv (22)
[2017.09.12-04.59.33:180][317]LogModuleManager: Shutting down and abandoning module D3D11RHI (20)
[2017.09.12-04.59.33:180][317]LogModuleManager: Shutting down and abandoning module AnimGraphRuntime (18)
[2017.09.12-04.59.33:180][317]LogModuleManager: Shutting down and abandoning module Renderer (16)
[2017.09.12-04.59.33:180][317]LogModuleManager: Shutting down and abandoning module Engine (14)
[2017.09.12-04.59.33:180][317]LogModuleManager: Shutting down and abandoning module CoreUObject (12)
[2017.09.12-04.59.33:180][317]LogModuleManager: Shutting down and abandoning module NetworkFile (10)
[2017.09.12-04.59.33:180][317]LogModuleManager: Shutting down and abandoning module CookedIterativeFile (8)
[2017.09.12-04.59.33:180][317]LogModuleManager: Shutting down and abandoning module StreamingFile (6)
[2017.09.12-04.59.33:187][317]LogModuleManager: Shutting down and abandoning module SandboxFile (4)
[2017.09.12-04.59.33:187][317]LogModuleManager: Shutting down and abandoning module PakFile (2)
[2017.09.12-04.59.33:200][317]LogExit: Exiting.
[2017.09.12-04.59.33:212][317]Log file closed, 09/12/17 12:59:33
