Log file open, 08/29/17 15:29:43
LogWindows: LoadLibraryWithSearchPaths failed for file aqProf.dll. GetLastError=0
LogWindows: LoadLibraryWithSearchPaths failed for file VtuneApi.dll. GetLastError=0
LogWindows: LoadLibraryWithSearchPaths failed for file VtuneApi32e.dll. GetLastError=0
LogInit: Display: Running engine for game: CombatGame
LogPlatformFile: Not using cached read wrapper
LogInit: Display: RandInit(-1495465766) SRandInit(-1495465766).
LogTaskGraph: Started task graph with 5 named threads and 14 total threads with 3 sets of task threads.
LogStats: Stats thread started at 0.169171
LogD3D11RHI: Aftermath initialized
LogPluginManager: Mounting plugin Paper2D
LogPluginManager: Mounting plugin LightPropagationVolume
LogPluginManager: Mounting plugin CodeLiteSourceCodeAccess
LogPluginManager: Mounting plugin GitSourceControl
LogPluginManager: Mounting plugin KDevelopSourceCodeAccess
LogPluginManager: Mounting plugin NullSourceCodeAccess
LogPluginManager: Mounting plugin PerforceSourceControl
LogPluginManager: Mounting plugin SubversionSourceControl
LogPluginManager: Mounting plugin UObjectPlugin
LogPluginManager: Mounting plugin VisualStudioSourceCodeAccess
LogPluginManager: Mounting plugin XCodeSourceCodeAccess
LogPluginManager: Mounting plugin AssetManagerEditor
LogPluginManager: Mounting plugin AudioCapture
LogPluginManager: Mounting plugin FacialAnimation
LogPluginManager: Mounting plugin GameplayTagsEditor
LogPluginManager: Mounting plugin MobileLauncherProfileWizard
LogPluginManager: Mounting plugin PluginBrowser
LogPluginManager: Mounting plugin SpeedTreeImporter
LogPluginManager: Mounting plugin AlembicImporter
LogPluginManager: Mounting plugin CharacterAI
LogPluginManager: Mounting plugin HTML5Networking
LogPluginManager: Mounting plugin AndroidMedia
LogPluginManager: Mounting plugin AvfMedia
LogPluginManager: Mounting plugin MediaPlayerEditor
LogPluginManager: Mounting plugin WmfMedia
LogPluginManager: Mounting plugin TcpMessaging
LogPluginManager: Mounting plugin UdpMessaging
LogPluginManager: Mounting plugin LevelSequenceEditor
LogPluginManager: Mounting plugin MatineeToLevelSequence
LogPluginManager: Mounting plugin OnlineSubsystemGooglePlay
LogPluginManager: Mounting plugin OnlineSubsystemIOS
LogPluginManager: Mounting plugin OnlineSubsystem
LogPluginManager: Mounting plugin OnlineSubsystemNull
LogPluginManager: Mounting plugin OnlineSubsystemUtils
LogPluginManager: Mounting plugin AndroidDeviceProfileSelector
LogPluginManager: Mounting plugin AndroidMoviePlayer
LogPluginManager: Mounting plugin AndroidPermission
LogPluginManager: Mounting plugin AppleMoviePlayer
LogPluginManager: Mounting plugin ArchVisCharacter
LogPluginManager: Mounting plugin CableComponent
LogPluginManager: Mounting plugin CustomMeshComponent
LogPluginManager: Mounting plugin ExampleDeviceProfileSelector
LogPluginManager: Mounting plugin GoogleCloudMessaging
LogPluginManager: Mounting plugin ImmediatePhysics
LogPluginManager: Mounting plugin IOSDeviceProfileSelector
LogPluginManager: Mounting plugin LinuxDeviceProfileSelector
LogPluginManager: Mounting plugin LocationServicesBPLibrary
LogPluginManager: Mounting plugin MobilePatchingUtils
LogPluginManager: Mounting plugin OculusVR
LogPluginManager: Mounting plugin PhysXVehicles
LogPluginManager: Mounting plugin ProceduralMeshComponent
LogPluginManager: Mounting plugin RuntimePhysXCooking
LogPluginManager: Mounting plugin SteamVR
LogPluginManager: Mounting plugin WindowsMoviePlayer
LogInit: Using libcurl 7.47.1
LogInit:  - built for x86_64-pc-win32
LogInit:  - supports SSL with OpenSSL/1.0.2g
LogInit:  - supports HTTP deflate (compression) using libz 1.2.8
LogInit:  - other features:
LogInit:      CURL_VERSION_SSL
LogInit:      CURL_VERSION_LIBZ
LogInit:      CURL_VERSION_IPV6
LogInit:      CURL_VERSION_ASYNCHDNS
LogInit:      CURL_VERSION_LARGEFILE
LogInit:      CURL_VERSION_IDN
LogInit:  CurlRequestOptions (configurable via config and command line):
LogInit:  - bVerifyPeer = false  - Libcurl will NOT verify peer certificate
LogInit:  - bUseHttpProxy = true  - Libcurl will use HTTP proxy
LogInit:  - HttpProxyAddress = '127.0.0.1:61187'
LogInit:  - bDontReuseConnections = false  - Libcurl will reuse connections
LogInit:  - CertBundlePath = nullptr  - Libcurl will use whatever was configured at build time.
LogInit: Build: ++UE4+Release-4.17-CL-3586342
LogInit: Engine Version: 4.17.1-3586342+++UE4+Release-4.17
LogInit: Compatible Engine Version: 4.17.0-3573198+++UE4+Release-4.17
LogInit: Net CL: 3573198
LogDevObjectVersion: Number of dev versions registered: 16
LogDevObjectVersion:   Dev-Blueprints (B0D832E4-1F89-4F0D-ACCF-7EB736FD4AA2): 10
LogDevObjectVersion:   Dev-Build (E1C64328-A22C-4D53-A36C-8E866417BD8C): 0
LogDevObjectVersion:   Dev-Core (375EC13C-06E4-48FB-B500-84F0262A717E): 2
LogDevObjectVersion:   Dev-Editor (E4B068ED-F494-42E9-A231-DA0B2E46BB41): 20
LogDevObjectVersion:   Dev-Framework (CFFC743F-43B0-4480-9391-14DF171D2073): 28
LogDevObjectVersion:   Dev-Mobile (B02B49B5-BB20-44E9-A304-32B752E40360): 0
LogDevObjectVersion:   Dev-Networking (A4E4105C-59A1-49B5-A7C5-40C4547EDFEE): 0
LogDevObjectVersion:   Dev-Online (39C831C9-5AE6-47DC-9A44-9C173E1C8E7C): 0
LogDevObjectVersion:   Dev-Physics (78F01B33-EBEA-4F98-B9B4-84EACCB95AA2): 0
LogDevObjectVersion:   Dev-Platform (6631380F-2D4D-43E0-8009-CF276956A95A): 0
LogDevObjectVersion:   Dev-Rendering (12F88B9F-8875-4AFC-A67C-D90C383ABD29): 19
LogDevObjectVersion:   Dev-Sequencer (7B5AE74C-D270-4C10-A958-57980B212A5A): 4
LogDevObjectVersion:   Dev-VR (D7296918-1DD6-4BDD-9DE2-64A83CC13884): 0
LogDevObjectVersion:   Dev-LoadTimes (C2A15278-BFE7-4AFE-6C17-90FF531DF755): 1
LogDevObjectVersion:   Private-Geometry (6EACA3D4-40EC-4CC1-B786-8BED09428FC5): 1
LogDevObjectVersion:   Dev-AnimPhys (29E575DD-E0A3-4627-9D10-D276232CDCEA): 7
LogInit: Compiled (64-bit): Aug 15 2017 02:05:26
LogInit: Compiled with Visual C++: 19.00.24215.01
LogInit: Build Configuration: Development
LogInit: Branch Name: ++UE4+Release-4.17
LogInit: Command line:  
LogInit: Base directory: E:/Ue4/UE_4.17/Engine/Binaries/Win64/
LogInit: Installed Engine Build: 1
LogInit: Presizing for max 8388607 objects, including 0 objects not considered by GC, pre-allocating 0 bytes for permanent pool.
LogInit: Object subsystem initialized
[2017.08.29-07.29.43:827][  0]LogInit: Selected Device Profile: [Windows]
[2017.08.29-07.29.43:827][  0]LogInit: Applying CVar settings loaded from the selected device profile: [Windows]
[2017.08.29-07.29.43:834][  0]LogInit: Computer: CHEN-RUI
[2017.08.29-07.29.43:834][  0]LogInit: User: Administrator
[2017.08.29-07.29.43:834][  0]LogInit: CPU Page size=4096, Cores=4
[2017.08.29-07.29.43:834][  0]LogInit: High frequency timer resolution =3.515623 MHz
[2017.08.29-07.29.43:834][  0]LogMemory: Memory total: Physical=16.0GB (16GB approx)
[2017.08.29-07.29.43:834][  0]LogMemory: Platform Memory Stats for Windows
[2017.08.29-07.29.43:834][  0]LogMemory: Process Physical Memory: 279.50 MB used, 279.50 MB peak
[2017.08.29-07.29.43:834][  0]LogMemory: Process Virtual Memory: 282.37 MB used, 282.37 MB peak
[2017.08.29-07.29.43:834][  0]LogMemory: Physical Memory: 8595.34 MB used,  7747.41 MB free, 16342.75 MB total
[2017.08.29-07.29.43:834][  0]LogMemory: Virtual Memory: 676.56 MB used,  7747.41 MB free, 134217728.00 MB total
[2017.08.29-07.29.43:952][  0]LogInit: Overriding language with editor language configuration option (en).
[2017.08.29-07.29.43:952][  0]LogInit: Overriding locale with editor locale configuration option (en).
[2017.08.29-07.29.44:543][  0]LogD3D11RHI: D3D11 adapters:
[2017.08.29-07.29.44:578][  0]LogD3D11RHI:    0. 'NVIDIA GeForce GTX 1060 6GB' (Feature Level 11_0)
[2017.08.29-07.29.44:578][  0]LogD3D11RHI:       6084/0/8171 MB DedicatedVideo/DedicatedSystem/SharedSystem, Outputs:2, VendorId:0x10de
[2017.08.29-07.29.44:579][  0]LogD3D11RHI:    1. 'Microsoft Basic Render Driver' (Feature Level 11_0)
[2017.08.29-07.29.44:579][  0]LogD3D11RHI:       0/0/8171 MB DedicatedVideo/DedicatedSystem/SharedSystem, Outputs:0, VendorId:0x1414
[2017.08.29-07.29.44:579][  0]LogD3D11RHI: Chosen D3D11 Adapter: 0
[2017.08.29-07.29.44:587][  0]LogD3D11RHI: Creating new Direct3DDevice
[2017.08.29-07.29.44:587][  0]LogD3D11RHI:     GPU DeviceId: 0x1c03 (for the marketing name, search the web for "GPU Device Id")
[2017.08.29-07.29.44:587][  0]LogWindows: EnumDisplayDevices:
[2017.08.29-07.29.44:587][  0]LogWindows:    0. 'NVIDIA GeForce GTX 1060 6GB' (P:1 D:1)
[2017.08.29-07.29.44:587][  0]LogWindows:    1. 'NVIDIA GeForce GTX 1060 6GB' (P:0 D:1)
[2017.08.29-07.29.44:587][  0]LogWindows:    2. 'NVIDIA GeForce GTX 1060 6GB' (P:0 D:0)
[2017.08.29-07.29.44:587][  0]LogWindows:    3. 'NVIDIA GeForce GTX 1060 6GB' (P:0 D:0)
[2017.08.29-07.29.44:588][  0]LogWindows: DebugString: FoundDriverCount:4 
[2017.08.29-07.29.44:588][  0]LogD3D11RHI:     Adapter Name: NVIDIA GeForce GTX 1060 6GB
[2017.08.29-07.29.44:588][  0]LogD3D11RHI:   Driver Version: 382.05 (internal:22.21.13.8205, unified:382.05)
[2017.08.29-07.29.44:588][  0]LogD3D11RHI:      Driver Date: 5-1-2017
[2017.08.29-07.29.44:588][  0]LogRHI: Texture pool is 1361 MB (70% of 1945 MB)
[2017.08.29-07.29.44:612][  0]LogD3D11RHI: Async texture creation enabled
[2017.08.29-07.29.44:622][  0]LogD3D11RHI: GPU Timing Frequency: 1000.000000 (Debug: 2 1)
[2017.08.29-07.29.44:713][  0]LogShaderCompilers: Guid format shader working directory is 28 characters bigger than the processId version (../../../../../CombatGame/Intermediate/Shaders/WorkingDirectory/15660/).
[2017.08.29-07.29.44:713][  0]LogShaderCompilers: Cleaned the shader compiler working directory 'C:/Users/Administrator/AppData/Local/Temp/UnrealShaderWorkingDir/4D7C855244A754F9DC0DCA8DDD10400A/'.
[2017.08.29-07.29.44:713][  0]LogShaderCompilers: Display: Using Local Shader Compiler.
[2017.08.29-07.29.45:528][  0]LogTemp: Display: Loaded TP AllDesktopTargetPlatform
[2017.08.29-07.29.45:566][  0]LogTemp: Display: Loaded TP MacClientTargetPlatform
[2017.08.29-07.29.45:601][  0]LogTemp: Display: Loaded TP MacNoEditorTargetPlatform
[2017.08.29-07.29.45:636][  0]LogTemp: Display: Loaded TP MacServerTargetPlatform
[2017.08.29-07.29.45:673][  0]LogTemp: Display: Loaded TP MacTargetPlatform
[2017.08.29-07.29.45:708][  0]LogTemp: Display: Loaded TP WindowsClientTargetPlatform
[2017.08.29-07.29.45:741][  0]LogTemp: Display: Loaded TP WindowsNoEditorTargetPlatform
[2017.08.29-07.29.45:777][  0]LogTemp: Display: Loaded TP WindowsServerTargetPlatform
[2017.08.29-07.29.45:806][  0]LogTemp: Display: Loaded TP WindowsTargetPlatform
[2017.08.29-07.29.45:839][  0]LogTemp: Display: Loaded TP AndroidTargetPlatform
[2017.08.29-07.29.45:873][  0]LogTemp: Display: Loaded TP Android_ASTCTargetPlatform
[2017.08.29-07.29.45:907][  0]LogTemp: Display: Loaded TP Android_ATCTargetPlatform
[2017.08.29-07.29.45:943][  0]LogTemp: Display: Loaded TP Android_DXTTargetPlatform
[2017.08.29-07.29.45:976][  0]LogTemp: Display: Loaded TP Android_ETC1TargetPlatform
[2017.08.29-07.29.46:010][  0]LogTemp: Display: Loaded TP Android_ETC2TargetPlatform
[2017.08.29-07.29.46:079][  0]LogTemp: Display: Loaded TP Android_MultiTargetPlatform
[2017.08.29-07.29.46:079][  0]LogTemp: Display: Loaded TP Android_PVRTCTargetPlatform
[2017.08.29-07.29.46:105][  0]LogTemp: Display: Loaded TP HTML5TargetPlatform
[2017.08.29-07.29.46:173][  0]LogTemp: Display: Loaded TP IOSTargetPlatform
[2017.08.29-07.29.46:194][  0]LogTemp: Display: Loaded TP TVOSTargetPlatform
[2017.08.29-07.29.46:231][  0]LogTemp: Display: Loaded TP LinuxClientTargetPlatform
[2017.08.29-07.29.46:265][  0]LogTemp: Display: Loaded TP LinuxNoEditorTargetPlatform
[2017.08.29-07.29.46:298][  0]LogTemp: Display: Loaded TP LinuxServerTargetPlatform
[2017.08.29-07.29.46:333][  0]LogTemp: Display: Loaded TP LinuxTargetPlatform
[2017.08.29-07.29.46:333][  0]LogTargetPlatformManager: Display: Building Assets For Windows
[2017.08.29-07.29.46:649][  0]LogDerivedDataCache: Display: Max Cache Size: 512 MB
[2017.08.29-07.29.46:741][  0]LogDerivedDataCache: Loaded boot cache 0.09s 97MB C:/Users/Administrator/AppData/Local/UnrealEngine/4.17/DerivedDataCache/Boot.ddc.
[2017.08.29-07.29.46:741][  0]LogDerivedDataCache: Display: Loaded Boot cache: C:/Users/Administrator/AppData/Local/UnrealEngine/4.17/DerivedDataCache/Boot.ddc
[2017.08.29-07.29.46:741][  0]LogDerivedDataCache: FDerivedDataBackendGraph:  Pak pak cache file ../../../../../CombatGame/DerivedDataCache/DDC.ddp not found, will not use a pak cache.
[2017.08.29-07.29.46:741][  0]LogDerivedDataCache: Unable to find inner node Pak for hierarchical cache Hierarchy.
[2017.08.29-07.29.46:741][  0]LogDerivedDataCache: FDerivedDataBackendGraph:  CompressedPak pak cache file ../../../../../CombatGame/DerivedDataCache/Compressed.ddp not found, will not use a pak cache.
[2017.08.29-07.29.46:741][  0]LogDerivedDataCache: Unable to find inner node CompressedPak for hierarchical cache Hierarchy.
[2017.08.29-07.29.46:756][  0]LogDerivedDataCache: Display: Pak cache opened for reading ../../../Engine/DerivedDataCache/Compressed.ddp.
[2017.08.29-07.29.46:768][  0]LogDerivedDataCache: Using Local data cache path C:/Users/Administrator/AppData/Local/UnrealEngine/Common/DerivedDataCache: Writable
[2017.08.29-07.29.46:778][  0]LogMaterial: Verifying Global Shaders for PCD3D_SM5
[2017.08.29-07.29.46:778][  0]LogSlate: Using Freetype 2.6.0
[2017.08.29-07.29.46:779][  0]LogSlate: SlateFontCache - WITH_FREETYPE: 1, WITH_HARFBUZZ: 1
[2017.08.29-07.29.46:779][  0]LogSlate: SlateFontCache - WITH_FREETYPE: 1, WITH_HARFBUZZ: 1
[2017.08.29-07.29.47:013][  0]LogAssetRegistry: FAssetRegistry took 0.0249 seconds to start up
[2017.08.29-07.29.47:111][  0]LogInit: Selected Device Profile: [Windows]
[2017.08.29-07.29.47:252][  0]LogContentStreaming: Texture pool size is 0.00 MB
[2017.08.29-07.29.47:469][  0]LogSimplygon: Simplygon DLL not present - disabling.
[2017.08.29-07.29.47:495][  0]LogMeshReduction: Using SimplygonSwarm for distributed automatic mesh merging
[2017.08.29-07.29.47:495][  0]LogMeshReduction: Using QuadricMeshReduction for automatic static mesh reduction
[2017.08.29-07.29.47:495][  0]LogMeshReduction: No automatic skeletal mesh reduction module available
[2017.08.29-07.29.47:495][  0]LogMeshReduction: No automatic mesh merging module available
[2017.08.29-07.29.47:495][  0]LogMeshMerging: No automatic mesh merging module available
[2017.08.29-07.29.47:805][  0]LogNetVersion: CombatGame , NetCL: 3573198, EngineNetVer: 2, GameNetVer: 0 (Checksum: 2129685633)
[2017.08.29-07.29.47:965][  0]LogPackageLocalizationCache: Processed 5 localized package path(s) for 1 prioritized culture(s) in 0.018693 seconds
[2017.08.29-07.29.47:971][  0]LogUObjectArray: 35825 objects as part of root set at end of initial load.
[2017.08.29-07.29.47:971][  0]LogUObjectAllocator: 7529112 out of 0 bytes used by permanent object pool.
[2017.08.29-07.29.47:971][  0]LogUObjectArray: CloseDisregardForGC: 0/0 objects in disregard for GC pool
[2017.08.29-07.29.48:008][  0]LogInit: WinSock: version 1.1 (2.2), MaxSocks=32767, MaxUdp=65467
[2017.08.29-07.29.49:917][  0]LogTcpMessaging: Initializing TcpMessaging bridge
[2017.08.29-07.29.49:947][  0]LogUdpMessaging: Initializing bridge on interface 0.0.0.0:0 to multicast group 230.0.0.1:6666.
[2017.08.29-07.29.50:428][  0]LogMaterial: Uniform references updated for custom material expression Custom.
[2017.08.29-07.29.50:713][  0]SourceControl: Source control is disabled
[2017.08.29-07.29.50:713][  0]SourceControl: Source control is disabled
[2017.08.29-07.29.50:744][  0]SourceControl: Source control is disabled
[2017.08.29-07.29.50:777][  0]SourceControl: Source control is disabled
[2017.08.29-07.29.51:164][  0]LogAndroidPermission: UAndroidPermissionCallbackProxy::GetInstance
[2017.08.29-07.29.51:332][  0]LogOcInput: OculusInput pre-init called
[2017.08.29-07.29.51:512][  0]LogEngine: Initializing Engine...
[2017.08.29-07.29.51:542][  0]LogHMD: SteamVR initialized.  Driver: lighthouse  Display: LHR-3EF80BFA
[2017.08.29-07.29.51:753][  0]LogStats: UGameplayTagsManager::ConstructGameplayTagTree: Construct from data asset -  0.000 s
[2017.08.29-07.29.51:753][  0]LogStats: UGameplayTagsManager::ConstructGameplayTagTree: GameplayTagTreeChangedEvent.Broadcast -  0.000 s
[2017.08.29-07.29.51:841][  0]LogAIModule: Creating AISystem for world Untitled
[2017.08.29-07.29.51:865][  0]LogInit: XAudio2 using '扬声器 (Realtek High Definition Audio)' : 2 channels at 48 kHz using 32 bits per sample (channel mask 0x3)
[2017.08.29-07.29.51:883][  0]LogInit: FAudioDevice initialized.
[2017.08.29-07.29.52:330][  0]LogDerivedDataCache: Saved boot cache 0.45s 93MB C:/Users/Administrator/AppData/Local/UnrealEngine/4.17/DerivedDataCache/Boot.ddc.
[2017.08.29-07.29.52:336][  0]LogInit: Texture streaming: Enabled
[2017.08.29-07.29.52:410][  0]LogEngineSessionManager: EngineSessionManager initialized
[2017.08.29-07.29.52:555][  0]LogInit: Transaction tracking system initialized
[2017.08.29-07.29.52:753][  0]BlueprintLog: New page: Editor Load
[2017.08.29-07.29.53:335][  0]LocalizationService: Localization service is disabled
[2017.08.29-07.29.53:789][  0]LogConsoleResponse: Display: 
[2017.08.29-07.29.53:951][  0]LogCook: Display: Max memory allowance for cook 16384mb min free memory 0mb
[2017.08.29-07.29.53:951][  0]LogCook: Display: Mobile HDR setting 1
[2017.08.29-07.29.53:951][  0]LogGameplayTags: Display: UGameplayTagsManager::DoneAddingNativeTags. DelegateIsBound: 0
[2017.08.29-07.29.54:646][  0]LogFileCache: Scanning file cache for directory 'E:/CombatGame/Content/' took 0.01s
[2017.08.29-07.29.54:646][  0]SourceControl: Source control is disabled
[2017.08.29-07.29.54:646][  0]Cmd: MAP LOAD FILE="../../../../../CombatGame/Content/ThirdPersonBP/Maps/ThirdPersonExampleMap.umap" TEMPLATE=0 SHOWPROGRESS=1 FEATURELEVEL=3
[2017.08.29-07.29.54:647][  0]LightingResults: New page: Lighting Build
[2017.08.29-07.29.54:675][  0]MapCheck: New page: Map Check
[2017.08.29-07.29.54:675][  0]LightingResults: New page: Lighting Build
[2017.08.29-07.29.55:023][  0]LogAIModule: Creating AISystem for world ThirdPersonExampleMap
[2017.08.29-07.29.55:032][  0]LogEditorServer: Finished looking for orphan Actors (0.000 secs)
[2017.08.29-07.29.55:052][  0]Cmd: MAP CHECKDEP NOCLEARLOG
[2017.08.29-07.29.55:086][  0]MapCheck: Map check complete: 0 Error(s), 0 Warning(s), took 34.468ms to complete.
[2017.08.29-07.29.55:086][  0]LogFileHelpers: Loading map 'ThirdPersonExampleMap' took 0.440
[2017.08.29-07.29.55:238][  0]LogCollectionManager: Loaded 0 collections in 0.002032 seconds
[2017.08.29-07.29.55:307][  0]LogFileCache: Scanning file cache for directory 'E:/CombatGame/Saved/Collections/' took 0.01s
[2017.08.29-07.29.55:307][  0]LogFileCache: Scanning file cache for directory 'E:/CombatGame/Content/Developers/Administrator/Collections/' took 0.01s
[2017.08.29-07.29.55:307][  0]LogFileCache: Scanning file cache for directory 'E:/CombatGame/Content/Collections/' took 0.01s
[2017.08.29-07.29.55:307][  0]LogCollectionManager: Rebuilt the GUID cache for 0 collections in 0.000000 seconds
[2017.08.29-07.29.55:315][  0]LogContentBrowser: Native class hierarchy populated in 0.0083 seconds. Added 2386 classes and 500 folders.
[2017.08.29-07.29.55:356][  0]LogContentBrowser: Native class hierarchy updated for 'WidgetCarousel' in 0.0005 seconds. Added 0 classes and 0 folders.
[2017.08.29-07.29.55:389][  0]LogContentBrowser: Native class hierarchy updated for 'AddContentDialog' in 0.0005 seconds. Added 0 classes and 0 folders.
[2017.08.29-07.29.55:418][  0]LogContentBrowser: Native class hierarchy updated for 'SceneOutliner' in 0.0005 seconds. Added 1 classes and 2 folders.
[2017.08.29-07.29.55:510][  0]LogContentBrowser: Native class hierarchy updated for 'WorldBrowser' in 0.0006 seconds. Added 2 classes and 3 folders.
[2017.08.29-07.29.55:518][  0]LogSlate: Took 0.000366 seconds to synchronously load lazily loaded font '../../../Engine/Content/Slate/Fonts/Roboto-Regular.ttf' (155K)
[2017.08.29-07.29.55:520][  0]LogSlate: Took 0.000210 seconds to synchronously load lazily loaded font '../../../Engine/Content/Slate/Fonts/Roboto-Bold.ttf' (160K)
[2017.08.29-07.29.55:526][  0]LogSlate: Took 0.000264 seconds to synchronously load lazily loaded font '../../../Engine/Content/Editor/Slate/Fonts/FontAwesome.ttf' (139K)
[2017.08.29-07.29.55:614][  0]LogRenderer: Reallocating scene render targets to support 1176x544 Format 10 NumSamples 1 (Frame:1).
[2017.08.29-07.29.55:768][  0]LogContentBrowser: Native class hierarchy updated for 'HierarchicalLODOutliner' in 0.0007 seconds. Added 1 classes and 2 folders.
[2017.08.29-07.29.55:768][  0]LogLoad: (Engine Initialization) Total time: 13.19 seconds
[2017.08.29-07.29.55:768][  0]LogLoad: (Engine Initialization) Total Blueprint compile time: 0.00 seconds
[2017.08.29-07.29.55:768][  0]LogExternalProfiler: Found external profiler: VSPerf
[2017.08.29-07.29.55:768][  0]LogExternalProfiler: Using external profiler: VSPerf
[2017.08.29-07.29.56:130][  0]LogContentStreaming: Texture pool size now 3000 MB
[2017.08.29-07.29.56:173][  0]LogSlate: Took 0.000307 seconds to synchronously load lazily loaded font '../../../Engine/Content/Slate/Fonts/Roboto-Light.ttf' (159K)
[2017.08.29-07.29.56:444][  1]LogAssetRegistry: Asset discovery search completed in 9.4524 seconds
[2017.08.29-07.29.56:446][  1]LogCollectionManager: Rebuilt the object cache for 0 collections in 0.000001 seconds (found 0 objects)
[2017.08.29-07.29.56:446][  1]LogCollectionManager: Fixed up redirectors for 0 collections in 0.000065 seconds (updated 0 objects)
[2017.08.29-07.30.01:702][435]LogEditorViewport: Clicking on Actor (LMB): ThirdPersonCharacter_C (ThirdPersonCharacter)
[2017.08.29-07.30.08:051][144]LogAnimationCompression: Building Anim DDC data for AnimSequence /Game/DynamicSwordAnimset/Animations/AimOffsets/Idle_Eqip_CC.Idle_Eqip_CC
[2017.08.29-07.30.08:076][144]LogSlate: Took 0.000170 seconds to synchronously load lazily loaded font '../../../Engine/Content/Slate/Fonts/Roboto-Light.ttf' (159K)
[2017.08.29-07.30.08:259][144]LogTexture: Display: Building textures: T_ML_Rubber_Blue_01_N (BC5, 512X512)
[2017.08.29-07.30.08:259][144]LogMaterial: Missing cached shader map for material M_UE4Man_Body, compiling. 
[2017.08.29-07.30.08:376][144]LogMaterial: Missing cached shader map for material M_UE4Man_Body, compiling. 
[2017.08.29-07.30.08:658][144]LogContentBrowser: Native class hierarchy updated for 'SkeletonEditor' in 0.0006 seconds. Added 1 classes and 2 folders.
[2017.08.29-07.30.08:700][144]LogSlate: Took 0.000127 seconds to synchronously load lazily loaded font '../../../Engine/Content/Slate/Fonts/Roboto-Regular.ttf' (155K)
[2017.08.29-07.30.09:331][144]LogActorComponent: RegisterComponentWithWorld: (/Engine/Transient.World_0:PersistentLevel.Actor_0.DebugSkelMeshComponent_0) Already registered. Aborting.
[2017.08.29-07.30.09:867][144]LogSkeletalMesh: USkeletalMeshComponent::InitArticulated : Bodies already created (/Engine/Transient.World_0:PersistentLevel.Actor_0.DebugSkelMeshComponent_0) - call TermArticulated first.
[2017.08.29-07.30.10:299][144]LogContentBrowser: Native class hierarchy updated for 'ClothingSystemEditorInterface' in 0.0008 seconds. Added 1 classes and 0 folders.
[2017.08.29-07.30.10:310][144]LogRenderer: Reallocating scene render targets to support 1176x548 Format 10 NumSamples 1 (Frame:1).
[2017.08.29-07.30.10:310][144]LogContentBrowser: Verbose: The majority of assets in the view are of type: AnimSequence
[2017.08.29-07.30.11:516][162]LogAnimationCompression: Building Anim DDC data for AnimSequence /Game/DynamicSwordAnimset/Animations/AimOffsets/Idle_Eqip_LU.Idle_Eqip_LU
[2017.08.29-07.30.11:851][163]LogAnimationCompression: Building Anim DDC data for AnimSequence /Game/DynamicSwordAnimset/Animations/AimOffsets/Idle_Eqip_CD.Idle_Eqip_CD
[2017.08.29-07.30.12:446][170]LogAnimationCompression: Building Anim DDC data for AnimSequence /Game/DynamicSwordAnimset/Animations/AimOffsets/Idle_Eqip_CU.Idle_Eqip_CU
[2017.08.29-07.30.13:115][199]LogAnimationCompression: Building Anim DDC data for AnimSequence /Game/DynamicSwordAnimset/Animations/AimOffsets/Idle_Eqip_LC.Idle_Eqip_LC
[2017.08.29-07.30.13:198][203]LogAnimationCompression: Building Anim DDC data for AnimSequence /Game/DynamicSwordAnimset/Animations/AimOffsets/Idle_Eqip_LD.Idle_Eqip_LD
[2017.08.29-07.30.13:743][225]LogAnimationCompression: Building Anim DDC data for AnimSequence /Game/DynamicSwordAnimset/Animations/AimOffsets/Idle_Eqip_RC.Idle_Eqip_RC
[2017.08.29-07.30.14:242][245]LogAnimationCompression: Building Anim DDC data for AnimSequence /Game/DynamicSwordAnimset/Animations/AimOffsets/Idle_Eqip_RD.Idle_Eqip_RD
[2017.08.29-07.30.14:360][250]LogAnimationCompression: Building Anim DDC data for AnimSequence /Game/DynamicSwordAnimset/Animations/AimOffsets/Idle_Eqip_RU.Idle_Eqip_RU
[2017.08.29-07.30.14:430][253]LogAnimationCompression: Building Anim DDC data for AnimSequence /Game/DynamicSwordAnimset/Animations/InPlace/Attack_10.Attack_10
[2017.08.29-07.30.15:155][286]LogAnimationCompression: Building Anim DDC data for AnimSequence /Game/DynamicSwordAnimset/Animations/InPlace/Attack_11.Attack_11
[2017.08.29-07.30.15:287][292]LogAnimationCompression: Building Anim DDC data for AnimSequence /Game/DynamicSwordAnimset/Animations/InPlace/Attack_12.Attack_12
[2017.08.29-07.30.15:826][320]LogAnimationCompression: Building Anim DDC data for AnimSequence /Game/DynamicSwordAnimset/Animations/InPlace/Attack_13.Attack_13
[2017.08.29-07.30.18:370][454]LogAnimationCompression: Building Anim DDC data for AnimSequence /Game/DynamicSwordAnimset/Animations/InPlace/Attack_15.Attack_15
[2017.08.29-07.30.18:728][473]LogAnimationCompression: Building Anim DDC data for AnimSequence /Game/DynamicSwordAnimset/Animations/InPlace/Attack_14.Attack_14
[2017.08.29-07.30.19:154][496]LogAnimationCompression: Building Anim DDC data for AnimSequence /Game/DynamicSwordAnimset/Animations/InPlace/Attack_16.Attack_16
[2017.08.29-07.30.19:163][496]LogAnimationCompression: Building Anim DDC data for AnimSequence /Game/DynamicSwordAnimset/Animations/InPlace/Attack_17.Attack_17
[2017.08.29-07.30.19:197][497]LogAnimationCompression: Building Anim DDC data for AnimSequence /Game/DynamicSwordAnimset/Animations/InPlace/Attack_18.Attack_18
[2017.08.29-07.30.19:207][497]LogAnimationCompression: Building Anim DDC data for AnimSequence /Game/DynamicSwordAnimset/Animations/InPlace/Attack_01.Attack_01
[2017.08.29-07.30.19:240][498]LogAnimationCompression: Building Anim DDC data for AnimSequence /Game/DynamicSwordAnimset/Animations/InPlace/Attack_02.Attack_02
[2017.08.29-07.30.31:690][293]LogAnimationCompression: Building Anim DDC data for AnimSequence /Game/DynamicSwordAnimset/Animations/InPlace/Attack_04.Attack_04
[2017.08.29-07.30.31:709][294]LogAnimationCompression: Building Anim DDC data for AnimSequence /Game/DynamicSwordAnimset/Animations/InPlace/Attack_06.Attack_06
[2017.08.29-07.30.31:728][295]LogAnimationCompression: Building Anim DDC data for AnimSequence /Game/DynamicSwordAnimset/Animations/InPlace/Attack_08.Attack_08
[2017.08.29-07.30.31:952][313]LogAnimationCompression: Building Anim DDC data for AnimSequence /Game/DynamicSwordAnimset/Animations/InPlace/Attack_Eqip_01.Attack_Eqip_01
[2017.08.29-07.30.31:984][315]LogAnimationCompression: Building Anim DDC data for AnimSequence /Game/DynamicSwordAnimset/Animations/InPlace/Block_End.Block_End
[2017.08.29-07.30.32:003][316]LogAnimationCompression: Building Anim DDC data for AnimSequence /Game/DynamicSwordAnimset/Animations/InPlace/Block_Loop.Block_Loop
[2017.08.29-07.30.32:270][337]LogAnimationCompression: Building Anim DDC data for AnimSequence /Game/DynamicSwordAnimset/Animations/InPlace/Combo_01.Combo_01
[2017.08.29-07.30.32:291][338]LogAnimationCompression: Building Anim DDC data for AnimSequence /Game/DynamicSwordAnimset/Animations/InPlace/Crouch_Pickup.Crouch_Pickup
[2017.08.29-07.30.32:310][339]LogAnimationCompression: Building Anim DDC data for AnimSequence /Game/DynamicSwordAnimset/Animations/InPlace/Damage_Left_01.Damage_Left_01
[2017.08.29-07.30.32:340][341]LogAnimationCompression: Building Anim DDC data for AnimSequence /Game/DynamicSwordAnimset/Animations/InPlace/Damage_Right_01.Damage_Right_01
[2017.08.29-07.30.32:593][361]LogAnimationCompression: Building Anim DDC data for AnimSequence /Game/DynamicSwordAnimset/Animations/InPlace/Dead_02.Dead_02
[2017.08.29-07.30.32:614][362]LogAnimationCompression: Building Anim DDC data for AnimSequence /Game/DynamicSwordAnimset/Animations/InPlace/Dead_04.Dead_04
[2017.08.29-07.30.32:636][363]LogAnimationCompression: Building Anim DDC data for AnimSequence /Game/DynamicSwordAnimset/Animations/InPlace/Falling_Back.Falling_Back
[2017.08.29-07.30.32:654][364]LogAnimationCompression: Building Anim DDC data for AnimSequence /Game/DynamicSwordAnimset/Animations/InPlace/Falling_Back_Down_Up.Falling_Back_Down_Up
[2017.08.29-07.30.33:061][396]LogAnimationCompression: Building Anim DDC data for AnimSequence /Game/DynamicSwordAnimset/Animations/InPlace/Falling_Front_Down.Falling_Front_Down
[2017.08.29-07.30.33:078][397]LogAnimationCompression: Building Anim DDC data for AnimSequence /Game/DynamicSwordAnimset/Animations/InPlace/Falling_Front_End.Falling_Front_End
[2017.08.29-07.30.33:101][398]LogAnimationCompression: Building Anim DDC data for AnimSequence /Game/DynamicSwordAnimset/Animations/InPlace/Idle_Eqip_01.Idle_Eqip_01
[2017.08.29-07.30.33:121][399]LogAnimationCompression: Building Anim DDC data for AnimSequence /Game/DynamicSwordAnimset/Animations/InPlace/Idle_Uneqip.Idle_Uneqip
[2017.08.29-07.30.33:389][421]LogAnimationCompression: Building Anim DDC data for AnimSequence /Game/DynamicSwordAnimset/Animations/InPlace/Jump_Running.Jump_Running
[2017.08.29-07.30.33:421][423]LogAnimationCompression: Building Anim DDC data for AnimSequence /Game/DynamicSwordAnimset/Animations/InPlace/Jump_Running_Loop.Jump_Running_Loop
[2017.08.29-07.30.33:454][425]LogAnimationCompression: Building Anim DDC data for AnimSequence /Game/DynamicSwordAnimset/Animations/InPlace/Jump_Stand.Jump_Stand
[2017.08.29-07.30.33:485][427]LogAnimationCompression: Building Anim DDC data for AnimSequence /Game/DynamicSwordAnimset/Animations/InPlace/Jump_Stand_End_02.Jump_Stand_End_02
[2017.08.29-07.30.33:936][464]LogAnimationCompression: Building Anim DDC data for AnimSequence /Game/DynamicSwordAnimset/Animations/InPlace/Jump_Stand_Start.Jump_Stand_Start
[2017.08.29-07.30.33:970][466]LogAnimationCompression: Building Anim DDC data for AnimSequence /Game/DynamicSwordAnimset/Animations/InPlace/Knockdown_Front_Up.Knockdown_Front_Up
[2017.08.29-07.30.33:988][467]LogAnimationCompression: Building Anim DDC data for AnimSequence /Game/DynamicSwordAnimset/Animations/InPlace/Rolling_Back_02.Rolling_Back_02
[2017.08.29-07.30.34:018][469]LogAnimationCompression: Building Anim DDC data for AnimSequence /Game/DynamicSwordAnimset/Animations/InPlace/Rolling_Left.Rolling_Left
[2017.08.29-07.30.34:519][508]LogAnimationCompression: Building Anim DDC data for AnimSequence /Game/DynamicSwordAnimset/Animations/InPlace/Run_Eqip.Run_Eqip
[2017.08.29-07.30.34:537][509]LogAnimationCompression: Building Anim DDC data for AnimSequence /Game/DynamicSwordAnimset/Animations/InPlace/Step_Back.Step_Back
[2017.08.29-07.30.34:555][510]LogAnimationCompression: Building Anim DDC data for AnimSequence /Game/DynamicSwordAnimset/Animations/InPlace/Step_Right.Step_Right
[2017.08.29-07.30.34:849][532]LogAnimationCompression: Building Anim DDC data for AnimSequence /Game/DynamicSwordAnimset/Animations/InPlace/Uneqip_Pickup.Uneqip_Pickup
[2017.08.29-07.30.34:867][533]LogAnimationCompression: Building Anim DDC data for AnimSequence /Game/DynamicSwordAnimset/Animations/InPlace/Uneqip_To_Eqip.Uneqip_To_Eqip
[2017.08.29-07.30.34:886][534]LogAnimationCompression: Building Anim DDC data for AnimSequence /Game/DynamicSwordAnimset/Animations/InPlace/Walk_Crouch_Front.Walk_Crouch_Front
[2017.08.29-07.30.34:905][535]LogAnimationCompression: Building Anim DDC data for AnimSequence /Game/DynamicSwordAnimset/Animations/InPlace/Walk_Crouch_Right.Walk_Crouch_Right
[2017.08.29-07.30.35:223][559]LogAnimationCompression: Building Anim DDC data for AnimSequence /Game/DynamicSwordAnimset/Animations/InPlace/Walk_Eqip_Back_Left.Walk_Eqip_Back_Left
[2017.08.29-07.30.35:256][561]LogAnimationCompression: Building Anim DDC data for AnimSequence /Game/DynamicSwordAnimset/Animations/InPlace/Walk_Eqip_Front.Walk_Eqip_Front
[2017.08.29-07.30.35:276][562]LogAnimationCompression: Building Anim DDC data for AnimSequence /Game/DynamicSwordAnimset/Animations/InPlace/Walk_Eqip_Front_Right.Walk_Eqip_Front_Right
[2017.08.29-07.30.35:295][563]LogAnimationCompression: Building Anim DDC data for AnimSequence /Game/DynamicSwordAnimset/Animations/InPlace/Walk_Eqip_Right.Walk_Eqip_Right
[2017.08.29-07.30.35:328][565]LogAnimationCompression: Building Anim DDC data for AnimSequence /Game/DynamicSwordAnimset/Animations/InPlace/Walk_Uneqip_Back_Left.Walk_Uneqip_Back_Left
[2017.08.29-07.30.35:592][585]LogAnimationCompression: Building Anim DDC data for AnimSequence /Game/DynamicSwordAnimset/Animations/InPlace/Walk_Uneqip_Front.Walk_Uneqip_Front
[2017.08.29-07.30.35:612][586]LogAnimationCompression: Building Anim DDC data for AnimSequence /Game/DynamicSwordAnimset/Animations/InPlace/Walk_Uneqip_Front_Right.Walk_Uneqip_Front_Right
[2017.08.29-07.30.35:633][587]LogAnimationCompression: Building Anim DDC data for AnimSequence /Game/DynamicSwordAnimset/Animations/RootMotion/Attack_11.Attack_11
[2017.08.29-07.30.35:653][588]LogAnimationCompression: Building Anim DDC data for AnimSequence /Game/DynamicSwordAnimset/Animations/RootMotion/Attack_13.Attack_13
[2017.08.29-07.30.35:920][608]LogAnimationCompression: Building Anim DDC data for AnimSequence /Game/DynamicSwordAnimset/Animations/RootMotion/Attack_15.Attack_15
[2017.08.29-07.30.35:941][609]LogAnimationCompression: Building Anim DDC data for AnimSequence /Game/DynamicSwordAnimset/Animations/RootMotion/Attack_17.Attack_17
[2017.08.29-07.30.35:960][610]LogAnimationCompression: Building Anim DDC data for AnimSequence /Game/DynamicSwordAnimset/Animations/RootMotion/Attack_01.Attack_01
[2017.08.29-07.30.35:979][611]LogAnimationCompression: Building Anim DDC data for AnimSequence /Game/DynamicSwordAnimset/Animations/RootMotion/Attack_06.Attack_06
[2017.08.29-07.30.35:999][612]LogAnimationCompression: Building Anim DDC data for AnimSequence /Game/DynamicSwordAnimset/Animations/RootMotion/Attack_08.Attack_08
[2017.08.29-07.30.36:368][640]LogAnimationCompression: Building Anim DDC data for AnimSequence /Game/DynamicSwordAnimset/Animations/RootMotion/Attack_Eqip_01.Attack_Eqip_01
[2017.08.29-07.30.36:387][641]LogAnimationCompression: Building Anim DDC data for AnimSequence /Game/DynamicSwordAnimset/Animations/RootMotion/Combo_01.Combo_01
[2017.08.29-07.30.36:407][642]LogAnimationCompression: Building Anim DDC data for AnimSequence /Game/DynamicSwordAnimset/Animations/RootMotion/Damage_Left_02.Damage_Left_02
[2017.08.29-07.30.36:425][643]LogAnimationCompression: Building Anim DDC data for AnimSequence /Game/DynamicSwordAnimset/Animations/RootMotion/Dash.Dash
[2017.08.29-07.30.36:810][673]LogAnimationCompression: Building Anim DDC data for AnimSequence /Game/DynamicSwordAnimset/Animations/RootMotion/Attack_07.Attack_07
[2017.08.29-07.30.36:860][676]LogAnimationCompression: Building Anim DDC data for AnimSequence /Game/DynamicSwordAnimset/Animations/RootMotion/Attack_05.Attack_05
[2017.08.29-07.30.36:882][677]LogAnimationCompression: Building Anim DDC data for AnimSequence /Game/DynamicSwordAnimset/Animations/RootMotion/Attack_18.Attack_18
[2017.08.29-07.30.36:903][678]LogAnimationCompression: Building Anim DDC data for AnimSequence /Game/DynamicSwordAnimset/Animations/RootMotion/Attack_16.Attack_16
[2017.08.29-07.30.43:121][161]LogAnimationCompression: Building Anim DDC data for AnimSequence /Game/DynamicSwordAnimset/Animations/RootMotion/Attack_09.Attack_09
[2017.08.29-07.30.46:034][404]LogAnimationCompression: Building Anim DDC data for AnimSequence /Game/DynamicSwordAnimset/Animations/RootMotion/Attack_Eqip_02.Attack_Eqip_02
[2017.08.29-07.30.46:056][405]LogAnimationCompression: Building Anim DDC data for AnimSequence /Game/DynamicSwordAnimset/Animations/RootMotion/Combo_02.Combo_02
[2017.08.29-07.30.46:079][406]LogAnimationCompression: Building Anim DDC data for AnimSequence /Game/DynamicSwordAnimset/Animations/RootMotion/Damage_Right_02.Damage_Right_02
[2017.08.29-07.30.46:413][430]LogAnimationCompression: Building Anim DDC data for AnimSequence /Game/DynamicSwordAnimset/Animations/RootMotion/Dead_01.Dead_01
[2017.08.29-07.30.46:434][431]LogAnimationCompression: Building Anim DDC data for AnimSequence /Game/DynamicSwordAnimset/Animations/RootMotion/Dead_03.Dead_03
[2017.08.29-07.30.46:454][432]LogAnimationCompression: Building Anim DDC data for AnimSequence /Game/DynamicSwordAnimset/Animations/RootMotion/Falling_Back_Down.Falling_Back_Down
[2017.08.29-07.30.46:847][463]LogAnimationCompression: Building Anim DDC data for AnimSequence /Game/DynamicSwordAnimset/Animations/RootMotion/Dead_04.Dead_04
[2017.08.29-07.30.47:183][488]LogAnimationCompression: Building Anim DDC data for AnimSequence /Game/DynamicSwordAnimset/Animations/RootMotion/Falling_Front_Down.Falling_Front_Down
[2017.08.29-07.30.47:210][489]LogAnimationCompression: Building Anim DDC data for AnimSequence /Game/DynamicSwordAnimset/Animations/RootMotion/Jump_Stand.Jump_Stand
[2017.08.29-07.30.47:533][514]LogAnimationCompression: Building Anim DDC data for AnimSequence /Game/DynamicSwordAnimset/Animations/RootMotion/Knockdown_Back.Knockdown_Back
[2017.08.29-07.30.47:552][515]LogAnimationCompression: Building Anim DDC data for AnimSequence /Game/DynamicSwordAnimset/Animations/RootMotion/Knockdown_Front.Knockdown_Front
[2017.08.29-07.30.47:571][516]LogAnimationCompression: Building Anim DDC data for AnimSequence /Game/DynamicSwordAnimset/Animations/RootMotion/Rolling_Front.Rolling_Front
[2017.08.29-07.30.47:588][517]LogAnimationCompression: Building Anim DDC data for AnimSequence /Game/DynamicSwordAnimset/Animations/RootMotion/Rolling_Right.Rolling_Right
[2017.08.29-07.30.47:825][536]LogAnimationCompression: Building Anim DDC data for AnimSequence /Game/DynamicSwordAnimset/Animations/RootMotion/Step_Left.Step_Left
[2017.08.29-07.30.47:845][537]LogAnimationCompression: Building Anim DDC data for AnimSequence /Game/DynamicSwordAnimset/Animations/InPlace/Idle_Crouch.Idle_Crouch
[2017.08.29-07.30.49:286][653]LogAnimationCompression: Building Anim DDC data for AnimSequence /Game/DynamicSwordAnimset/Animations/RootMotion/Rolling_Back_01.Rolling_Back_01
[2017.08.29-07.30.49:344][657]LogAnimationCompression: Building Anim DDC data for AnimSequence /Game/DynamicSwordAnimset/Animations/RootMotion/Jump_Running.Jump_Running
[2017.08.29-07.30.50:069][710]LogAnimationCompression: Building Anim DDC data for AnimSequence /Game/DynamicSwordAnimset/Animations/RootMotion/Attack_14.Attack_14
[2017.08.29-07.30.50:089][711]LogAnimationCompression: Building Anim DDC data for AnimSequence /Game/DynamicSwordAnimset/Animations/RootMotion/Attack_12.Attack_12
[2017.08.29-07.30.50:122][713]LogAnimationCompression: Building Anim DDC data for AnimSequence /Game/DynamicSwordAnimset/Animations/RootMotion/Attack_10.Attack_10
[2017.08.29-07.30.50:472][740]LogAnimationCompression: Building Anim DDC data for AnimSequence /Game/DynamicSwordAnimset/Animations/InPlace/Walk_Uneqip_Left.Walk_Uneqip_Left
[2017.08.29-07.30.50:491][741]LogAnimationCompression: Building Anim DDC data for AnimSequence /Game/DynamicSwordAnimset/Animations/InPlace/Walk_Uneqip_Front_Left.Walk_Uneqip_Front_Left
[2017.08.29-07.30.50:513][742]LogAnimationCompression: Building Anim DDC data for AnimSequence /Game/DynamicSwordAnimset/Animations/InPlace/Walk_Uneqip_Back_Right.Walk_Uneqip_Back_Right
[2017.08.29-07.30.50:534][743]LogAnimationCompression: Building Anim DDC data for AnimSequence /Game/DynamicSwordAnimset/Animations/InPlace/Walk_Uneqip_Back.Walk_Uneqip_Back
[2017.08.29-07.30.50:554][744]LogAnimationCompression: Building Anim DDC data for AnimSequence /Game/DynamicSwordAnimset/Animations/InPlace/Walk_Eqip_Left.Walk_Eqip_Left
[2017.08.29-07.30.50:572][745]LogAnimationCompression: Building Anim DDC data for AnimSequence /Game/DynamicSwordAnimset/Animations/InPlace/Walk_Eqip_Back_Right.Walk_Eqip_Back_Right
[2017.08.29-07.30.50:605][747]LogAnimationCompression: Building Anim DDC data for AnimSequence /Game/DynamicSwordAnimset/Animations/InPlace/Walk_Eqip_Back.Walk_Eqip_Back
[2017.08.29-07.30.50:976][777]LogAnimationCompression: Building Anim DDC data for AnimSequence /Game/DynamicSwordAnimset/Animations/InPlace/Walk_Crouch_Left.Walk_Crouch_Left
[2017.08.29-07.30.50:995][778]LogAnimationCompression: Building Anim DDC data for AnimSequence /Game/DynamicSwordAnimset/Animations/InPlace/Walk_Crouch_Back.Walk_Crouch_Back
[2017.08.29-07.30.51:017][779]LogAnimationCompression: Building Anim DDC data for AnimSequence /Game/DynamicSwordAnimset/Animations/InPlace/Uneqip_To_Crouch.Uneqip_To_Crouch
[2017.08.29-07.30.51:036][780]LogAnimationCompression: Building Anim DDC data for AnimSequence /Game/DynamicSwordAnimset/Animations/InPlace/Stun.Stun
[2017.08.29-07.30.51:056][781]LogAnimationCompression: Building Anim DDC data for AnimSequence /Game/DynamicSwordAnimset/Animations/InPlace/Step_Left.Step_Left
[2017.08.29-07.30.51:077][782]LogAnimationCompression: Building Anim DDC data for AnimSequence /Game/DynamicSwordAnimset/Animations/InPlace/Run_Uneqip.Run_Uneqip
[2017.08.29-07.30.51:094][783]LogAnimationCompression: Building Anim DDC data for AnimSequence /Game/DynamicSwordAnimset/Animations/InPlace/Rolling_Right.Rolling_Right
[2017.08.29-07.30.51:127][785]LogAnimationCompression: Building Anim DDC data for AnimSequence /Game/DynamicSwordAnimset/Animations/InPlace/Rolling_Front.Rolling_Front
[2017.08.29-07.30.51:658][826]LogAnimationCompression: Building Anim DDC data for AnimSequence /Game/DynamicSwordAnimset/Animations/InPlace/Rolling_Back_01.Rolling_Back_01
[2017.08.29-07.30.51:726][831]LogAnimationCompression: Building Anim DDC data for AnimSequence /Game/DynamicSwordAnimset/Animations/InPlace/Knockdown_Front.Knockdown_Front
[2017.08.29-07.30.51:758][833]LogAnimationCompression: Building Anim DDC data for AnimSequence /Game/DynamicSwordAnimset/Animations/InPlace/Knockdown_Back.Knockdown_Back
[2017.08.29-07.30.51:794][835]LogAnimationCompression: Building Anim DDC data for AnimSequence /Game/DynamicSwordAnimset/Animations/InPlace/Jump_Stand_Loop.Jump_Stand_Loop
[2017.08.29-07.30.51:811][836]LogAnimationCompression: Building Anim DDC data for AnimSequence /Game/DynamicSwordAnimset/Animations/InPlace/Jump_Stand_End_01.Jump_Stand_End_01
[2017.08.29-07.30.51:842][838]LogAnimationCompression: Building Anim DDC data for AnimSequence /Game/DynamicSwordAnimset/Animations/InPlace/Jump_Running_Start.Jump_Running_Start
[2017.08.29-07.30.51:876][840]LogAnimationCompression: Building Anim DDC data for AnimSequence /Game/DynamicSwordAnimset/Animations/InPlace/Jump_Running_End.Jump_Running_End
[2017.08.29-07.30.51:911][842]LogAnimationCompression: Building Anim DDC data for AnimSequence /Game/DynamicSwordAnimset/Animations/InPlace/Jump_Move_Front.Jump_Move_Front
[2017.08.29-07.30.51:944][844]LogAnimationCompression: Building Anim DDC data for AnimSequence /Game/DynamicSwordAnimset/Animations/InPlace/Idle_Eqip_02.Idle_Eqip_02
[2017.08.29-07.30.52:587][895]LogAnimationCompression: Building Anim DDC data for AnimSequence /Game/DynamicSwordAnimset/Animations/InPlace/Falling_Front_Down_Up.Falling_Front_Down_Up
[2017.08.29-07.30.52:605][896]LogAnimationCompression: Building Anim DDC data for AnimSequence /Game/DynamicSwordAnimset/Animations/InPlace/Falling_Front.Falling_Front
[2017.08.29-07.30.52:636][898]LogAnimationCompression: Building Anim DDC data for AnimSequence /Game/DynamicSwordAnimset/Animations/InPlace/Falling_Back_Down.Falling_Back_Down
[2017.08.29-07.30.52:654][899]LogAnimationCompression: Building Anim DDC data for AnimSequence /Game/DynamicSwordAnimset/Animations/InPlace/Eqip_To_Uneqip.Eqip_To_Uneqip
[2017.08.29-07.30.52:686][901]LogAnimationCompression: Building Anim DDC data for AnimSequence /Game/DynamicSwordAnimset/Animations/InPlace/Dead_03.Dead_03
[2017.08.29-07.30.52:717][903]LogAnimationCompression: Building Anim DDC data for AnimSequence /Game/DynamicSwordAnimset/Animations/InPlace/Dead_01.Dead_01
[2017.08.29-07.30.52:751][905]LogAnimationCompression: Building Anim DDC data for AnimSequence /Game/DynamicSwordAnimset/Animations/InPlace/Damage_Right_02.Damage_Right_02
[2017.08.29-07.30.53:691][980]LogAnimationCompression: Building Anim DDC data for AnimSequence /Game/DynamicSwordAnimset/Animations/InPlace/Dash.Dash
[2017.08.29-07.30.54:218][ 17]LogAnimationCompression: Building Anim DDC data for AnimSequence /Game/DynamicSwordAnimset/Animations/InPlace/Damage_Left_02.Damage_Left_02
[2017.08.29-07.30.54:268][ 20]LogAnimationCompression: Building Anim DDC data for AnimSequence /Game/DynamicSwordAnimset/Animations/InPlace/Damage_02.Damage_02
[2017.08.29-07.30.54:669][ 52]LogAnimationCompression: Building Anim DDC data for AnimSequence /Game/DynamicSwordAnimset/Animations/InPlace/Damage_01.Damage_01
[2017.08.29-07.30.54:714][ 55]LogAnimationCompression: Building Anim DDC data for AnimSequence /Game/DynamicSwordAnimset/Animations/InPlace/Crouch_To_Uneqip.Crouch_To_Uneqip
[2017.08.29-07.30.55:027][ 78]LogAnimationCompression: Building Anim DDC data for AnimSequence /Game/DynamicSwordAnimset/Animations/InPlace/Combo_02.Combo_02
[2017.08.29-07.31.13:939][534]LogActorComponent: RegisterComponentWithWorld: (/Engine/Transient.World_18:PersistentLevel.Actor_1.DebugSkelMeshComponent_16) Already registered. Aborting.
[2017.08.29-07.31.13:971][534]LogSkeletalMesh: USkeletalMeshComponent::InitArticulated : Bodies already created (/Engine/Transient.World_18:PersistentLevel.Actor_1.DebugSkelMeshComponent_16) - call TermArticulated first.
[2017.08.29-07.31.14:279][534]LogSlate: Took 0.012932 seconds to synchronously load lazily loaded font '../../../Engine/Content/Editor/Slate/Fonts/Roboto-Italic.ttf' (157K)
[2017.08.29-07.31.14:353][535]LogRenderer: Reallocating scene render targets to support 1176x888 Format 10 NumSamples 1 (Frame:1).
[2017.08.29-07.31.25:519][533]LogContentBrowser: Native class hierarchy updated for 'BlueprintGraph' in 0.0009 seconds. Added 113 classes and 0 folders.
[2017.08.29-07.31.26:435][533]LogSlate: Took 0.019922 seconds to synchronously load lazily loaded font '../../../Engine/Content/Editor/Slate/Fonts/Roboto-BoldCondensed.ttf' (158K)
[2017.08.29-07.31.41:226][634]LogAnimation: Warning: AnimBP ThirdPerson_AnimBP_C is incompatible with skeleton SK_Mannequin_Skeleton, removing AnimBP from actor.
[2017.08.29-07.31.41:239][634]LogAnimation: Warning: AnimBP ThirdPerson_AnimBP_C is incompatible with skeleton SK_Mannequin_Skeleton, removing AnimBP from actor.
[2017.08.29-07.31.41:239][634]LogAnimation: Warning: AnimBP ThirdPerson_AnimBP_C is incompatible with skeleton SK_Mannequin_Skeleton, removing AnimBP from actor.
[2017.08.29-07.31.43:359][785]BlueprintLog: New page: Compile ThirdPersonCharacter
[2017.08.29-07.31.44:273][817]Cmd: OBJ SAVEPACKAGE PACKAGE="/Game/ThirdPersonBP/Blueprints/ThirdPersonCharacter" FILE="../../../../../CombatGame/Content/ThirdPersonBP/Blueprints/ThirdPersonCharacter.uasset" SILENT=true
[2017.08.29-07.31.44:357][817]LogSavePackage: Save=81.28ms
[2017.08.29-07.31.44:357][817]LogSavePackage: Moving '../../../../../CombatGame/Saved/ThirdPersonCharacter984F46574DE60E922DF96EA38121BBF9.tmp' to '../../../../../CombatGame/Content/ThirdPersonBP/Blueprints/ThirdPersonCharacter.uasset'
[2017.08.29-07.31.44:359][817]LogSavePackage: Display: Finished SavePackage ../../../../../CombatGame/Content/ThirdPersonBP/Blueprints/ThirdPersonCharacter.uasset
[2017.08.29-07.31.55:642][963]LogActorComponent: RegisterComponentWithWorld: (/Engine/Transient.World_22:PersistentLevel.Actor_2.DebugSkelMeshComponent_17) Already registered. Aborting.
[2017.08.29-07.31.55:667][963]LogSkeletalMesh: USkeletalMeshComponent::InitArticulated : Bodies already created (/Engine/Transient.World_22:PersistentLevel.Actor_2.DebugSkelMeshComponent_17) - call TermArticulated first.
[2017.08.29-07.39.46:837][489]LogSlate: Took 0.000197 seconds to synchronously load lazily loaded font '../../../Engine/Content/Slate/Fonts/Roboto-Light.ttf' (159K)
[2017.08.29-07.39.55:973][238]LogSavePackage: Save=69.10ms
[2017.08.29-07.39.55:973][238]LogSavePackage: Moving '../../../../../CombatGame/Saved/ThirdPersonExampleMap_Auto145AB10524EAB699C9AA5A5A296BD8D7B.tmp' to '../../../../../CombatGame/Saved/Autosaves/Game/ThirdPersonBP/Maps/ThirdPersonExampleMap_Auto1.umap'
[2017.08.29-07.39.55:974][238]LogSavePackage: Display: Finished SavePackage ../../../../../CombatGame/Saved/Autosaves/Game/ThirdPersonBP/Maps/ThirdPersonExampleMap_Auto1.umap
[2017.08.29-07.39.55:981][238]LogFileHelpers: Editor autosave (incl. sublevels) for '/Game/ThirdPersonBP/Maps/ThirdPersonExampleMap' took 0.121
[2017.08.29-07.39.55:981][238]LogFileHelpers: Editor autosave (incl. sublevels) for all levels took 0.121
[2017.08.29-07.39.55:983][238]OBJ SavePackage: Generating thumbnails for [1] asset(s) in package [/Game/ThirdPersonBP/Blueprints/ThirdPersonCharacter] ([1] browsable assets)...
[2017.08.29-07.39.55:997][238]OBJ SavePackage:     Rendered thumbnail for [Blueprint /Game/ThirdPersonBP/Blueprints/ThirdPersonCharacter.ThirdPersonCharacter]
[2017.08.29-07.39.55:997][238]OBJ SavePackage: Finished generating thumbnails for package [/Game/ThirdPersonBP/Blueprints/ThirdPersonCharacter]
[2017.08.29-07.39.56:075][238]LogSavePackage: Save=74.94ms
[2017.08.29-07.39.56:075][238]LogSavePackage: Moving '../../../../../CombatGame/Saved/ThirdPersonCharacter_Auto11D5007F247A0759414028980AF49F9CD.tmp' to '../../../../../CombatGame/Saved/Autosaves/Game/ThirdPersonBP/Blueprints/ThirdPersonCharacter_Auto1.uasset'
[2017.08.29-07.39.56:076][238]LogSavePackage: Display: Finished SavePackage ../../../../../CombatGame/Saved/Autosaves/Game/ThirdPersonBP/Blueprints/ThirdPersonCharacter_Auto1.uasset
[2017.08.29-07.39.56:077][238]OBJ SavePackage: Generating thumbnails for [0] asset(s) in package [/Game/DynamicSwordAnimset/Character/SK_Mannequin_Skeleton] ([1] browsable assets)...
[2017.08.29-07.39.56:077][238]OBJ SavePackage: Finished generating thumbnails for package [/Game/DynamicSwordAnimset/Character/SK_Mannequin_Skeleton]
[2017.08.29-07.39.56:082][238]LogSavePackage: Save=3.17ms
[2017.08.29-07.39.56:083][238]LogSavePackage: Moving '../../../../../CombatGame/Saved/SK_Mannequin_Skeleton_Auto10014B9ED47AC91BF57BCDA90046D2E74.tmp' to '../../../../../CombatGame/Saved/Autosaves/Game/DynamicSwordAnimset/Character/SK_Mannequin_Skeleton_Auto1.uasset'
[2017.08.29-07.39.56:084][238]LogSavePackage: Display: Finished SavePackage ../../../../../CombatGame/Saved/Autosaves/Game/DynamicSwordAnimset/Character/SK_Mannequin_Skeleton_Auto1.uasset
[2017.08.29-07.39.56:084][238]LogFileHelpers: Auto-saving content packages took 0.101
[2017.08.29-07.51.21:810][684]Cmd: QUIT_EDITOR
[2017.08.29-07.51.21:823][684]LogWindowsTextInputMethodSystem: Display: IME system now activated using TSF (微软拼音).
[2017.08.29-07.51.21:832][684]LogExit: Preparing to exit.
[2017.08.29-07.51.22:376][684]LogDirectoryWatcher: A directory notification for 'E:/CombatGame/Content/' was aborted.
[2017.08.29-07.51.22:413][684]LogExit: Editor shut down
[2017.08.29-07.51.22:421][684]LogExit: Transaction tracking system shut down
[2017.08.29-07.51.22:564][684]LogDirectoryWatcher: A directory notification for '../../../Engine/Content/' was aborted.
[2017.08.29-07.51.22:565][684]LogDirectoryWatcher: A directory notification for '../../../../../CombatGame/Content/' was aborted.
[2017.08.29-07.51.22:565][684]LogDirectoryWatcher: A directory notification for '../../../Engine/Plugins/2D/Paper2D/Content/' was aborted.
[2017.08.29-07.51.22:565][684]LogDirectoryWatcher: A directory notification for '../../../Engine/Plugins/Runtime/Oculus/OculusVR/Content/' was aborted.
[2017.08.29-07.51.22:565][684]LogDirectoryWatcher: A directory notification for '../../../Engine/Plugins/Runtime/Steam/SteamVR/Content/' was aborted.
[2017.08.29-07.51.22:643][684]LogExit: Object subsystem successfully closed.
[2017.08.29-07.51.22:653][684]LogD3D11RHI: Shutdown
[2017.08.29-07.51.22:653][684]LogD3D11RHI: CleanupD3DDevice
[2017.08.29-07.51.22:739][684]LogD3D11RHI: ~FD3D11DynamicRHI
[2017.08.29-07.51.22:755][684]LogModuleManager: Shutting down and abandoning module BlueprintGraph (544)
[2017.08.29-07.51.22:755][684]LogModuleManager: Shutting down and abandoning module BlueprintProfiler (542)
[2017.08.29-07.51.22:756][684]LogModuleManager: Shutting down and abandoning module SkeletalMeshEditor (540)
[2017.08.29-07.51.22:756][684]LogModuleManager: Shutting down and abandoning module ClothingSystemEditorInterface (538)
[2017.08.29-07.51.22:756][684]LogModuleManager: Shutting down and abandoning module SkeletonEditor (536)
[2017.08.29-07.51.22:756][684]LogModuleManager: Shutting down and abandoning module AnimationEditor (534)
[2017.08.29-07.51.22:756][684]LogModuleManager: Shutting down and abandoning module HierarchicalLODOutliner (532)
[2017.08.29-07.51.22:756][684]LogModuleManager: Shutting down and abandoning module WorldBrowser (530)
[2017.08.29-07.51.22:756][684]LogModuleManager: Shutting down and abandoning module SceneOutliner (528)
[2017.08.29-07.51.22:756][684]LogModuleManager: Shutting down and abandoning module AddContentDialog (526)
[2017.08.29-07.51.22:756][684]LogDirectoryWatcher: A directory notification for 'E:/Ue4/UE_4.17/FeaturePacks/' was aborted.
[2017.08.29-07.51.22:756][684]LogModuleManager: Shutting down and abandoning module WidgetCarousel (525)
[2017.08.29-07.51.22:756][684]LogModuleManager: Shutting down and abandoning module EditorWidgets (522)
[2017.08.29-07.51.22:757][684]LogModuleManager: Shutting down and abandoning module CollectionManager (520)
[2017.08.29-07.51.22:757][684]LogDirectoryWatcher: A directory notification for 'E:/CombatGame/Content/Collections/' was aborted.
[2017.08.29-07.51.22:757][684]LogDirectoryWatcher: A directory notification for 'E:/CombatGame/Content/Developers/Administrator/Collections/' was aborted.
[2017.08.29-07.51.22:757][684]LogDirectoryWatcher: A directory notification for 'E:/CombatGame/Saved/Collections/' was aborted.
[2017.08.29-07.51.22:757][684]LogModuleManager: Shutting down and abandoning module StatsViewer (518)
[2017.08.29-07.51.22:757][684]LogModuleManager: Shutting down and abandoning module FoliageEdit (516)
[2017.08.29-07.51.22:757][684]LogModuleManager: Shutting down and abandoning module LandscapeEditor (514)
[2017.08.29-07.51.22:757][684]LogModuleManager: Shutting down and abandoning module MeshPaintMode (512)
[2017.08.29-07.51.22:757][684]LogModuleManager: Shutting down and abandoning module SceneDepthPickerMode (510)
[2017.08.29-07.51.22:757][684]LogModuleManager: Shutting down and abandoning module ActorPickerMode (508)
[2017.08.29-07.51.22:757][684]LogModuleManager: Shutting down and abandoning module GeometryMode (506)
[2017.08.29-07.51.22:757][684]LogModuleManager: Shutting down and abandoning module TextureAlignMode (504)
[2017.08.29-07.51.22:757][684]LogModuleManager: Shutting down and abandoning module BspMode (502)
[2017.08.29-07.51.22:757][684]LogModuleManager: Shutting down and abandoning module PIEPreviewDeviceProfileSelector (500)
[2017.08.29-07.51.22:757][684]LogModuleManager: Shutting down and abandoning module HardwareSurvey (498)
[2017.08.29-07.51.22:757][684]LogModuleManager: Shutting down and abandoning module SequenceRecorderSections (496)
[2017.08.29-07.51.22:757][684]LogModuleManager: Shutting down and abandoning module AutomationWorker (494)
[2017.08.29-07.51.22:757][684]LogModuleManager: Shutting down and abandoning module MatineeToLevelSequence (492)
[2017.08.29-07.51.22:757][684]LogModuleManager: Shutting down and abandoning module LevelSequenceEditor (490)
[2017.08.29-07.51.22:757][684]LogModuleManager: Shutting down and abandoning module PlacementMode (489)
[2017.08.29-07.51.22:757][684]LogModuleManager: Shutting down and abandoning module WmfMediaFactory (486)
[2017.08.29-07.51.22:757][684]LogModuleManager: Shutting down and abandoning module WmfMediaEditor (484)
[2017.08.29-07.51.22:757][684]LogModuleManager: Shutting down and abandoning module AvfMediaFactory (482)
[2017.08.29-07.51.22:757][684]LogModuleManager: Shutting down and abandoning module AvfMediaEditor (480)
[2017.08.29-07.51.22:757][684]LogModuleManager: Shutting down and abandoning module AndroidMediaFactory (478)
[2017.08.29-07.51.22:757][684]LogModuleManager: Shutting down and abandoning module Media (477)
[2017.08.29-07.51.22:757][684]LogModuleManager: Shutting down and abandoning module AndroidMediaEditor (474)
[2017.08.29-07.51.22:757][684]LogModuleManager: Shutting down and abandoning module CharacterAI (472)
[2017.08.29-07.51.22:757][684]LogModuleManager: Shutting down and abandoning module AudioCapture (470)
[2017.08.29-07.51.22:757][684]LogModuleManager: Shutting down and abandoning module SequenceRecorder (469)
[2017.08.29-07.51.22:757][684]LogModuleManager: Shutting down and abandoning module SmartSnapping (466)
[2017.08.29-07.51.22:757][684]LogModuleManager: Shutting down and abandoning module SessionServices (464)
[2017.08.29-07.51.22:757][684]LogModuleManager: Shutting down and abandoning module ViewportSnapping (462)
[2017.08.29-07.51.22:757][684]LogModuleManager: Shutting down and abandoning module ViewportInteraction (460)
[2017.08.29-07.51.22:757][684]LogModuleManager: Shutting down and abandoning module ClothPainter (458)
[2017.08.29-07.51.22:758][684]LogModuleManager: Shutting down and abandoning module LogVisualizer (456)
[2017.08.29-07.51.22:758][684]LogModuleManager: Shutting down and abandoning module IntroTutorials (454)
[2017.08.29-07.51.22:758][684]LogModuleManager: Shutting down and abandoning module GameProjectGeneration (453)
[2017.08.29-07.51.22:758][684]LogModuleManager: Shutting down and abandoning module IOSPlatformEditor (450)
[2017.08.29-07.51.22:758][684]LogModuleManager: Shutting down and abandoning module HTML5PlatformEditor (448)
[2017.08.29-07.51.22:758][684]LogModuleManager: Shutting down and abandoning module AndroidPlatformEditor (446)
[2017.08.29-07.51.22:758][684]LogModuleManager: Shutting down and abandoning module AndroidDeviceDetection (445)
[2017.08.29-07.51.22:882][684]LogModuleManager: Shutting down and abandoning module WindowsPlatformEditor (442)
[2017.08.29-07.51.22:882][684]LogModuleManager: Shutting down and abandoning module IOSRuntimeSettings (440)
[2017.08.29-07.51.22:882][684]LogModuleManager: Shutting down and abandoning module AndroidRuntimeSettings (438)
[2017.08.29-07.51.22:882][684]LogModuleManager: Shutting down and abandoning module InputBindingEditor (436)
[2017.08.29-07.51.22:882][684]LogModuleManager: Shutting down and abandoning module MergeActors (434)
[2017.08.29-07.51.22:882][684]LogModuleManager: Shutting down and abandoning module SizeMap (432)
[2017.08.29-07.51.22:882][684]LogModuleManager: Shutting down and abandoning module TreeMap (430)
[2017.08.29-07.51.22:882][684]LogModuleManager: Shutting down and abandoning module ReferenceViewer (428)
[2017.08.29-07.51.22:882][684]LogModuleManager: Shutting down and abandoning module LocalizationDashboard (426)
[2017.08.29-07.51.22:882][684]LogModuleManager: Shutting down and abandoning module LocalizationService (425)
[2017.08.29-07.51.22:882][684]LogModuleManager: Shutting down and abandoning module HardwareTargeting (422)
[2017.08.29-07.51.22:882][684]LogModuleManager: Shutting down and abandoning module DeviceProfileEditor (420)
[2017.08.29-07.51.22:882][684]LogModuleManager: Shutting down and abandoning module UndoHistory (418)
[2017.08.29-07.51.22:882][684]LogModuleManager: Shutting down and abandoning module XmlParser (416)
[2017.08.29-07.51.22:882][684]LogModuleManager: Shutting down and abandoning module Blutility (414)
[2017.08.29-07.51.22:882][684]LogModuleManager: Shutting down and abandoning module ProjectSettingsViewer (412)
[2017.08.29-07.51.22:882][684]LogModuleManager: Shutting down and abandoning module ProjectTargetPlatformEditor (411)
[2017.08.29-07.51.22:883][684]LogModuleManager: Shutting down and abandoning module EditorSettingsViewer (408)
[2017.08.29-07.51.22:883][684]LogModuleManager: Shutting down and abandoning module SettingsEditor (406)
[2017.08.29-07.51.22:883][684]LogModuleManager: Shutting down and abandoning module ProjectLauncher (404)
[2017.08.29-07.51.22:883][684]LogModuleManager: Shutting down and abandoning module SessionFrontend (402)
[2017.08.29-07.51.22:883][684]LogModuleManager: Shutting down and abandoning module ProfilerClient (400)
[2017.08.29-07.51.22:883][684]LogModuleManager: Shutting down and abandoning module DeviceManager (398)
[2017.08.29-07.51.22:883][684]LogModuleManager: Shutting down and abandoning module TargetDeviceServices (397)
[2017.08.29-07.51.22:936][684]LogModuleManager: Shutting down and abandoning module AutomationController (394)
[2017.08.29-07.51.22:936][684]LogModuleManager: Shutting down and abandoning module AutomationWindow (392)
[2017.08.29-07.51.22:936][684]LogModuleManager: Shutting down and abandoning module Layers (390)
[2017.08.29-07.51.22:936][684]LogModuleManager: Shutting down and abandoning module ComponentVisualizers (388)
[2017.08.29-07.51.22:936][684]LogModuleManager: Shutting down and abandoning module DetailCustomizations (386)
[2017.08.29-07.51.22:936][684]LogModuleManager: Shutting down and abandoning module PackagesDialog (384)
[2017.08.29-07.51.22:936][684]LogModuleManager: Shutting down and abandoning module Persona (382)
[2017.08.29-07.51.22:936][684]LogModuleManager: Shutting down and abandoning module AdvancedPreviewScene (381)
[2017.08.29-07.51.22:936][684]LogModuleManager: Shutting down and abandoning module AnimGraph (379)
[2017.08.29-07.51.22:936][684]LogModuleManager: Shutting down and abandoning module Kismet (376)
[2017.08.29-07.51.22:944][684]LogModuleManager: Shutting down and abandoning module ClassViewer (374)
[2017.08.29-07.51.22:944][684]LogModuleManager: Shutting down and abandoning module Toolbox (372)
[2017.08.29-07.51.22:944][684]LogModuleManager: Shutting down and abandoning module ModuleUI (370)
[2017.08.29-07.51.22:944][684]LogModuleManager: Shutting down and abandoning module MovieSceneTools (368)
[2017.08.29-07.51.22:944][684]LogModuleManager: Shutting down and abandoning module OutputLog (366)
[2017.08.29-07.51.22:944][684]LogModuleManager: Shutting down and abandoning module GammaUI (364)
[2017.08.29-07.51.22:944][684]LogModuleManager: Shutting down and abandoning module Documentation (362)
[2017.08.29-07.51.22:944][684]LogModuleManager: Shutting down and abandoning module MovieSceneTracks (360)
[2017.08.29-07.51.22:944][684]LogModuleManager: Shutting down and abandoning module MovieScene (358)
[2017.08.29-07.51.22:944][684]LogModuleManager: Shutting down and abandoning module Niagara (356)
[2017.08.29-07.51.22:944][684]LogModuleManager: Shutting down and abandoning module NiagaraEditor (355)
[2017.08.29-07.51.22:944][684]LogModuleManager: Shutting down and abandoning module StreamingPauseRendering (352)
[2017.08.29-07.51.22:944][684]LogModuleManager: Shutting down and abandoning module LauncherPlatform (350)
[2017.08.29-07.51.22:944][684]LogModuleManager: Shutting down and abandoning module AnalyticsET (348)
[2017.08.29-07.51.22:944][684]LogModuleManager: Shutting down and abandoning module PortalServices (346)
[2017.08.29-07.51.22:944][684]LogModuleManager: Shutting down and abandoning module PortalRpc (344)
[2017.08.29-07.51.22:944][684]LogModuleManager: Shutting down and abandoning module MessagingRpc (342)
[2017.08.29-07.51.22:944][684]LogModuleManager: Shutting down and abandoning module AIModule (340)
[2017.08.29-07.51.22:944][684]LogModuleManager: Shutting down and abandoning module GameplayDebugger (339)
[2017.08.29-07.51.22:944][684]LogModuleManager: Shutting down and abandoning module AITestSuite (337)
[2017.08.29-07.51.22:944][684]LogModuleManager: Shutting down and abandoning module ProfilerService (334)
[2017.08.29-07.51.23:194][684]LogModuleManager: Shutting down and abandoning module TaskGraph (332)
[2017.08.29-07.51.23:194][684]LogModuleManager: Shutting down and abandoning module SteamVRController (330)
[2017.08.29-07.51.23:194][684]LogModuleManager: Shutting down and abandoning module ProceduralMeshComponentEditor (328)
[2017.08.29-07.51.23:194][684]LogModuleManager: Shutting down and abandoning module ProceduralMeshComponent (326)
[2017.08.29-07.51.23:194][684]LogModuleManager: Shutting down and abandoning module OculusInput (324)
[2017.08.29-07.51.23:194][684]LogModuleManager: Shutting down and abandoning module MobilePatchingUtils (322)
[2017.08.29-07.51.23:194][684]LogModuleManager: Shutting down and abandoning module CustomMeshComponent (320)
[2017.08.29-07.51.23:194][684]LogModuleManager: Shutting down and abandoning module CableComponent (318)
[2017.08.29-07.51.23:194][684]LogModuleManager: Shutting down and abandoning module ArchVisCharacter (316)
[2017.08.29-07.51.23:194][684]LogModuleManager: Shutting down and abandoning module AndroidPermission (314)
[2017.08.29-07.51.23:194][684]LogModuleManager: Shutting down and abandoning module MediaPlayerEditor (310)
[2017.08.29-07.51.23:194][684]LogModuleManager: Shutting down and abandoning module HTML5Networking (308)
[2017.08.29-07.51.23:194][684]LogModuleManager: Shutting down and abandoning module AlembicImporter (306)
[2017.08.29-07.51.23:194][684]LogModuleManager: Shutting down and abandoning module AlembicLibrary (305)
[2017.08.29-07.51.23:194][684]LogModuleManager: Shutting down and abandoning module GeometryCache (304)
[2017.08.29-07.51.23:194][684]LogModuleManager: Shutting down and abandoning module GeometryCacheEd (303)
[2017.08.29-07.51.23:194][684]LogModuleManager: Shutting down and abandoning module SpeedTreeImporter (298)
[2017.08.29-07.51.23:194][684]LogModuleManager: Shutting down and abandoning module PluginBrowser (296)
[2017.08.29-07.51.23:194][684]LogModuleManager: Shutting down and abandoning module MobileLauncherProfileWizard (294)
[2017.08.29-07.51.23:194][684]LogModuleManager: Shutting down and abandoning module VisualStudioSourceCodeAccess (292)
[2017.08.29-07.51.23:194][684]LogModuleManager: Shutting down and abandoning module DesktopPlatform (291)
[2017.08.29-07.51.23:194][684]LogModuleManager: Shutting down and abandoning module UObjectPlugin (288)
[2017.08.29-07.51.23:194][684]LogModuleManager: Shutting down and abandoning module SubversionSourceControl (286)
[2017.08.29-07.51.23:194][684]LogModuleManager: Shutting down and abandoning module PerforceSourceControl (284)
[2017.08.29-07.51.23:194][684]LogModuleManager: Shutting down and abandoning module GitSourceControl (282)
[2017.08.29-07.51.23:194][684]LogModuleManager: Shutting down and abandoning module SourceControl (281)
[2017.08.29-07.51.23:194][684]LogModuleManager: Shutting down and abandoning module LightPropagationVolumeEditor (278)
[2017.08.29-07.51.23:194][684]LogModuleManager: Shutting down and abandoning module PaperTiledImporter (276)
[2017.08.29-07.51.23:194][684]LogModuleManager: Shutting down and abandoning module PaperSpriteSheetImporter (274)
[2017.08.29-07.51.23:194][684]LogModuleManager: Shutting down and abandoning module Paper2DEditor (272)
[2017.08.29-07.51.23:194][684]LogModuleManager: Shutting down and abandoning module MeshPaint (271)
[2017.08.29-07.51.23:194][684]LogModuleManager: Shutting down and abandoning module LevelEditor (269)
[2017.08.29-07.51.23:195][684]LogModuleManager: Shutting down and abandoning module PixelInspectorModule (268)
[2017.08.29-07.51.23:195][684]LogModuleManager: Shutting down and abandoning module MainFrame (266)
[2017.08.29-07.51.23:195][684]LogModuleManager: Shutting down and abandoning module HotReload (265)
[2017.08.29-07.51.23:195][684]LogModuleManager: Shutting down and abandoning module RuntimePhysXCooking (260)
[2017.08.29-07.51.23:195][684]LogModuleManager: Shutting down and abandoning module PhysXVehiclesEditor (258)
[2017.08.29-07.51.23:195][684]LogModuleManager: Shutting down and abandoning module PhysXVehicles (256)
[2017.08.29-07.51.23:196][684]LogModuleManager: Shutting down and abandoning module OculusEditor (254)
[2017.08.29-07.51.23:196][684]LogModuleManager: Shutting down and abandoning module LocationServicesBPLibrary (252)
[2017.08.29-07.51.23:196][684]LogModuleManager: Shutting down and abandoning module ImmediatePhysicsEditor (250)
[2017.08.29-07.51.23:196][684]LogModuleManager: Shutting down and abandoning module ImmediatePhysics (248)
[2017.08.29-07.51.23:196][684]LogModuleManager: Shutting down and abandoning module UdpMessaging (246)
[2017.08.29-07.51.23:296][684]LogModuleManager: Shutting down and abandoning module TcpMessaging (244)
[2017.08.29-07.51.23:396][684]LogModuleManager: Shutting down and abandoning module GameplayTagsEditor (242)
[2017.08.29-07.51.23:396][684]LogModuleManager: Shutting down and abandoning module FacialAnimationEditor (240)
[2017.08.29-07.51.23:396][684]LogModuleManager: Shutting down and abandoning module FacialAnimation (238)
[2017.08.29-07.51.23:396][684]LogModuleManager: Shutting down and abandoning module AssetManagerEditor (236)
[2017.08.29-07.51.23:396][684]LogModuleManager: Shutting down and abandoning module GraphEditor (235)
[2017.08.29-07.51.23:396][684]LogModuleManager: Shutting down and abandoning module ContentBrowser (233)
[2017.08.29-07.51.23:397][684]LogModuleManager: Shutting down and abandoning module LightPropagationVolumeRuntime (230)
[2017.08.29-07.51.23:397][684]LogModuleManager: Shutting down and abandoning module Paper2D (228)
[2017.08.29-07.51.23:397][684]LogModuleManager: Shutting down and abandoning module WindowsMoviePlayer (226)
[2017.08.29-07.51.23:397][684]LogModuleManager: Shutting down and abandoning module WmfMedia (224)
[2017.08.29-07.51.23:398][684]LogModuleManager: Shutting down and abandoning module PacketHandler (222)
[2017.08.29-07.51.23:398][684]LogModuleManager: Shutting down and abandoning module ClothingSystemEditor (220)
[2017.08.29-07.51.23:398][684]LogModuleManager: Shutting down and abandoning module ClothingSystemRuntime (218)
[2017.08.29-07.51.23:398][684]LogModuleManager: Shutting down and abandoning module Overlay (216)
[2017.08.29-07.51.23:398][684]LogModuleManager: Shutting down and abandoning module OverlayEditor (215)
[2017.08.29-07.51.23:398][684]LogModuleManager: Shutting down and abandoning module MediaAssets (212)
[2017.08.29-07.51.23:398][684]LogModuleManager: Shutting down and abandoning module VREditor (210)
[2017.08.29-07.51.23:398][684]LogModuleManager: Shutting down and abandoning module StringTableEditor (208)
[2017.08.29-07.51.23:398][684]LogModuleManager: Shutting down and abandoning module GameplayTasksEditor (206)
[2017.08.29-07.51.23:398][684]LogModuleManager: Shutting down and abandoning module BehaviorTreeEditor (204)
[2017.08.29-07.51.23:398][684]LogModuleManager: Shutting down and abandoning module FunctionalTesting (202)
[2017.08.29-07.51.23:398][684]LogModuleManager: Shutting down and abandoning module CollisionAnalyzer (200)
[2017.08.29-07.51.23:398][684]LogModuleManager: Shutting down and abandoning module WorkspaceMenuStructure (199)
[2017.08.29-07.51.23:398][684]LogModuleManager: Shutting down and abandoning module UMG (196)
[2017.08.29-07.51.23:398][684]LogModuleManager: Shutting down and abandoning module UMGEditor (195)
[2017.08.29-07.51.23:398][684]LogModuleManager: Shutting down and abandoning module Sequencer (194)
[2017.08.29-07.51.23:398][684]LogModuleManager: Shutting down and abandoning module MessageLog (191)
[2017.08.29-07.51.23:398][684]LogModuleManager: Shutting down and abandoning module SlateReflector (186)
[2017.08.29-07.51.23:398][684]LogModuleManager: Shutting down and abandoning module Slate (184)
[2017.08.29-07.51.23:398][684]LogModuleManager: Shutting down and abandoning module EditorStyle (182)
[2017.08.29-07.51.23:400][684]LogModuleManager: Shutting down and abandoning module MRMesh (180)
[2017.08.29-07.51.23:400][684]LogModuleManager: Shutting down and abandoning module SourceCodeAccess (178)
[2017.08.29-07.51.23:400][684]LogModuleManager: Shutting down and abandoning module HeadMountedDisplay (176)
[2017.08.29-07.51.23:400][684]LogModuleManager: Shutting down and abandoning module XAudio2 (174)
[2017.08.29-07.51.23:400][684]LogModuleManager: Shutting down and abandoning module Networking (172)
[2017.08.29-07.51.23:400][684]LogModuleManager: Shutting down and abandoning module Core (168)
[2017.08.29-07.51.23:400][684]LogModuleManager: Shutting down and abandoning module KismetCompiler (164)
[2017.08.29-07.51.23:400][684]LogModuleManager: Shutting down and abandoning module LevelSequence (162)
[2017.08.29-07.51.23:400][684]LogModuleManager: Shutting down and abandoning module MeshUtilities (160)
[2017.08.29-07.51.23:400][684]LogModuleManager: Shutting down and abandoning module MeshMergeUtilities (159)
[2017.08.29-07.51.23:400][684]LogModuleManager: Shutting down and abandoning module MeshReductionInterface (158)
[2017.08.29-07.51.23:400][684]LogModuleManager: Shutting down and abandoning module SimplygonSwarm (157)
[2017.08.29-07.51.23:400][684]LogModuleManager: Shutting down and abandoning module SimplygonMeshReduction (155)
[2017.08.29-07.51.23:400][684]LogModuleManager: Shutting down and abandoning module QuadricMeshReduction (153)
[2017.08.29-07.51.23:400][684]LogModuleManager: Shutting down and abandoning module MaterialBaking (149)
[2017.08.29-07.51.23:400][684]LogModuleManager: Shutting down and abandoning module DirectoryWatcher (146)
[2017.08.29-07.51.23:401][684]LogModuleManager: Shutting down and abandoning module DerivedDataCache (144)
[2017.08.29-07.51.23:423][684]LogDerivedDataCache: Shutdown
[2017.08.29-07.51.23:423][684]LogModuleManager: Shutting down and abandoning module TargetPlatform (142)
[2017.08.29-07.51.23:423][684]LogModuleManager: Shutting down and abandoning module VulkanShaderFormat (141)
[2017.08.29-07.51.23:423][684]LogModuleManager: Shutting down and abandoning module ShaderFormatVectorVM (139)
[2017.08.29-07.51.23:423][684]LogModuleManager: Shutting down and abandoning module ShaderFormatOpenGL (137)
[2017.08.29-07.51.23:423][684]LogModuleManager: Shutting down and abandoning module ShaderFormatD3D (135)
[2017.08.29-07.51.23:423][684]LogModuleManager: Shutting down and abandoning module MetalShaderFormat (133)
[2017.08.29-07.51.23:423][684]LogModuleManager: Shutting down and abandoning module TextureFormatUncompressed (131)
[2017.08.29-07.51.23:423][684]LogModuleManager: Shutting down and abandoning module TextureFormatPVR (129)
[2017.08.29-07.51.23:423][684]LogModuleManager: Shutting down and abandoning module TextureFormatDXT (127)
[2017.08.29-07.51.23:423][684]LogModuleManager: Shutting down and abandoning module TextureFormatIntelISPCTexComp (125)
[2017.08.29-07.51.23:423][684]LogModuleManager: Shutting down and abandoning module TextureFormatASTC (123)
[2017.08.29-07.51.23:423][684]LogModuleManager: Shutting down and abandoning module ImageWrapper (122)
[2017.08.29-07.51.23:423][684]LogModuleManager: Shutting down and abandoning module TextureFormatAndroid (119)
[2017.08.29-07.51.23:423][684]LogModuleManager: Shutting down and abandoning module AudioFormatOpus (117)
[2017.08.29-07.51.23:423][684]LogModuleManager: Shutting down and abandoning module AudioFormatOgg (115)
[2017.08.29-07.51.23:423][684]LogModuleManager: Shutting down and abandoning module AudioFormatADPCM (113)
[2017.08.29-07.51.23:423][684]LogModuleManager: Shutting down and abandoning module LinuxTargetPlatform (111)
[2017.08.29-07.51.23:424][684]LogModuleManager: Shutting down and abandoning module LinuxServerTargetPlatform (109)
[2017.08.29-07.51.23:424][684]LogModuleManager: Shutting down and abandoning module LinuxNoEditorTargetPlatform (107)
[2017.08.29-07.51.23:424][684]LogModuleManager: Shutting down and abandoning module LinuxClientTargetPlatform (105)
[2017.08.29-07.51.23:424][684]LogModuleManager: Shutting down and abandoning module TVOSTargetPlatform (103)
[2017.08.29-07.51.23:424][684]LogModuleManager: Shutting down and abandoning module Messaging (101)
[2017.08.29-07.51.23:424][684]LogModuleManager: Shutting down and abandoning module IOSTargetPlatform (99)
[2017.08.29-07.51.23:424][684]LogModuleManager: Shutting down and abandoning module HTML5TargetPlatform (97)
[2017.08.29-07.51.23:424][684]LogModuleManager: Shutting down and abandoning module Android_PVRTCTargetPlatform (95)
[2017.08.29-07.51.23:424][684]LogModuleManager: Shutting down and abandoning module Android_MultiTargetPlatform (93)
[2017.08.29-07.51.23:424][684]LogModuleManager: Shutting down and abandoning module Android_ETC2TargetPlatform (91)
[2017.08.29-07.51.23:424][684]LogModuleManager: Shutting down and abandoning module Android_ETC1TargetPlatform (89)
[2017.08.29-07.51.23:424][684]LogModuleManager: Shutting down and abandoning module Android_DXTTargetPlatform (87)
[2017.08.29-07.51.23:424][684]LogModuleManager: Shutting down and abandoning module Android_ATCTargetPlatform (85)
[2017.08.29-07.51.23:424][684]LogModuleManager: Shutting down and abandoning module Android_ASTCTargetPlatform (83)
[2017.08.29-07.51.23:424][684]LogModuleManager: Shutting down and abandoning module AndroidTargetPlatform (81)
[2017.08.29-07.51.23:424][684]LogModuleManager: Shutting down and abandoning module WindowsTargetPlatform (79)
[2017.08.29-07.51.23:424][684]LogModuleManager: Shutting down and abandoning module WindowsServerTargetPlatform (77)
[2017.08.29-07.51.23:424][684]LogModuleManager: Shutting down and abandoning module WindowsNoEditorTargetPlatform (75)
[2017.08.29-07.51.23:424][684]LogModuleManager: Shutting down and abandoning module WindowsClientTargetPlatform (73)
[2017.08.29-07.51.23:424][684]LogModuleManager: Shutting down and abandoning module MacTargetPlatform (71)
[2017.08.29-07.51.23:424][684]LogModuleManager: Shutting down and abandoning module MacServerTargetPlatform (69)
[2017.08.29-07.51.23:424][684]LogModuleManager: Shutting down and abandoning module MacNoEditorTargetPlatform (67)
[2017.08.29-07.51.23:424][684]LogModuleManager: Shutting down and abandoning module MacClientTargetPlatform (65)
[2017.08.29-07.51.23:424][684]LogModuleManager: Shutting down and abandoning module AllDesktopTargetPlatform (63)
[2017.08.29-07.51.23:424][684]LogModuleManager: Shutting down and abandoning module InputCore (60)
[2017.08.29-07.51.23:424][684]LogModuleManager: Shutting down and abandoning module Settings (58)
[2017.08.29-07.51.23:424][684]LogModuleManager: Shutting down and abandoning module PhysXCooking (56)
[2017.08.29-07.51.23:424][684]LogModuleManager: Shutting down and abandoning module SteamVR (54)
[2017.08.29-07.51.23:424][684]LogModuleManager: Shutting down and abandoning module OculusHMD (52)
[2017.08.29-07.51.23:424][684]LogModuleManager: Shutting down and abandoning module ExampleDeviceProfileSelector (50)
[2017.08.29-07.51.23:424][684]LogModuleManager: Shutting down and abandoning module OnlineBlueprintSupport (48)
[2017.08.29-07.51.23:424][684]LogModuleManager: Shutting down and abandoning module OnlineSubsystem (44)
[2017.08.29-07.51.23:424][684]LogOnline: Display: Unloading online subsystem: NULL
[2017.08.29-07.51.23:424][684]LogModuleManager: Shutting down and abandoning module XMPP (43)
[2017.08.29-07.51.23:424][684]LogModuleManager: Shutting down and abandoning module HTTP (41)
[2017.08.29-07.51.23:424][684]LogHttp: Display: Http module shutting down, but needs to wait on 1 outstanding Http requests:
[2017.08.29-07.51.23:424][684]LogHttp: Display: 	verb=[POST] url=[https://datarouter.ol.epicgames.com/datarouter/api/v1/public/data?SessionID=%7BE172AE71-4EE4-47BF-9F72-26AA307A3769%7D&AppID=UEEditor.Rocket.Release&AppVersion=4.17.1-3586342%2B%2B%2BUE4%2BRelease-4.17&UserID=893b13354ca6821d545100aecee18ca8%7Ce231fa7e2a0545af83bd668649ed2b81%7Cd595b111-d967-453b-91cb-b8ad080fc7f7&AppEnvironment=datacollector-binary&UploadType=eteventstream] status=Processing
[2017.08.29-07.51.23:429][684]LogModuleManager: Shutting down and abandoning module SSL (40)
[2017.08.29-07.51.23:430][684]LogModuleManager: Shutting down and abandoning module AnimationModifiers (36)
[2017.08.29-07.51.23:438][684]LogModuleManager: Shutting down and abandoning module PropertyEditor (35)
[2017.08.29-07.51.23:438][684]LogModuleManager: Shutting down and abandoning module AudioEditor (32)
[2017.08.29-07.51.23:438][684]LogModuleManager: Shutting down and abandoning module TextureCompressor (30)
[2017.08.29-07.51.23:438][684]LogModuleManager: Shutting down and abandoning module ShaderCore (28)
[2017.08.29-07.51.23:438][684]LogModuleManager: Shutting down and abandoning module Landscape (26)
[2017.08.29-07.51.23:438][684]LogModuleManager: Shutting down and abandoning module SlateRHIRenderer (24)
[2017.08.29-07.51.23:439][684]LogModuleManager: Shutting down and abandoning module OpenGLDrv (22)
[2017.08.29-07.51.23:439][684]LogModuleManager: Shutting down and abandoning module D3D11RHI (20)
[2017.08.29-07.51.23:439][684]LogModuleManager: Shutting down and abandoning module AnimGraphRuntime (18)
[2017.08.29-07.51.23:439][684]LogModuleManager: Shutting down and abandoning module Renderer (16)
[2017.08.29-07.51.23:439][684]LogModuleManager: Shutting down and abandoning module Engine (14)
[2017.08.29-07.51.23:439][684]LogModuleManager: Shutting down and abandoning module CoreUObject (12)
[2017.08.29-07.51.23:439][684]LogModuleManager: Shutting down and abandoning module NetworkFile (10)
[2017.08.29-07.51.23:439][684]LogModuleManager: Shutting down and abandoning module CookedIterativeFile (8)
[2017.08.29-07.51.23:439][684]LogModuleManager: Shutting down and abandoning module StreamingFile (6)
[2017.08.29-07.51.23:439][684]LogModuleManager: Shutting down and abandoning module SandboxFile (4)
[2017.08.29-07.51.23:439][684]LogModuleManager: Shutting down and abandoning module PakFile (2)
[2017.08.29-07.51.23:442][684]LogExit: Exiting.
[2017.08.29-07.51.23:449][684]Log file closed, 08/29/17 15:51:23
